running egg_info
creating ../../build/ai_robot_core/ai_robot_core.egg-info
writing ../../build/ai_robot_core/ai_robot_core.egg-info/PKG-INFO
writing dependency_links to ../../build/ai_robot_core/ai_robot_core.egg-info/dependency_links.txt
writing entry points to ../../build/ai_robot_core/ai_robot_core.egg-info/entry_points.txt
writing requirements to ../../build/ai_robot_core/ai_robot_core.egg-info/requires.txt
writing top-level names to ../../build/ai_robot_core/ai_robot_core.egg-info/top_level.txt
writing manifest file '../../build/ai_robot_core/ai_robot_core.egg-info/SOURCES.txt'
reading manifest file '../../build/ai_robot_core/ai_robot_core.egg-info/SOURCES.txt'
writing manifest file '../../build/ai_robot_core/ai_robot_core.egg-info/SOURCES.txt'
running build
running build_py
creating /home/sex/Synapse/ai_robot_ws/build/ai_robot_core/build
creating /home/sex/Synapse/ai_robot_ws/build/ai_robot_core/build/lib
creating /home/sex/Synapse/ai_robot_ws/build/ai_robot_core/build/lib/ui
copying ui/robot_ui_plugin.py -> /home/sex/Synapse/ai_robot_ws/build/ai_robot_core/build/lib/ui
copying ui/__init__.py -> /home/sex/Synapse/ai_robot_ws/build/ai_robot_core/build/lib/ui
creating /home/sex/Synapse/ai_robot_ws/build/ai_robot_core/build/lib/nodes
copying nodes/person_follower_node.py -> /home/sex/Synapse/ai_robot_ws/build/ai_robot_core/build/lib/nodes
copying nodes/face_recognition_node.py -> /home/sex/Synapse/ai_robot_ws/build/ai_robot_core/build/lib/nodes
copying nodes/memory_manager_node.py -> /home/sex/Synapse/ai_robot_ws/build/ai_robot_core/build/lib/nodes
copying nodes/interaction_manager_node.py -> /home/sex/Synapse/ai_robot_ws/build/ai_robot_core/build/lib/nodes
copying nodes/emotion_engine_node.py -> /home/sex/Synapse/ai_robot_ws/build/ai_robot_core/build/lib/nodes
copying nodes/__init__.py -> /home/sex/Synapse/ai_robot_ws/build/ai_robot_core/build/lib/nodes
running install
running install_lib
creating /home/sex/Synapse/ai_robot_ws/install/ai_robot_core/lib/python3.10/site-packages/ui
copying /home/sex/Synapse/ai_robot_ws/build/ai_robot_core/build/lib/ui/robot_ui_plugin.py -> /home/sex/Synapse/ai_robot_ws/install/ai_robot_core/lib/python3.10/site-packages/ui
copying /home/sex/Synapse/ai_robot_ws/build/ai_robot_core/build/lib/ui/__init__.py -> /home/sex/Synapse/ai_robot_ws/install/ai_robot_core/lib/python3.10/site-packages/ui
creating /home/sex/Synapse/ai_robot_ws/install/ai_robot_core/lib/python3.10/site-packages/nodes
copying /home/sex/Synapse/ai_robot_ws/build/ai_robot_core/build/lib/nodes/person_follower_node.py -> /home/sex/Synapse/ai_robot_ws/install/ai_robot_core/lib/python3.10/site-packages/nodes
copying /home/sex/Synapse/ai_robot_ws/build/ai_robot_core/build/lib/nodes/face_recognition_node.py -> /home/sex/Synapse/ai_robot_ws/install/ai_robot_core/lib/python3.10/site-packages/nodes
copying /home/sex/Synapse/ai_robot_ws/build/ai_robot_core/build/lib/nodes/memory_manager_node.py -> /home/sex/Synapse/ai_robot_ws/install/ai_robot_core/lib/python3.10/site-packages/nodes
copying /home/sex/Synapse/ai_robot_ws/build/ai_robot_core/build/lib/nodes/interaction_manager_node.py -> /home/sex/Synapse/ai_robot_ws/install/ai_robot_core/lib/python3.10/site-packages/nodes
copying /home/sex/Synapse/ai_robot_ws/build/ai_robot_core/build/lib/nodes/emotion_engine_node.py -> /home/sex/Synapse/ai_robot_ws/install/ai_robot_core/lib/python3.10/site-packages/nodes
copying /home/sex/Synapse/ai_robot_ws/build/ai_robot_core/build/lib/nodes/__init__.py -> /home/sex/Synapse/ai_robot_ws/install/ai_robot_core/lib/python3.10/site-packages/nodes
byte-compiling /home/sex/Synapse/ai_robot_ws/install/ai_robot_core/lib/python3.10/site-packages/ui/robot_ui_plugin.py to robot_ui_plugin.cpython-310.pyc
byte-compiling /home/sex/Synapse/ai_robot_ws/install/ai_robot_core/lib/python3.10/site-packages/ui/__init__.py to __init__.cpython-310.pyc
byte-compiling /home/sex/Synapse/ai_robot_ws/install/ai_robot_core/lib/python3.10/site-packages/nodes/person_follower_node.py to person_follower_node.cpython-310.pyc
byte-compiling /home/sex/Synapse/ai_robot_ws/install/ai_robot_core/lib/python3.10/site-packages/nodes/face_recognition_node.py to face_recognition_node.cpython-310.pyc
byte-compiling /home/sex/Synapse/ai_robot_ws/install/ai_robot_core/lib/python3.10/site-packages/nodes/memory_manager_node.py to memory_manager_node.cpython-310.pyc
byte-compiling /home/sex/Synapse/ai_robot_ws/install/ai_robot_core/lib/python3.10/site-packages/nodes/interaction_manager_node.py to interaction_manager_node.cpython-310.pyc
byte-compiling /home/sex/Synapse/ai_robot_ws/install/ai_robot_core/lib/python3.10/site-packages/nodes/emotion_engine_node.py to emotion_engine_node.cpython-310.pyc
byte-compiling /home/sex/Synapse/ai_robot_ws/install/ai_robot_core/lib/python3.10/site-packages/nodes/__init__.py to __init__.cpython-310.pyc
running install_data
creating /home/sex/Synapse/ai_robot_ws/install/ai_robot_core/share/ament_index
creating /home/sex/Synapse/ai_robot_ws/install/ai_robot_core/share/ament_index/resource_index
creating /home/sex/Synapse/ai_robot_ws/install/ai_robot_core/share/ament_index/resource_index/packages
copying resource/ai_robot_core -> /home/sex/Synapse/ai_robot_ws/install/ai_robot_core/share/ament_index/resource_index/packages
copying package.xml -> /home/sex/Synapse/ai_robot_ws/install/ai_robot_core/share/ai_robot_core
creating /home/sex/Synapse/ai_robot_ws/install/ai_robot_core/share/ai_robot_core/launch
copying launch/core_sensors.launch.py -> /home/sex/Synapse/ai_robot_ws/install/ai_robot_core/share/ai_robot_core/launch
copying launch/gazebo.launch.py -> /home/sex/Synapse/ai_robot_ws/install/ai_robot_core/share/ai_robot_core/launch
copying launch/full_ai_app.launch.py -> /home/sex/Synapse/ai_robot_ws/install/ai_robot_core/share/ai_robot_core/launch
copying launch/teleop.launch.py -> /home/sex/Synapse/ai_robot_ws/install/ai_robot_core/share/ai_robot_core/launch
copying launch/robot_state_publisher.launch.py -> /home/sex/Synapse/ai_robot_ws/install/ai_robot_core/share/ai_robot_core/launch
copying launch/mapping.launch.py -> /home/sex/Synapse/ai_robot_ws/install/ai_robot_core/share/ai_robot_core/launch
copying launch/navigation.launch.py -> /home/sex/Synapse/ai_robot_ws/install/ai_robot_core/share/ai_robot_core/launch
copying launch/nav2_bringup.launch.py -> /home/sex/Synapse/ai_robot_ws/install/ai_robot_core/share/ai_robot_core/launch
creating /home/sex/Synapse/ai_robot_ws/install/ai_robot_core/share/ai_robot_core/urdf
copying urdf/gazebo_control.xacro -> /home/sex/Synapse/ai_robot_ws/install/ai_robot_core/share/ai_robot_core/urdf
copying urdf/ai_robot.urdf.xacro -> /home/sex/Synapse/ai_robot_ws/install/ai_robot_core/share/ai_robot_core/urdf
creating /home/sex/Synapse/ai_robot_ws/install/ai_robot_core/share/ai_robot_core/worlds
copying worlds/ai_robot_world.world -> /home/sex/Synapse/ai_robot_ws/install/ai_robot_core/share/ai_robot_core/worlds
creating /home/sex/Synapse/ai_robot_ws/install/ai_robot_core/share/ai_robot_core/config
copying config/nav2_params.yaml -> /home/sex/Synapse/ai_robot_ws/install/ai_robot_core/share/ai_robot_core/config
copying config/slam_async.yaml -> /home/sex/Synapse/ai_robot_ws/install/ai_robot_core/share/ai_robot_core/config
copying config/depth_to_scan.yaml -> /home/sex/Synapse/ai_robot_ws/install/ai_robot_core/share/ai_robot_core/config
creating /home/sex/Synapse/ai_robot_ws/install/ai_robot_core/share/ai_robot_core/rviz
copying rviz/ai_robot.rviz -> /home/sex/Synapse/ai_robot_ws/install/ai_robot_core/share/ai_robot_core/rviz
creating /home/sex/Synapse/ai_robot_ws/install/ai_robot_core/share/ai_robot_core/maps
copying maps/my_map.pgm -> /home/sex/Synapse/ai_robot_ws/install/ai_robot_core/share/ai_robot_core/maps
copying maps/my_map.yaml -> /home/sex/Synapse/ai_robot_ws/install/ai_robot_core/share/ai_robot_core/maps
creating /home/sex/Synapse/ai_robot_ws/install/ai_robot_core/share/ai_robot_core/ui
copying ui/robot_ui.ui -> /home/sex/Synapse/ai_robot_ws/install/ai_robot_core/share/ai_robot_core/ui
copying plugin.xml -> /home/sex/Synapse/ai_robot_ws/install/ai_robot_core/share/ai_robot_core
creating /home/sex/Synapse/ai_robot_ws/install/ai_robot_core/share/ai_robot_core/data
copying data/haarcascade_frontalface_default.xml -> /home/sex/Synapse/ai_robot_ws/install/ai_robot_core/share/ai_robot_core/data
running install_egg_info
Copying ../../build/ai_robot_core/ai_robot_core.egg-info to /home/sex/Synapse/ai_robot_ws/install/ai_robot_core/lib/python3.10/site-packages/ai_robot_core-0.0.0-py3.10.egg-info
running install_scripts
Installing emotion_engine_node script to /home/sex/Synapse/ai_robot_ws/install/ai_robot_core/lib/ai_robot_core
Installing face_recognition_node script to /home/sex/Synapse/ai_robot_ws/install/ai_robot_core/lib/ai_robot_core
Installing interaction_manager_node script to /home/sex/Synapse/ai_robot_ws/install/ai_robot_core/lib/ai_robot_core
Installing memory_manager_node script to /home/sex/Synapse/ai_robot_ws/install/ai_robot_core/lib/ai_robot_core
Installing person_follower_node script to /home/sex/Synapse/ai_robot_ws/install/ai_robot_core/lib/ai_robot_core
writing list of installed files to '/home/sex/Synapse/ai_robot_ws/build/ai_robot_core/install.log'
