[0.704s] Invoking command in '/home/sex/Synapse/ai_robot_ws/src/ai_robot_core': CMAKE_PREFIX_PATH=/home/sex/Synapse/ai_robot_ws/install/ai_robot_msgs LD_LIBRARY_PATH=/home/sex/Synapse/ai_robot_ws/install/ai_robot_msgs/lib:${LD_LIBRARY_PATH} PKG_CONFIG_PATH=/home/sex/Synapse/ai_robot_ws/install/ai_robot_msgs/lib/x86_64-linux-gnu/pkgconfig:/home/sex/Synapse/ai_robot_ws/install/ai_robot_msgs/lib/pkgconfig PYTHONPATH=/home/sex/Synapse/ai_robot_ws/build/ai_robot_core/prefix_override:/usr/lib/python3/dist-packages/colcon_core/task/python/colcon_distutils_commands:/home/sex/Synapse/ai_robot_ws/install/ai_robot_core/lib/python3.10/site-packages:/home/sex/Synapse/ai_robot_ws/install/ai_robot_msgs/local/lib/python3.10/dist-packages:${PYTHONPATH} ROS_PACKAGE_PATH=/home/sex/Synapse/ai_robot_ws/install/ai_robot_msgs/share /usr/bin/python3 -W ignore:setup.py install is deprecated -W ignore:easy_install command is deprecated setup.py egg_info --egg-base ../../build/ai_robot_core build --build-base /home/sex/Synapse/ai_robot_ws/build/ai_robot_core/build install --record /home/sex/Synapse/ai_robot_ws/build/ai_robot_core/install.log --single-version-externally-managed install_data
[0.961s] running egg_info
[0.962s] creating ../../build/ai_robot_core/ai_robot_core.egg-info
[0.963s] writing ../../build/ai_robot_core/ai_robot_core.egg-info/PKG-INFO
[0.963s] writing dependency_links to ../../build/ai_robot_core/ai_robot_core.egg-info/dependency_links.txt
[0.963s] writing entry points to ../../build/ai_robot_core/ai_robot_core.egg-info/entry_points.txt
[0.964s] writing requirements to ../../build/ai_robot_core/ai_robot_core.egg-info/requires.txt
[0.964s] writing top-level names to ../../build/ai_robot_core/ai_robot_core.egg-info/top_level.txt
[0.964s] writing manifest file '../../build/ai_robot_core/ai_robot_core.egg-info/SOURCES.txt'
[0.966s] reading manifest file '../../build/ai_robot_core/ai_robot_core.egg-info/SOURCES.txt'
[0.967s] writing manifest file '../../build/ai_robot_core/ai_robot_core.egg-info/SOURCES.txt'
[0.968s] running build
[0.968s] running build_py
[0.968s] creating /home/sex/Synapse/ai_robot_ws/build/ai_robot_core/build
[0.968s] creating /home/sex/Synapse/ai_robot_ws/build/ai_robot_core/build/lib
[0.969s] creating /home/sex/Synapse/ai_robot_ws/build/ai_robot_core/build/lib/ui
[0.969s] copying ui/robot_ui_plugin.py -> /home/sex/Synapse/ai_robot_ws/build/ai_robot_core/build/lib/ui
[0.969s] copying ui/__init__.py -> /home/sex/Synapse/ai_robot_ws/build/ai_robot_core/build/lib/ui
[0.969s] creating /home/sex/Synapse/ai_robot_ws/build/ai_robot_core/build/lib/nodes
[0.969s] copying nodes/person_follower_node.py -> /home/sex/Synapse/ai_robot_ws/build/ai_robot_core/build/lib/nodes
[0.969s] copying nodes/face_recognition_node.py -> /home/sex/Synapse/ai_robot_ws/build/ai_robot_core/build/lib/nodes
[0.969s] copying nodes/memory_manager_node.py -> /home/sex/Synapse/ai_robot_ws/build/ai_robot_core/build/lib/nodes
[0.970s] copying nodes/interaction_manager_node.py -> /home/sex/Synapse/ai_robot_ws/build/ai_robot_core/build/lib/nodes
[0.970s] copying nodes/emotion_engine_node.py -> /home/sex/Synapse/ai_robot_ws/build/ai_robot_core/build/lib/nodes
[0.970s] copying nodes/__init__.py -> /home/sex/Synapse/ai_robot_ws/build/ai_robot_core/build/lib/nodes
[0.970s] running install
[0.971s] running install_lib
[0.972s] creating /home/sex/Synapse/ai_robot_ws/install/ai_robot_core/lib/python3.10/site-packages/ui
[0.972s] copying /home/sex/Synapse/ai_robot_ws/build/ai_robot_core/build/lib/ui/robot_ui_plugin.py -> /home/sex/Synapse/ai_robot_ws/install/ai_robot_core/lib/python3.10/site-packages/ui
[0.972s] copying /home/sex/Synapse/ai_robot_ws/build/ai_robot_core/build/lib/ui/__init__.py -> /home/sex/Synapse/ai_robot_ws/install/ai_robot_core/lib/python3.10/site-packages/ui
[0.972s] creating /home/sex/Synapse/ai_robot_ws/install/ai_robot_core/lib/python3.10/site-packages/nodes
[0.973s] copying /home/sex/Synapse/ai_robot_ws/build/ai_robot_core/build/lib/nodes/person_follower_node.py -> /home/sex/Synapse/ai_robot_ws/install/ai_robot_core/lib/python3.10/site-packages/nodes
[0.973s] copying /home/sex/Synapse/ai_robot_ws/build/ai_robot_core/build/lib/nodes/face_recognition_node.py -> /home/sex/Synapse/ai_robot_ws/install/ai_robot_core/lib/python3.10/site-packages/nodes
[0.973s] copying /home/sex/Synapse/ai_robot_ws/build/ai_robot_core/build/lib/nodes/memory_manager_node.py -> /home/sex/Synapse/ai_robot_ws/install/ai_robot_core/lib/python3.10/site-packages/nodes
[0.973s] copying /home/sex/Synapse/ai_robot_ws/build/ai_robot_core/build/lib/nodes/interaction_manager_node.py -> /home/sex/Synapse/ai_robot_ws/install/ai_robot_core/lib/python3.10/site-packages/nodes
[0.973s] copying /home/sex/Synapse/ai_robot_ws/build/ai_robot_core/build/lib/nodes/emotion_engine_node.py -> /home/sex/Synapse/ai_robot_ws/install/ai_robot_core/lib/python3.10/site-packages/nodes
[0.974s] copying /home/sex/Synapse/ai_robot_ws/build/ai_robot_core/build/lib/nodes/__init__.py -> /home/sex/Synapse/ai_robot_ws/install/ai_robot_core/lib/python3.10/site-packages/nodes
[0.974s] byte-compiling /home/sex/Synapse/ai_robot_ws/install/ai_robot_core/lib/python3.10/site-packages/ui/robot_ui_plugin.py to robot_ui_plugin.cpython-310.pyc
[0.975s] byte-compiling /home/sex/Synapse/ai_robot_ws/install/ai_robot_core/lib/python3.10/site-packages/ui/__init__.py to __init__.cpython-310.pyc
[0.975s] byte-compiling /home/sex/Synapse/ai_robot_ws/install/ai_robot_core/lib/python3.10/site-packages/nodes/person_follower_node.py to person_follower_node.cpython-310.pyc
[0.976s] byte-compiling /home/sex/Synapse/ai_robot_ws/install/ai_robot_core/lib/python3.10/site-packages/nodes/face_recognition_node.py to face_recognition_node.cpython-310.pyc
[0.977s] byte-compiling /home/sex/Synapse/ai_robot_ws/install/ai_robot_core/lib/python3.10/site-packages/nodes/memory_manager_node.py to memory_manager_node.cpython-310.pyc
[0.978s] byte-compiling /home/sex/Synapse/ai_robot_ws/install/ai_robot_core/lib/python3.10/site-packages/nodes/interaction_manager_node.py to interaction_manager_node.cpython-310.pyc
[0.980s] byte-compiling /home/sex/Synapse/ai_robot_ws/install/ai_robot_core/lib/python3.10/site-packages/nodes/emotion_engine_node.py to emotion_engine_node.cpython-310.pyc
[0.980s] byte-compiling /home/sex/Synapse/ai_robot_ws/install/ai_robot_core/lib/python3.10/site-packages/nodes/__init__.py to __init__.cpython-310.pyc
[0.981s] running install_data
[0.981s] creating /home/sex/Synapse/ai_robot_ws/install/ai_robot_core/share/ament_index
[0.981s] creating /home/sex/Synapse/ai_robot_ws/install/ai_robot_core/share/ament_index/resource_index
[0.981s] creating /home/sex/Synapse/ai_robot_ws/install/ai_robot_core/share/ament_index/resource_index/packages
[0.981s] copying resource/ai_robot_core -> /home/sex/Synapse/ai_robot_ws/install/ai_robot_core/share/ament_index/resource_index/packages
[0.981s] copying package.xml -> /home/sex/Synapse/ai_robot_ws/install/ai_robot_core/share/ai_robot_core
[0.981s] creating /home/sex/Synapse/ai_robot_ws/install/ai_robot_core/share/ai_robot_core/launch
[0.982s] copying launch/core_sensors.launch.py -> /home/sex/Synapse/ai_robot_ws/install/ai_robot_core/share/ai_robot_core/launch
[0.982s] copying launch/gazebo.launch.py -> /home/sex/Synapse/ai_robot_ws/install/ai_robot_core/share/ai_robot_core/launch
[0.982s] copying launch/full_ai_app.launch.py -> /home/sex/Synapse/ai_robot_ws/install/ai_robot_core/share/ai_robot_core/launch
[0.982s] copying launch/teleop.launch.py -> /home/sex/Synapse/ai_robot_ws/install/ai_robot_core/share/ai_robot_core/launch
[0.983s] copying launch/robot_state_publisher.launch.py -> /home/sex/Synapse/ai_robot_ws/install/ai_robot_core/share/ai_robot_core/launch
[0.983s] copying launch/mapping.launch.py -> /home/sex/Synapse/ai_robot_ws/install/ai_robot_core/share/ai_robot_core/launch
[0.983s] copying launch/navigation.launch.py -> /home/sex/Synapse/ai_robot_ws/install/ai_robot_core/share/ai_robot_core/launch
[0.983s] copying launch/nav2_bringup.launch.py -> /home/sex/Synapse/ai_robot_ws/install/ai_robot_core/share/ai_robot_core/launch
[0.983s] creating /home/sex/Synapse/ai_robot_ws/install/ai_robot_core/share/ai_robot_core/urdf
[0.983s] copying urdf/gazebo_control.xacro -> /home/sex/Synapse/ai_robot_ws/install/ai_robot_core/share/ai_robot_core/urdf
[0.983s] copying urdf/ai_robot.urdf.xacro -> /home/sex/Synapse/ai_robot_ws/install/ai_robot_core/share/ai_robot_core/urdf
[0.983s] creating /home/sex/Synapse/ai_robot_ws/install/ai_robot_core/share/ai_robot_core/worlds
[0.984s] copying worlds/ai_robot_world.world -> /home/sex/Synapse/ai_robot_ws/install/ai_robot_core/share/ai_robot_core/worlds
[0.984s] creating /home/sex/Synapse/ai_robot_ws/install/ai_robot_core/share/ai_robot_core/config
[0.984s] copying config/nav2_params.yaml -> /home/sex/Synapse/ai_robot_ws/install/ai_robot_core/share/ai_robot_core/config
[0.984s] copying config/slam_async.yaml -> /home/sex/Synapse/ai_robot_ws/install/ai_robot_core/share/ai_robot_core/config
[0.984s] copying config/depth_to_scan.yaml -> /home/sex/Synapse/ai_robot_ws/install/ai_robot_core/share/ai_robot_core/config
[0.984s] creating /home/sex/Synapse/ai_robot_ws/install/ai_robot_core/share/ai_robot_core/rviz
[0.984s] copying rviz/ai_robot.rviz -> /home/sex/Synapse/ai_robot_ws/install/ai_robot_core/share/ai_robot_core/rviz
[0.985s] creating /home/sex/Synapse/ai_robot_ws/install/ai_robot_core/share/ai_robot_core/maps
[0.985s] copying maps/my_map.pgm -> /home/sex/Synapse/ai_robot_ws/install/ai_robot_core/share/ai_robot_core/maps
[0.985s] copying maps/my_map.yaml -> /home/sex/Synapse/ai_robot_ws/install/ai_robot_core/share/ai_robot_core/maps
[0.985s] creating /home/sex/Synapse/ai_robot_ws/install/ai_robot_core/share/ai_robot_core/ui
[0.985s] copying ui/robot_ui.ui -> /home/sex/Synapse/ai_robot_ws/install/ai_robot_core/share/ai_robot_core/ui
[0.985s] copying plugin.xml -> /home/sex/Synapse/ai_robot_ws/install/ai_robot_core/share/ai_robot_core
[0.985s] creating /home/sex/Synapse/ai_robot_ws/install/ai_robot_core/share/ai_robot_core/data
[0.985s] copying data/haarcascade_frontalface_default.xml -> /home/sex/Synapse/ai_robot_ws/install/ai_robot_core/share/ai_robot_core/data
[0.988s] running install_egg_info
[0.991s] Copying ../../build/ai_robot_core/ai_robot_core.egg-info to /home/sex/Synapse/ai_robot_ws/install/ai_robot_core/lib/python3.10/site-packages/ai_robot_core-0.0.0-py3.10.egg-info
[0.992s] running install_scripts
[1.013s] Installing emotion_engine_node script to /home/sex/Synapse/ai_robot_ws/install/ai_robot_core/lib/ai_robot_core
[1.013s] Installing face_recognition_node script to /home/sex/Synapse/ai_robot_ws/install/ai_robot_core/lib/ai_robot_core
[1.014s] Installing interaction_manager_node script to /home/sex/Synapse/ai_robot_ws/install/ai_robot_core/lib/ai_robot_core
[1.014s] Installing memory_manager_node script to /home/sex/Synapse/ai_robot_ws/install/ai_robot_core/lib/ai_robot_core
[1.014s] Installing person_follower_node script to /home/sex/Synapse/ai_robot_ws/install/ai_robot_core/lib/ai_robot_core
[1.015s] writing list of installed files to '/home/sex/Synapse/ai_robot_ws/build/ai_robot_core/install.log'
[1.050s] Invoked command in '/home/sex/Synapse/ai_robot_ws/src/ai_robot_core' returned '0': CMAKE_PREFIX_PATH=/home/sex/Synapse/ai_robot_ws/install/ai_robot_msgs LD_LIBRARY_PATH=/home/sex/Synapse/ai_robot_ws/install/ai_robot_msgs/lib:${LD_LIBRARY_PATH} PKG_CONFIG_PATH=/home/sex/Synapse/ai_robot_ws/install/ai_robot_msgs/lib/x86_64-linux-gnu/pkgconfig:/home/sex/Synapse/ai_robot_ws/install/ai_robot_msgs/lib/pkgconfig PYTHONPATH=/home/sex/Synapse/ai_robot_ws/build/ai_robot_core/prefix_override:/usr/lib/python3/dist-packages/colcon_core/task/python/colcon_distutils_commands:/home/sex/Synapse/ai_robot_ws/install/ai_robot_core/lib/python3.10/site-packages:/home/sex/Synapse/ai_robot_ws/install/ai_robot_msgs/local/lib/python3.10/dist-packages:${PYTHONPATH} ROS_PACKAGE_PATH=/home/sex/Synapse/ai_robot_ws/install/ai_robot_msgs/share /usr/bin/python3 -W ignore:setup.py install is deprecated -W ignore:easy_install command is deprecated setup.py egg_info --egg-base ../../build/ai_robot_core build --build-base /home/sex/Synapse/ai_robot_ws/build/ai_robot_core/build install --record /home/sex/Synapse/ai_robot_ws/build/ai_robot_core/install.log --single-version-externally-managed install_data
