-- The C compiler identification is GNU 11.4.0
-- The CXX compiler identification is GNU 11.4.0
-- Detecting C compiler ABI info
-- Detecting C compiler ABI info - done
-- Check for working C compiler: /usr/bin/cc - skipped
-- Detecting C compile features
-- Detecting C compile features - done
-- Detecting CXX compiler ABI info
-- Detecting CXX compiler ABI info - done
-- Check for working CXX compiler: /usr/bin/c++ - skipped
-- Detecting CXX compile features
-- Detecting CXX compile features - done
-- Found ament_cmake: 1.3.12 (/opt/ros/humble/share/ament_cmake/cmake)
-- Found Python3: /usr/bin/python3 (found version "3.10.12") found components: Interpreter 
-- Found rosidl_default_generators: 1.2.0 (/opt/ros/humble/share/rosidl_default_generators/cmake)
-- Using all available rosidl_typesupport_c: rosidl_typesupport_fastrtps_c;rosidl_typesupport_introspection_c
-- Found rosidl_adapter: 3.1.7 (/opt/ros/humble/share/rosidl_adapter/cmake)
-- Using all available rosidl_typesupport_cpp: rosidl_typesupport_fastrtps_cpp;rosidl_typesupport_introspection_cpp
-- Found std_msgs: 4.9.0 (/opt/ros/humble/share/std_msgs/cmake)
-- Found geometry_msgs: 4.9.0 (/opt/ros/humble/share/geometry_msgs/cmake)
-- Found ament_cmake_ros: 0.10.0 (/opt/ros/humble/share/ament_cmake_ros/cmake)
-- Using all available rosidl_typesupport_c: rosidl_typesupport_fastrtps_c;rosidl_typesupport_introspection_c
-- Using all available rosidl_typesupport_cpp: rosidl_typesupport_fastrtps_cpp;rosidl_typesupport_introspection_cpp
-- Found PythonInterp: /usr/bin/python3 (found suitable version "3.10.12", minimum required is "3.6") 
-- Found python_cmake_module: 0.10.0 (/opt/ros/humble/share/python_cmake_module/cmake)
-- Found PythonLibs: /usr/lib/x86_64-linux-gnu/libpython3.10.so (found suitable version "3.10.12", minimum required is "3.5") 
-- Using PYTHON_EXECUTABLE: /usr/bin/python3
-- Using PYTHON_INCLUDE_DIRS: /usr/include/python3.10
-- Using PYTHON_LIBRARIES: /usr/lib/x86_64-linux-gnu/libpython3.10.so
-- Found PythonExtra: .so  
-- Configuring done
-- Generating done
-- Build files have been written to: /home/sex/Synapse/ai_robot_ws/build/ai_robot_msgs
[  1%] [34m[1mGenerating C code for ROS interfaces[0m
[  2%] [34m[1mGenerating C++ code for ROS interfaces[0m
[  2%] Built target ament_cmake_python_copy_ai_robot_msgs
running egg_info
creating ai_robot_msgs.egg-info
writing ai_robot_msgs.egg-info/PKG-INFO
writing dependency_links to ai_robot_msgs.egg-info/dependency_links.txt
writing top-level names to ai_robot_msgs.egg-info/top_level.txt
writing manifest file 'ai_robot_msgs.egg-info/SOURCES.txt'
reading manifest file 'ai_robot_msgs.egg-info/SOURCES.txt'
writing manifest file 'ai_robot_msgs.egg-info/SOURCES.txt'
[  2%] Built target ament_cmake_python_build_ai_robot_msgs_egg
[  4%] [32mBuilding C object CMakeFiles/ai_robot_msgs__rosidl_generator_c.dir/rosidl_generator_c/ai_robot_msgs/msg/detail/person__functions.c.o[0m
[  5%] [32mBuilding C object CMakeFiles/ai_robot_msgs__rosidl_generator_c.dir/rosidl_generator_c/ai_robot_msgs/msg/detail/person_array__functions.c.o[0m
[  7%] [32mBuilding C object CMakeFiles/ai_robot_msgs__rosidl_generator_c.dir/rosidl_generator_c/ai_robot_msgs/srv/detail/get_conversation__functions.c.o[0m
[  8%] [32mBuilding C object CMakeFiles/ai_robot_msgs__rosidl_generator_c.dir/rosidl_generator_c/ai_robot_msgs/srv/detail/lookup_person__functions.c.o[0m
[  9%] [32mBuilding C object CMakeFiles/ai_robot_msgs__rosidl_generator_c.dir/rosidl_generator_c/ai_robot_msgs/srv/detail/register_person__functions.c.o[0m
[ 11%] [32mBuilding C object CMakeFiles/ai_robot_msgs__rosidl_generator_c.dir/rosidl_generator_c/ai_robot_msgs/srv/detail/store_conversation__functions.c.o[0m
[ 12%] [32m[1mLinking C shared library libai_robot_msgs__rosidl_generator_c.so[0m
[ 12%] Built target ai_robot_msgs__cpp
[ 14%] [34m[1mGenerating C++ type support dispatch for ROS interfaces[0m
[ 15%] [34m[1mGenerating C++ type support for eProsima Fast-RTPS[0m
[ 16%] [34m[1mGenerating C++ introspection for ROS interfaces[0m
[ 16%] Built target ai_robot_msgs__rosidl_generator_c
[ 18%] [34m[1mGenerating C type support for eProsima Fast-RTPS[0m
[ 19%] [32mBuilding CXX object CMakeFiles/ai_robot_msgs__rosidl_typesupport_cpp.dir/rosidl_typesupport_cpp/ai_robot_msgs/msg/person__type_support.cpp.o[0m
[ 21%] [32mBuilding CXX object CMakeFiles/ai_robot_msgs__rosidl_typesupport_introspection_cpp.dir/rosidl_typesupport_introspection_cpp/ai_robot_msgs/msg/detail/person__type_support.cpp.o[0m
[ 22%] [32mBuilding CXX object CMakeFiles/ai_robot_msgs__rosidl_typesupport_fastrtps_cpp.dir/rosidl_typesupport_fastrtps_cpp/ai_robot_msgs/msg/detail/dds_fastrtps/person__type_support.cpp.o[0m
[ 23%] [32mBuilding CXX object CMakeFiles/ai_robot_msgs__rosidl_typesupport_fastrtps_c.dir/rosidl_typesupport_fastrtps_c/ai_robot_msgs/msg/detail/person__type_support_c.cpp.o[0m
[ 25%] [32mBuilding CXX object CMakeFiles/ai_robot_msgs__rosidl_typesupport_cpp.dir/rosidl_typesupport_cpp/ai_robot_msgs/msg/person_array__type_support.cpp.o[0m
[ 26%] [32mBuilding CXX object CMakeFiles/ai_robot_msgs__rosidl_typesupport_cpp.dir/rosidl_typesupport_cpp/ai_robot_msgs/srv/get_conversation__type_support.cpp.o[0m
[ 28%] [32mBuilding CXX object CMakeFiles/ai_robot_msgs__rosidl_typesupport_fastrtps_c.dir/rosidl_typesupport_fastrtps_c/ai_robot_msgs/msg/detail/person_array__type_support_c.cpp.o[0m
[ 29%] [32mBuilding CXX object CMakeFiles/ai_robot_msgs__rosidl_typesupport_introspection_cpp.dir/rosidl_typesupport_introspection_cpp/ai_robot_msgs/msg/detail/person_array__type_support.cpp.o[0m
[ 30%] [32mBuilding CXX object CMakeFiles/ai_robot_msgs__rosidl_typesupport_fastrtps_cpp.dir/rosidl_typesupport_fastrtps_cpp/ai_robot_msgs/msg/detail/dds_fastrtps/person_array__type_support.cpp.o[0m
[ 32%] [32mBuilding CXX object CMakeFiles/ai_robot_msgs__rosidl_typesupport_cpp.dir/rosidl_typesupport_cpp/ai_robot_msgs/srv/lookup_person__type_support.cpp.o[0m
[ 33%] [32mBuilding CXX object CMakeFiles/ai_robot_msgs__rosidl_typesupport_fastrtps_c.dir/rosidl_typesupport_fastrtps_c/ai_robot_msgs/srv/detail/get_conversation__type_support_c.cpp.o[0m
[ 35%] [32mBuilding CXX object CMakeFiles/ai_robot_msgs__rosidl_typesupport_cpp.dir/rosidl_typesupport_cpp/ai_robot_msgs/srv/register_person__type_support.cpp.o[0m
[ 36%] [32mBuilding CXX object CMakeFiles/ai_robot_msgs__rosidl_typesupport_introspection_cpp.dir/rosidl_typesupport_introspection_cpp/ai_robot_msgs/srv/detail/get_conversation__type_support.cpp.o[0m
[ 38%] [32mBuilding CXX object CMakeFiles/ai_robot_msgs__rosidl_typesupport_fastrtps_cpp.dir/rosidl_typesupport_fastrtps_cpp/ai_robot_msgs/srv/detail/dds_fastrtps/get_conversation__type_support.cpp.o[0m
[ 39%] [32mBuilding CXX object CMakeFiles/ai_robot_msgs__rosidl_typesupport_fastrtps_c.dir/rosidl_typesupport_fastrtps_c/ai_robot_msgs/srv/detail/lookup_person__type_support_c.cpp.o[0m
[ 40%] [32mBuilding CXX object CMakeFiles/ai_robot_msgs__rosidl_typesupport_cpp.dir/rosidl_typesupport_cpp/ai_robot_msgs/srv/store_conversation__type_support.cpp.o[0m
[ 42%] [32mBuilding CXX object CMakeFiles/ai_robot_msgs__rosidl_typesupport_introspection_cpp.dir/rosidl_typesupport_introspection_cpp/ai_robot_msgs/srv/detail/lookup_person__type_support.cpp.o[0m
[ 43%] [32m[1mLinking CXX shared library libai_robot_msgs__rosidl_typesupport_cpp.so[0m
[ 45%] [32mBuilding CXX object CMakeFiles/ai_robot_msgs__rosidl_typesupport_fastrtps_c.dir/rosidl_typesupport_fastrtps_c/ai_robot_msgs/srv/detail/register_person__type_support_c.cpp.o[0m
[ 46%] [32mBuilding CXX object CMakeFiles/ai_robot_msgs__rosidl_typesupport_fastrtps_cpp.dir/rosidl_typesupport_fastrtps_cpp/ai_robot_msgs/srv/detail/dds_fastrtps/lookup_person__type_support.cpp.o[0m
[ 46%] Built target ai_robot_msgs__rosidl_typesupport_cpp
[ 47%] [32mBuilding CXX object CMakeFiles/ai_robot_msgs__rosidl_typesupport_introspection_cpp.dir/rosidl_typesupport_introspection_cpp/ai_robot_msgs/srv/detail/register_person__type_support.cpp.o[0m
[ 49%] [32mBuilding CXX object CMakeFiles/ai_robot_msgs__rosidl_typesupport_fastrtps_c.dir/rosidl_typesupport_fastrtps_c/ai_robot_msgs/srv/detail/store_conversation__type_support_c.cpp.o[0m
[ 50%] [32mBuilding CXX object CMakeFiles/ai_robot_msgs__rosidl_typesupport_fastrtps_cpp.dir/rosidl_typesupport_fastrtps_cpp/ai_robot_msgs/srv/detail/dds_fastrtps/register_person__type_support.cpp.o[0m
[ 52%] [32mBuilding CXX object CMakeFiles/ai_robot_msgs__rosidl_typesupport_introspection_cpp.dir/rosidl_typesupport_introspection_cpp/ai_robot_msgs/srv/detail/store_conversation__type_support.cpp.o[0m
[ 53%] [32mBuilding CXX object CMakeFiles/ai_robot_msgs__rosidl_typesupport_fastrtps_cpp.dir/rosidl_typesupport_fastrtps_cpp/ai_robot_msgs/srv/detail/dds_fastrtps/store_conversation__type_support.cpp.o[0m
[ 54%] [32m[1mLinking CXX shared library libai_robot_msgs__rosidl_typesupport_fastrtps_c.so[0m
[ 54%] Built target ai_robot_msgs__rosidl_typesupport_fastrtps_c
[ 56%] [34m[1mGenerating C introspection for ROS interfaces[0m
[ 57%] [32m[1mLinking CXX shared library libai_robot_msgs__rosidl_typesupport_introspection_cpp.so[0m
[ 59%] [34m[1mGenerating C type support dispatch for ROS interfaces[0m
[ 60%] [32m[1mLinking CXX shared library libai_robot_msgs__rosidl_typesupport_fastrtps_cpp.so[0m
[ 60%] Built target ai_robot_msgs__rosidl_typesupport_introspection_cpp
[ 60%] Built target ai_robot_msgs__rosidl_typesupport_fastrtps_cpp
[ 63%] [32mBuilding CXX object CMakeFiles/ai_robot_msgs__rosidl_typesupport_c.dir/rosidl_typesupport_c/ai_robot_msgs/msg/person__type_support.cpp.o[0m
[ 63%] [32mBuilding CXX object CMakeFiles/ai_robot_msgs__rosidl_typesupport_c.dir/rosidl_typesupport_c/ai_robot_msgs/msg/person_array__type_support.cpp.o[0m
[ 64%] [32mBuilding CXX object CMakeFiles/ai_robot_msgs__rosidl_typesupport_c.dir/rosidl_typesupport_c/ai_robot_msgs/srv/get_conversation__type_support.cpp.o[0m
[ 66%] [32mBuilding CXX object CMakeFiles/ai_robot_msgs__rosidl_typesupport_c.dir/rosidl_typesupport_c/ai_robot_msgs/srv/lookup_person__type_support.cpp.o[0m
[ 67%] [32mBuilding CXX object CMakeFiles/ai_robot_msgs__rosidl_typesupport_c.dir/rosidl_typesupport_c/ai_robot_msgs/srv/register_person__type_support.cpp.o[0m
[ 69%] [32mBuilding CXX object CMakeFiles/ai_robot_msgs__rosidl_typesupport_c.dir/rosidl_typesupport_c/ai_robot_msgs/srv/store_conversation__type_support.cpp.o[0m
[ 70%] [32m[1mLinking CXX shared library libai_robot_msgs__rosidl_typesupport_c.so[0m
[ 73%] [32mBuilding C object CMakeFiles/ai_robot_msgs__rosidl_typesupport_introspection_c.dir/rosidl_typesupport_introspection_c/ai_robot_msgs/msg/detail/person_array__type_support.c.o[0m
[ 73%] [32mBuilding C object CMakeFiles/ai_robot_msgs__rosidl_typesupport_introspection_c.dir/rosidl_typesupport_introspection_c/ai_robot_msgs/srv/detail/get_conversation__type_support.c.o[0m
[ 74%] [32mBuilding C object CMakeFiles/ai_robot_msgs__rosidl_typesupport_introspection_c.dir/rosidl_typesupport_introspection_c/ai_robot_msgs/msg/detail/person__type_support.c.o[0m
[ 74%] Built target ai_robot_msgs__rosidl_typesupport_c
[ 76%] [32mBuilding C object CMakeFiles/ai_robot_msgs__rosidl_typesupport_introspection_c.dir/rosidl_typesupport_introspection_c/ai_robot_msgs/srv/detail/lookup_person__type_support.c.o[0m
[ 77%] [32mBuilding C object CMakeFiles/ai_robot_msgs__rosidl_typesupport_introspection_c.dir/rosidl_typesupport_introspection_c/ai_robot_msgs/srv/detail/register_person__type_support.c.o[0m
[ 78%] [32mBuilding C object CMakeFiles/ai_robot_msgs__rosidl_typesupport_introspection_c.dir/rosidl_typesupport_introspection_c/ai_robot_msgs/srv/detail/store_conversation__type_support.c.o[0m
[ 80%] [32m[1mLinking C shared library libai_robot_msgs__rosidl_typesupport_introspection_c.so[0m
[ 80%] Built target ai_robot_msgs__rosidl_typesupport_introspection_c
[ 80%] Built target ai_robot_msgs
[ 81%] [34m[1mGenerating Python code for ROS interfaces[0m
[ 81%] Built target ai_robot_msgs__py
[ 83%] [32mBuilding C object CMakeFiles/ai_robot_msgs__rosidl_generator_py.dir/rosidl_generator_py/ai_robot_msgs/msg/_person_s.c.o[0m
[ 84%] [32mBuilding C object CMakeFiles/ai_robot_msgs__rosidl_generator_py.dir/rosidl_generator_py/ai_robot_msgs/srv/_get_conversation_s.c.o[0m
[ 85%] [32mBuilding C object CMakeFiles/ai_robot_msgs__rosidl_generator_py.dir/rosidl_generator_py/ai_robot_msgs/msg/_person_array_s.c.o[0m
[ 87%] [32mBuilding C object CMakeFiles/ai_robot_msgs__rosidl_generator_py.dir/rosidl_generator_py/ai_robot_msgs/srv/_lookup_person_s.c.o[0m
[ 88%] [32mBuilding C object CMakeFiles/ai_robot_msgs__rosidl_generator_py.dir/rosidl_generator_py/ai_robot_msgs/srv/_store_conversation_s.c.o[0m
[ 90%] [32mBuilding C object CMakeFiles/ai_robot_msgs__rosidl_generator_py.dir/rosidl_generator_py/ai_robot_msgs/srv/_register_person_s.c.o[0m
[ 91%] [32m[1mLinking C shared library rosidl_generator_py/ai_robot_msgs/libai_robot_msgs__rosidl_generator_py.so[0m
[ 91%] Built target ai_robot_msgs__rosidl_generator_py
[ 92%] [32mBuilding C object CMakeFiles/ai_robot_msgs__rosidl_typesupport_c__pyext.dir/rosidl_generator_py/ai_robot_msgs/_ai_robot_msgs_s.ep.rosidl_typesupport_c.c.o[0m
[ 95%] [32mBuilding C object CMakeFiles/ai_robot_msgs__rosidl_typesupport_fastrtps_c__pyext.dir/rosidl_generator_py/ai_robot_msgs/_ai_robot_msgs_s.ep.rosidl_typesupport_fastrtps_c.c.o[0m
[ 95%] [32mBuilding C object CMakeFiles/ai_robot_msgs__rosidl_typesupport_introspection_c__pyext.dir/rosidl_generator_py/ai_robot_msgs/_ai_robot_msgs_s.ep.rosidl_typesupport_introspection_c.c.o[0m
[ 97%] [32m[1mLinking C shared library rosidl_generator_py/ai_robot_msgs/ai_robot_msgs_s__rosidl_typesupport_c.cpython-310-x86_64-linux-gnu.so[0m
[100%] [32m[1mLinking C shared library rosidl_generator_py/ai_robot_msgs/ai_robot_msgs_s__rosidl_typesupport_introspection_c.cpython-310-x86_64-linux-gnu.so[0m
[100%] [32m[1mLinking C shared library rosidl_generator_py/ai_robot_msgs/ai_robot_msgs_s__rosidl_typesupport_fastrtps_c.cpython-310-x86_64-linux-gnu.so[0m
[100%] Built target ai_robot_msgs__rosidl_typesupport_c__pyext
[100%] Built target ai_robot_msgs__rosidl_typesupport_introspection_c__pyext
[100%] Built target ai_robot_msgs__rosidl_typesupport_fastrtps_c__pyext
-- Install configuration: ""
-- Installing: /home/sex/Synapse/ai_robot_ws/install/ai_robot_msgs/share/ament_index/resource_index/rosidl_interfaces/ai_robot_msgs
-- Installing: /home/sex/Synapse/ai_robot_ws/install/ai_robot_msgs/include/ai_robot_msgs/ai_robot_msgs
-- Installing: /home/sex/Synapse/ai_robot_ws/install/ai_robot_msgs/include/ai_robot_msgs/ai_robot_msgs/msg
-- Installing: /home/sex/Synapse/ai_robot_ws/install/ai_robot_msgs/include/ai_robot_msgs/ai_robot_msgs/msg/rosidl_generator_c__visibility_control.h
-- Installing: /home/sex/Synapse/ai_robot_ws/install/ai_robot_msgs/include/ai_robot_msgs/ai_robot_msgs/msg/person.h
-- Installing: /home/sex/Synapse/ai_robot_ws/install/ai_robot_msgs/include/ai_robot_msgs/ai_robot_msgs/msg/detail
-- Installing: /home/sex/Synapse/ai_robot_ws/install/ai_robot_msgs/include/ai_robot_msgs/ai_robot_msgs/msg/detail/person__type_support.h
-- Installing: /home/sex/Synapse/ai_robot_ws/install/ai_robot_msgs/include/ai_robot_msgs/ai_robot_msgs/msg/detail/person__functions.c
-- Installing: /home/sex/Synapse/ai_robot_ws/install/ai_robot_msgs/include/ai_robot_msgs/ai_robot_msgs/msg/detail/person__struct.h
-- Installing: /home/sex/Synapse/ai_robot_ws/install/ai_robot_msgs/include/ai_robot_msgs/ai_robot_msgs/msg/detail/person_array__functions.h
-- Installing: /home/sex/Synapse/ai_robot_ws/install/ai_robot_msgs/include/ai_robot_msgs/ai_robot_msgs/msg/detail/person_array__struct.h
-- Installing: /home/sex/Synapse/ai_robot_ws/install/ai_robot_msgs/include/ai_robot_msgs/ai_robot_msgs/msg/detail/person__functions.h
-- Installing: /home/sex/Synapse/ai_robot_ws/install/ai_robot_msgs/include/ai_robot_msgs/ai_robot_msgs/msg/detail/person_array__type_support.h
-- Installing: /home/sex/Synapse/ai_robot_ws/install/ai_robot_msgs/include/ai_robot_msgs/ai_robot_msgs/msg/detail/person_array__functions.c
-- Installing: /home/sex/Synapse/ai_robot_ws/install/ai_robot_msgs/include/ai_robot_msgs/ai_robot_msgs/msg/person_array.h
-- Installing: /home/sex/Synapse/ai_robot_ws/install/ai_robot_msgs/include/ai_robot_msgs/ai_robot_msgs/srv
-- Installing: /home/sex/Synapse/ai_robot_ws/install/ai_robot_msgs/include/ai_robot_msgs/ai_robot_msgs/srv/store_conversation.h
-- Installing: /home/sex/Synapse/ai_robot_ws/install/ai_robot_msgs/include/ai_robot_msgs/ai_robot_msgs/srv/get_conversation.h
-- Installing: /home/sex/Synapse/ai_robot_ws/install/ai_robot_msgs/include/ai_robot_msgs/ai_robot_msgs/srv/lookup_person.h
-- Installing: /home/sex/Synapse/ai_robot_ws/install/ai_robot_msgs/include/ai_robot_msgs/ai_robot_msgs/srv/detail
-- Installing: /home/sex/Synapse/ai_robot_ws/install/ai_robot_msgs/include/ai_robot_msgs/ai_robot_msgs/srv/detail/lookup_person__struct.h
-- Installing: /home/sex/Synapse/ai_robot_ws/install/ai_robot_msgs/include/ai_robot_msgs/ai_robot_msgs/srv/detail/lookup_person__functions.c
-- Installing: /home/sex/Synapse/ai_robot_ws/install/ai_robot_msgs/include/ai_robot_msgs/ai_robot_msgs/srv/detail/lookup_person__type_support.h
-- Installing: /home/sex/Synapse/ai_robot_ws/install/ai_robot_msgs/include/ai_robot_msgs/ai_robot_msgs/srv/detail/register_person__type_support.h
-- Installing: /home/sex/Synapse/ai_robot_ws/install/ai_robot_msgs/include/ai_robot_msgs/ai_robot_msgs/srv/detail/get_conversation__functions.c
-- Installing: /home/sex/Synapse/ai_robot_ws/install/ai_robot_msgs/include/ai_robot_msgs/ai_robot_msgs/srv/detail/register_person__functions.h
-- Installing: /home/sex/Synapse/ai_robot_ws/install/ai_robot_msgs/include/ai_robot_msgs/ai_robot_msgs/srv/detail/get_conversation__functions.h
-- Installing: /home/sex/Synapse/ai_robot_ws/install/ai_robot_msgs/include/ai_robot_msgs/ai_robot_msgs/srv/detail/lookup_person__functions.h
-- Installing: /home/sex/Synapse/ai_robot_ws/install/ai_robot_msgs/include/ai_robot_msgs/ai_robot_msgs/srv/detail/get_conversation__struct.h
-- Installing: /home/sex/Synapse/ai_robot_ws/install/ai_robot_msgs/include/ai_robot_msgs/ai_robot_msgs/srv/detail/store_conversation__struct.h
-- Installing: /home/sex/Synapse/ai_robot_ws/install/ai_robot_msgs/include/ai_robot_msgs/ai_robot_msgs/srv/detail/register_person__struct.h
-- Installing: /home/sex/Synapse/ai_robot_ws/install/ai_robot_msgs/include/ai_robot_msgs/ai_robot_msgs/srv/detail/store_conversation__functions.h
-- Installing: /home/sex/Synapse/ai_robot_ws/install/ai_robot_msgs/include/ai_robot_msgs/ai_robot_msgs/srv/detail/store_conversation__type_support.h
-- Installing: /home/sex/Synapse/ai_robot_ws/install/ai_robot_msgs/include/ai_robot_msgs/ai_robot_msgs/srv/detail/store_conversation__functions.c
-- Installing: /home/sex/Synapse/ai_robot_ws/install/ai_robot_msgs/include/ai_robot_msgs/ai_robot_msgs/srv/detail/register_person__functions.c
-- Installing: /home/sex/Synapse/ai_robot_ws/install/ai_robot_msgs/include/ai_robot_msgs/ai_robot_msgs/srv/detail/get_conversation__type_support.h
-- Installing: /home/sex/Synapse/ai_robot_ws/install/ai_robot_msgs/include/ai_robot_msgs/ai_robot_msgs/srv/register_person.h
-- Installing: /home/sex/Synapse/ai_robot_ws/install/ai_robot_msgs/share/ai_robot_msgs/environment/library_path.sh
-- Installing: /home/sex/Synapse/ai_robot_ws/install/ai_robot_msgs/share/ai_robot_msgs/environment/library_path.dsv
-- Installing: /home/sex/Synapse/ai_robot_ws/install/ai_robot_msgs/lib/libai_robot_msgs__rosidl_generator_c.so
-- Set runtime path of "/home/sex/Synapse/ai_robot_ws/install/ai_robot_msgs/lib/libai_robot_msgs__rosidl_generator_c.so" to ""
-- Up-to-date: /home/sex/Synapse/ai_robot_ws/install/ai_robot_msgs/include/ai_robot_msgs/ai_robot_msgs
-- Up-to-date: /home/sex/Synapse/ai_robot_ws/install/ai_robot_msgs/include/ai_robot_msgs/ai_robot_msgs/msg
-- Installing: /home/sex/Synapse/ai_robot_ws/install/ai_robot_msgs/include/ai_robot_msgs/ai_robot_msgs/msg/rosidl_typesupport_fastrtps_c__visibility_control.h
-- Up-to-date: /home/sex/Synapse/ai_robot_ws/install/ai_robot_msgs/include/ai_robot_msgs/ai_robot_msgs/msg/detail
-- Installing: /home/sex/Synapse/ai_robot_ws/install/ai_robot_msgs/include/ai_robot_msgs/ai_robot_msgs/msg/detail/person_array__rosidl_typesupport_fastrtps_c.h
-- Installing: /home/sex/Synapse/ai_robot_ws/install/ai_robot_msgs/include/ai_robot_msgs/ai_robot_msgs/msg/detail/person__rosidl_typesupport_fastrtps_c.h
-- Up-to-date: /home/sex/Synapse/ai_robot_ws/install/ai_robot_msgs/include/ai_robot_msgs/ai_robot_msgs/srv
-- Up-to-date: /home/sex/Synapse/ai_robot_ws/install/ai_robot_msgs/include/ai_robot_msgs/ai_robot_msgs/srv/detail
-- Installing: /home/sex/Synapse/ai_robot_ws/install/ai_robot_msgs/include/ai_robot_msgs/ai_robot_msgs/srv/detail/lookup_person__rosidl_typesupport_fastrtps_c.h
-- Installing: /home/sex/Synapse/ai_robot_ws/install/ai_robot_msgs/include/ai_robot_msgs/ai_robot_msgs/srv/detail/store_conversation__rosidl_typesupport_fastrtps_c.h
-- Installing: /home/sex/Synapse/ai_robot_ws/install/ai_robot_msgs/include/ai_robot_msgs/ai_robot_msgs/srv/detail/register_person__rosidl_typesupport_fastrtps_c.h
-- Installing: /home/sex/Synapse/ai_robot_ws/install/ai_robot_msgs/include/ai_robot_msgs/ai_robot_msgs/srv/detail/get_conversation__rosidl_typesupport_fastrtps_c.h
-- Installing: /home/sex/Synapse/ai_robot_ws/install/ai_robot_msgs/lib/libai_robot_msgs__rosidl_typesupport_fastrtps_c.so
-- Set runtime path of "/home/sex/Synapse/ai_robot_ws/install/ai_robot_msgs/lib/libai_robot_msgs__rosidl_typesupport_fastrtps_c.so" to ""
-- Up-to-date: /home/sex/Synapse/ai_robot_ws/install/ai_robot_msgs/include/ai_robot_msgs/ai_robot_msgs
-- Up-to-date: /home/sex/Synapse/ai_robot_ws/install/ai_robot_msgs/include/ai_robot_msgs/ai_robot_msgs/msg
-- Up-to-date: /home/sex/Synapse/ai_robot_ws/install/ai_robot_msgs/include/ai_robot_msgs/ai_robot_msgs/msg/detail
-- Installing: /home/sex/Synapse/ai_robot_ws/install/ai_robot_msgs/include/ai_robot_msgs/ai_robot_msgs/msg/detail/person_array__rosidl_typesupport_introspection_c.h
-- Installing: /home/sex/Synapse/ai_robot_ws/install/ai_robot_msgs/include/ai_robot_msgs/ai_robot_msgs/msg/detail/person__type_support.c
-- Installing: /home/sex/Synapse/ai_robot_ws/install/ai_robot_msgs/include/ai_robot_msgs/ai_robot_msgs/msg/detail/person__rosidl_typesupport_introspection_c.h
-- Installing: /home/sex/Synapse/ai_robot_ws/install/ai_robot_msgs/include/ai_robot_msgs/ai_robot_msgs/msg/detail/person_array__type_support.c
-- Installing: /home/sex/Synapse/ai_robot_ws/install/ai_robot_msgs/include/ai_robot_msgs/ai_robot_msgs/msg/rosidl_typesupport_introspection_c__visibility_control.h
-- Up-to-date: /home/sex/Synapse/ai_robot_ws/install/ai_robot_msgs/include/ai_robot_msgs/ai_robot_msgs/srv
-- Up-to-date: /home/sex/Synapse/ai_robot_ws/install/ai_robot_msgs/include/ai_robot_msgs/ai_robot_msgs/srv/detail
-- Installing: /home/sex/Synapse/ai_robot_ws/install/ai_robot_msgs/include/ai_robot_msgs/ai_robot_msgs/srv/detail/store_conversation__rosidl_typesupport_introspection_c.h
-- Installing: /home/sex/Synapse/ai_robot_ws/install/ai_robot_msgs/include/ai_robot_msgs/ai_robot_msgs/srv/detail/register_person__rosidl_typesupport_introspection_c.h
-- Installing: /home/sex/Synapse/ai_robot_ws/install/ai_robot_msgs/include/ai_robot_msgs/ai_robot_msgs/srv/detail/store_conversation__type_support.c
-- Installing: /home/sex/Synapse/ai_robot_ws/install/ai_robot_msgs/include/ai_robot_msgs/ai_robot_msgs/srv/detail/register_person__type_support.c
-- Installing: /home/sex/Synapse/ai_robot_ws/install/ai_robot_msgs/include/ai_robot_msgs/ai_robot_msgs/srv/detail/get_conversation__rosidl_typesupport_introspection_c.h
-- Installing: /home/sex/Synapse/ai_robot_ws/install/ai_robot_msgs/include/ai_robot_msgs/ai_robot_msgs/srv/detail/get_conversation__type_support.c
-- Installing: /home/sex/Synapse/ai_robot_ws/install/ai_robot_msgs/include/ai_robot_msgs/ai_robot_msgs/srv/detail/lookup_person__type_support.c
-- Installing: /home/sex/Synapse/ai_robot_ws/install/ai_robot_msgs/include/ai_robot_msgs/ai_robot_msgs/srv/detail/lookup_person__rosidl_typesupport_introspection_c.h
-- Installing: /home/sex/Synapse/ai_robot_ws/install/ai_robot_msgs/lib/libai_robot_msgs__rosidl_typesupport_introspection_c.so
-- Set runtime path of "/home/sex/Synapse/ai_robot_ws/install/ai_robot_msgs/lib/libai_robot_msgs__rosidl_typesupport_introspection_c.so" to ""
-- Installing: /home/sex/Synapse/ai_robot_ws/install/ai_robot_msgs/lib/libai_robot_msgs__rosidl_typesupport_c.so
-- Set runtime path of "/home/sex/Synapse/ai_robot_ws/install/ai_robot_msgs/lib/libai_robot_msgs__rosidl_typesupport_c.so" to ""
-- Up-to-date: /home/sex/Synapse/ai_robot_ws/install/ai_robot_msgs/include/ai_robot_msgs/ai_robot_msgs
-- Up-to-date: /home/sex/Synapse/ai_robot_ws/install/ai_robot_msgs/include/ai_robot_msgs/ai_robot_msgs/msg
-- Installing: /home/sex/Synapse/ai_robot_ws/install/ai_robot_msgs/include/ai_robot_msgs/ai_robot_msgs/msg/person.hpp
-- Installing: /home/sex/Synapse/ai_robot_ws/install/ai_robot_msgs/include/ai_robot_msgs/ai_robot_msgs/msg/person_array.hpp
-- Up-to-date: /home/sex/Synapse/ai_robot_ws/install/ai_robot_msgs/include/ai_robot_msgs/ai_robot_msgs/msg/detail
-- Installing: /home/sex/Synapse/ai_robot_ws/install/ai_robot_msgs/include/ai_robot_msgs/ai_robot_msgs/msg/detail/person_array__builder.hpp
-- Installing: /home/sex/Synapse/ai_robot_ws/install/ai_robot_msgs/include/ai_robot_msgs/ai_robot_msgs/msg/detail/person__builder.hpp
-- Installing: /home/sex/Synapse/ai_robot_ws/install/ai_robot_msgs/include/ai_robot_msgs/ai_robot_msgs/msg/detail/person__type_support.hpp
-- Installing: /home/sex/Synapse/ai_robot_ws/install/ai_robot_msgs/include/ai_robot_msgs/ai_robot_msgs/msg/detail/person_array__type_support.hpp
-- Installing: /home/sex/Synapse/ai_robot_ws/install/ai_robot_msgs/include/ai_robot_msgs/ai_robot_msgs/msg/detail/person__struct.hpp
-- Installing: /home/sex/Synapse/ai_robot_ws/install/ai_robot_msgs/include/ai_robot_msgs/ai_robot_msgs/msg/detail/person_array__struct.hpp
-- Installing: /home/sex/Synapse/ai_robot_ws/install/ai_robot_msgs/include/ai_robot_msgs/ai_robot_msgs/msg/detail/person__traits.hpp
-- Installing: /home/sex/Synapse/ai_robot_ws/install/ai_robot_msgs/include/ai_robot_msgs/ai_robot_msgs/msg/detail/person_array__traits.hpp
-- Installing: /home/sex/Synapse/ai_robot_ws/install/ai_robot_msgs/include/ai_robot_msgs/ai_robot_msgs/msg/rosidl_generator_cpp__visibility_control.hpp
-- Up-to-date: /home/sex/Synapse/ai_robot_ws/install/ai_robot_msgs/include/ai_robot_msgs/ai_robot_msgs/srv
-- Installing: /home/sex/Synapse/ai_robot_ws/install/ai_robot_msgs/include/ai_robot_msgs/ai_robot_msgs/srv/store_conversation.hpp
-- Installing: /home/sex/Synapse/ai_robot_ws/install/ai_robot_msgs/include/ai_robot_msgs/ai_robot_msgs/srv/register_person.hpp
-- Up-to-date: /home/sex/Synapse/ai_robot_ws/install/ai_robot_msgs/include/ai_robot_msgs/ai_robot_msgs/srv/detail
-- Installing: /home/sex/Synapse/ai_robot_ws/install/ai_robot_msgs/include/ai_robot_msgs/ai_robot_msgs/srv/detail/get_conversation__type_support.hpp
-- Installing: /home/sex/Synapse/ai_robot_ws/install/ai_robot_msgs/include/ai_robot_msgs/ai_robot_msgs/srv/detail/store_conversation__builder.hpp
-- Installing: /home/sex/Synapse/ai_robot_ws/install/ai_robot_msgs/include/ai_robot_msgs/ai_robot_msgs/srv/detail/get_conversation__traits.hpp
-- Installing: /home/sex/Synapse/ai_robot_ws/install/ai_robot_msgs/include/ai_robot_msgs/ai_robot_msgs/srv/detail/get_conversation__struct.hpp
-- Installing: /home/sex/Synapse/ai_robot_ws/install/ai_robot_msgs/include/ai_robot_msgs/ai_robot_msgs/srv/detail/register_person__type_support.hpp
-- Installing: /home/sex/Synapse/ai_robot_ws/install/ai_robot_msgs/include/ai_robot_msgs/ai_robot_msgs/srv/detail/lookup_person__builder.hpp
-- Installing: /home/sex/Synapse/ai_robot_ws/install/ai_robot_msgs/include/ai_robot_msgs/ai_robot_msgs/srv/detail/lookup_person__traits.hpp
-- Installing: /home/sex/Synapse/ai_robot_ws/install/ai_robot_msgs/include/ai_robot_msgs/ai_robot_msgs/srv/detail/store_conversation__type_support.hpp
-- Installing: /home/sex/Synapse/ai_robot_ws/install/ai_robot_msgs/include/ai_robot_msgs/ai_robot_msgs/srv/detail/store_conversation__struct.hpp
-- Installing: /home/sex/Synapse/ai_robot_ws/install/ai_robot_msgs/include/ai_robot_msgs/ai_robot_msgs/srv/detail/store_conversation__traits.hpp
-- Installing: /home/sex/Synapse/ai_robot_ws/install/ai_robot_msgs/include/ai_robot_msgs/ai_robot_msgs/srv/detail/register_person__struct.hpp
-- Installing: /home/sex/Synapse/ai_robot_ws/install/ai_robot_msgs/include/ai_robot_msgs/ai_robot_msgs/srv/detail/get_conversation__builder.hpp
-- Installing: /home/sex/Synapse/ai_robot_ws/install/ai_robot_msgs/include/ai_robot_msgs/ai_robot_msgs/srv/detail/lookup_person__struct.hpp
-- Installing: /home/sex/Synapse/ai_robot_ws/install/ai_robot_msgs/include/ai_robot_msgs/ai_robot_msgs/srv/detail/lookup_person__type_support.hpp
-- Installing: /home/sex/Synapse/ai_robot_ws/install/ai_robot_msgs/include/ai_robot_msgs/ai_robot_msgs/srv/detail/register_person__traits.hpp
-- Installing: /home/sex/Synapse/ai_robot_ws/install/ai_robot_msgs/include/ai_robot_msgs/ai_robot_msgs/srv/detail/register_person__builder.hpp
-- Installing: /home/sex/Synapse/ai_robot_ws/install/ai_robot_msgs/include/ai_robot_msgs/ai_robot_msgs/srv/get_conversation.hpp
-- Installing: /home/sex/Synapse/ai_robot_ws/install/ai_robot_msgs/include/ai_robot_msgs/ai_robot_msgs/srv/lookup_person.hpp
-- Up-to-date: /home/sex/Synapse/ai_robot_ws/install/ai_robot_msgs/include/ai_robot_msgs/ai_robot_msgs
-- Up-to-date: /home/sex/Synapse/ai_robot_ws/install/ai_robot_msgs/include/ai_robot_msgs/ai_robot_msgs/msg
-- Up-to-date: /home/sex/Synapse/ai_robot_ws/install/ai_robot_msgs/include/ai_robot_msgs/ai_robot_msgs/msg/detail
-- Installing: /home/sex/Synapse/ai_robot_ws/install/ai_robot_msgs/include/ai_robot_msgs/ai_robot_msgs/msg/detail/dds_fastrtps
-- Installing: /home/sex/Synapse/ai_robot_ws/install/ai_robot_msgs/include/ai_robot_msgs/ai_robot_msgs/msg/detail/person_array__rosidl_typesupport_fastrtps_cpp.hpp
-- Installing: /home/sex/Synapse/ai_robot_ws/install/ai_robot_msgs/include/ai_robot_msgs/ai_robot_msgs/msg/detail/person__rosidl_typesupport_fastrtps_cpp.hpp
-- Installing: /home/sex/Synapse/ai_robot_ws/install/ai_robot_msgs/include/ai_robot_msgs/ai_robot_msgs/msg/rosidl_typesupport_fastrtps_cpp__visibility_control.h
-- Up-to-date: /home/sex/Synapse/ai_robot_ws/install/ai_robot_msgs/include/ai_robot_msgs/ai_robot_msgs/srv
-- Up-to-date: /home/sex/Synapse/ai_robot_ws/install/ai_robot_msgs/include/ai_robot_msgs/ai_robot_msgs/srv/detail
-- Installing: /home/sex/Synapse/ai_robot_ws/install/ai_robot_msgs/include/ai_robot_msgs/ai_robot_msgs/srv/detail/get_conversation__rosidl_typesupport_fastrtps_cpp.hpp
-- Installing: /home/sex/Synapse/ai_robot_ws/install/ai_robot_msgs/include/ai_robot_msgs/ai_robot_msgs/srv/detail/dds_fastrtps
-- Installing: /home/sex/Synapse/ai_robot_ws/install/ai_robot_msgs/include/ai_robot_msgs/ai_robot_msgs/srv/detail/store_conversation__rosidl_typesupport_fastrtps_cpp.hpp
-- Installing: /home/sex/Synapse/ai_robot_ws/install/ai_robot_msgs/include/ai_robot_msgs/ai_robot_msgs/srv/detail/lookup_person__rosidl_typesupport_fastrtps_cpp.hpp
-- Installing: /home/sex/Synapse/ai_robot_ws/install/ai_robot_msgs/include/ai_robot_msgs/ai_robot_msgs/srv/detail/register_person__rosidl_typesupport_fastrtps_cpp.hpp
-- Installing: /home/sex/Synapse/ai_robot_ws/install/ai_robot_msgs/lib/libai_robot_msgs__rosidl_typesupport_fastrtps_cpp.so
-- Set runtime path of "/home/sex/Synapse/ai_robot_ws/install/ai_robot_msgs/lib/libai_robot_msgs__rosidl_typesupport_fastrtps_cpp.so" to ""
-- Up-to-date: /home/sex/Synapse/ai_robot_ws/install/ai_robot_msgs/include/ai_robot_msgs/ai_robot_msgs
-- Up-to-date: /home/sex/Synapse/ai_robot_ws/install/ai_robot_msgs/include/ai_robot_msgs/ai_robot_msgs/msg
-- Up-to-date: /home/sex/Synapse/ai_robot_ws/install/ai_robot_msgs/include/ai_robot_msgs/ai_robot_msgs/msg/detail
-- Installing: /home/sex/Synapse/ai_robot_ws/install/ai_robot_msgs/include/ai_robot_msgs/ai_robot_msgs/msg/detail/person_array__rosidl_typesupport_introspection_cpp.hpp
-- Installing: /home/sex/Synapse/ai_robot_ws/install/ai_robot_msgs/include/ai_robot_msgs/ai_robot_msgs/msg/detail/person_array__type_support.cpp
-- Installing: /home/sex/Synapse/ai_robot_ws/install/ai_robot_msgs/include/ai_robot_msgs/ai_robot_msgs/msg/detail/person__rosidl_typesupport_introspection_cpp.hpp
-- Installing: /home/sex/Synapse/ai_robot_ws/install/ai_robot_msgs/include/ai_robot_msgs/ai_robot_msgs/msg/detail/person__type_support.cpp
-- Up-to-date: /home/sex/Synapse/ai_robot_ws/install/ai_robot_msgs/include/ai_robot_msgs/ai_robot_msgs/srv
-- Up-to-date: /home/sex/Synapse/ai_robot_ws/install/ai_robot_msgs/include/ai_robot_msgs/ai_robot_msgs/srv/detail
-- Installing: /home/sex/Synapse/ai_robot_ws/install/ai_robot_msgs/include/ai_robot_msgs/ai_robot_msgs/srv/detail/register_person__type_support.cpp
-- Installing: /home/sex/Synapse/ai_robot_ws/install/ai_robot_msgs/include/ai_robot_msgs/ai_robot_msgs/srv/detail/lookup_person__rosidl_typesupport_introspection_cpp.hpp
-- Installing: /home/sex/Synapse/ai_robot_ws/install/ai_robot_msgs/include/ai_robot_msgs/ai_robot_msgs/srv/detail/get_conversation__rosidl_typesupport_introspection_cpp.hpp
-- Installing: /home/sex/Synapse/ai_robot_ws/install/ai_robot_msgs/include/ai_robot_msgs/ai_robot_msgs/srv/detail/register_person__rosidl_typesupport_introspection_cpp.hpp
-- Installing: /home/sex/Synapse/ai_robot_ws/install/ai_robot_msgs/include/ai_robot_msgs/ai_robot_msgs/srv/detail/store_conversation__type_support.cpp
-- Installing: /home/sex/Synapse/ai_robot_ws/install/ai_robot_msgs/include/ai_robot_msgs/ai_robot_msgs/srv/detail/lookup_person__type_support.cpp
-- Installing: /home/sex/Synapse/ai_robot_ws/install/ai_robot_msgs/include/ai_robot_msgs/ai_robot_msgs/srv/detail/store_conversation__rosidl_typesupport_introspection_cpp.hpp
-- Installing: /home/sex/Synapse/ai_robot_ws/install/ai_robot_msgs/include/ai_robot_msgs/ai_robot_msgs/srv/detail/get_conversation__type_support.cpp
-- Installing: /home/sex/Synapse/ai_robot_ws/install/ai_robot_msgs/lib/libai_robot_msgs__rosidl_typesupport_introspection_cpp.so
-- Set runtime path of "/home/sex/Synapse/ai_robot_ws/install/ai_robot_msgs/lib/libai_robot_msgs__rosidl_typesupport_introspection_cpp.so" to ""
-- Installing: /home/sex/Synapse/ai_robot_ws/install/ai_robot_msgs/lib/libai_robot_msgs__rosidl_typesupport_cpp.so
-- Set runtime path of "/home/sex/Synapse/ai_robot_ws/install/ai_robot_msgs/lib/libai_robot_msgs__rosidl_typesupport_cpp.so" to ""
-- Installing: /home/sex/Synapse/ai_robot_ws/install/ai_robot_msgs/share/ai_robot_msgs/environment/pythonpath.sh
-- Installing: /home/sex/Synapse/ai_robot_ws/install/ai_robot_msgs/share/ai_robot_msgs/environment/pythonpath.dsv
-- Installing: /home/sex/Synapse/ai_robot_ws/install/ai_robot_msgs/local/lib/python3.10/dist-packages/ai_robot_msgs-0.0.0-py3.10.egg-info
-- Installing: /home/sex/Synapse/ai_robot_ws/install/ai_robot_msgs/local/lib/python3.10/dist-packages/ai_robot_msgs-0.0.0-py3.10.egg-info/PKG-INFO
-- Installing: /home/sex/Synapse/ai_robot_ws/install/ai_robot_msgs/local/lib/python3.10/dist-packages/ai_robot_msgs-0.0.0-py3.10.egg-info/dependency_links.txt
-- Installing: /home/sex/Synapse/ai_robot_ws/install/ai_robot_msgs/local/lib/python3.10/dist-packages/ai_robot_msgs-0.0.0-py3.10.egg-info/top_level.txt
-- Installing: /home/sex/Synapse/ai_robot_ws/install/ai_robot_msgs/local/lib/python3.10/dist-packages/ai_robot_msgs-0.0.0-py3.10.egg-info/SOURCES.txt
-- Installing: /home/sex/Synapse/ai_robot_ws/install/ai_robot_msgs/local/lib/python3.10/dist-packages/ai_robot_msgs
-- Installing: /home/sex/Synapse/ai_robot_ws/install/ai_robot_msgs/local/lib/python3.10/dist-packages/ai_robot_msgs/ai_robot_msgs_s__rosidl_typesupport_fastrtps_c.cpython-310-x86_64-linux-gnu.so
-- Installing: /home/sex/Synapse/ai_robot_ws/install/ai_robot_msgs/local/lib/python3.10/dist-packages/ai_robot_msgs/libai_robot_msgs__rosidl_generator_py.so
-- Installing: /home/sex/Synapse/ai_robot_ws/install/ai_robot_msgs/local/lib/python3.10/dist-packages/ai_robot_msgs/_ai_robot_msgs_s.ep.rosidl_typesupport_c.c
-- Installing: /home/sex/Synapse/ai_robot_ws/install/ai_robot_msgs/local/lib/python3.10/dist-packages/ai_robot_msgs/msg
-- Installing: /home/sex/Synapse/ai_robot_ws/install/ai_robot_msgs/local/lib/python3.10/dist-packages/ai_robot_msgs/msg/_person_s.c
-- Installing: /home/sex/Synapse/ai_robot_ws/install/ai_robot_msgs/local/lib/python3.10/dist-packages/ai_robot_msgs/msg/_person_array.py
-- Installing: /home/sex/Synapse/ai_robot_ws/install/ai_robot_msgs/local/lib/python3.10/dist-packages/ai_robot_msgs/msg/__init__.py
-- Installing: /home/sex/Synapse/ai_robot_ws/install/ai_robot_msgs/local/lib/python3.10/dist-packages/ai_robot_msgs/msg/_person.py
-- Installing: /home/sex/Synapse/ai_robot_ws/install/ai_robot_msgs/local/lib/python3.10/dist-packages/ai_robot_msgs/msg/_person_array_s.c
-- Installing: /home/sex/Synapse/ai_robot_ws/install/ai_robot_msgs/local/lib/python3.10/dist-packages/ai_robot_msgs/ai_robot_msgs_s__rosidl_typesupport_introspection_c.cpython-310-x86_64-linux-gnu.so
-- Installing: /home/sex/Synapse/ai_robot_ws/install/ai_robot_msgs/local/lib/python3.10/dist-packages/ai_robot_msgs/srv
-- Installing: /home/sex/Synapse/ai_robot_ws/install/ai_robot_msgs/local/lib/python3.10/dist-packages/ai_robot_msgs/srv/_store_conversation.py
-- Installing: /home/sex/Synapse/ai_robot_ws/install/ai_robot_msgs/local/lib/python3.10/dist-packages/ai_robot_msgs/srv/_lookup_person_s.c
-- Installing: /home/sex/Synapse/ai_robot_ws/install/ai_robot_msgs/local/lib/python3.10/dist-packages/ai_robot_msgs/srv/_register_person_s.c
-- Installing: /home/sex/Synapse/ai_robot_ws/install/ai_robot_msgs/local/lib/python3.10/dist-packages/ai_robot_msgs/srv/__init__.py
-- Installing: /home/sex/Synapse/ai_robot_ws/install/ai_robot_msgs/local/lib/python3.10/dist-packages/ai_robot_msgs/srv/_lookup_person.py
-- Installing: /home/sex/Synapse/ai_robot_ws/install/ai_robot_msgs/local/lib/python3.10/dist-packages/ai_robot_msgs/srv/_store_conversation_s.c
-- Installing: /home/sex/Synapse/ai_robot_ws/install/ai_robot_msgs/local/lib/python3.10/dist-packages/ai_robot_msgs/srv/_register_person.py
-- Installing: /home/sex/Synapse/ai_robot_ws/install/ai_robot_msgs/local/lib/python3.10/dist-packages/ai_robot_msgs/srv/_get_conversation_s.c
-- Installing: /home/sex/Synapse/ai_robot_ws/install/ai_robot_msgs/local/lib/python3.10/dist-packages/ai_robot_msgs/srv/_get_conversation.py
-- Installing: /home/sex/Synapse/ai_robot_ws/install/ai_robot_msgs/local/lib/python3.10/dist-packages/ai_robot_msgs/__init__.py
-- Installing: /home/sex/Synapse/ai_robot_ws/install/ai_robot_msgs/local/lib/python3.10/dist-packages/ai_robot_msgs/_ai_robot_msgs_s.ep.rosidl_typesupport_fastrtps_c.c
-- Installing: /home/sex/Synapse/ai_robot_ws/install/ai_robot_msgs/local/lib/python3.10/dist-packages/ai_robot_msgs/_ai_robot_msgs_s.ep.rosidl_typesupport_introspection_c.c
-- Installing: /home/sex/Synapse/ai_robot_ws/install/ai_robot_msgs/local/lib/python3.10/dist-packages/ai_robot_msgs/ai_robot_msgs_s__rosidl_typesupport_c.cpython-310-x86_64-linux-gnu.so
Listing '/home/sex/Synapse/ai_robot_ws/install/ai_robot_msgs/local/lib/python3.10/dist-packages/ai_robot_msgs'...
Compiling '/home/sex/Synapse/ai_robot_ws/install/ai_robot_msgs/local/lib/python3.10/dist-packages/ai_robot_msgs/__init__.py'...
Listing '/home/sex/Synapse/ai_robot_ws/install/ai_robot_msgs/local/lib/python3.10/dist-packages/ai_robot_msgs/msg'...
Compiling '/home/sex/Synapse/ai_robot_ws/install/ai_robot_msgs/local/lib/python3.10/dist-packages/ai_robot_msgs/msg/__init__.py'...
Compiling '/home/sex/Synapse/ai_robot_ws/install/ai_robot_msgs/local/lib/python3.10/dist-packages/ai_robot_msgs/msg/_person.py'...
Compiling '/home/sex/Synapse/ai_robot_ws/install/ai_robot_msgs/local/lib/python3.10/dist-packages/ai_robot_msgs/msg/_person_array.py'...
Listing '/home/sex/Synapse/ai_robot_ws/install/ai_robot_msgs/local/lib/python3.10/dist-packages/ai_robot_msgs/srv'...
Compiling '/home/sex/Synapse/ai_robot_ws/install/ai_robot_msgs/local/lib/python3.10/dist-packages/ai_robot_msgs/srv/__init__.py'...
Compiling '/home/sex/Synapse/ai_robot_ws/install/ai_robot_msgs/local/lib/python3.10/dist-packages/ai_robot_msgs/srv/_get_conversation.py'...
Compiling '/home/sex/Synapse/ai_robot_ws/install/ai_robot_msgs/local/lib/python3.10/dist-packages/ai_robot_msgs/srv/_lookup_person.py'...
Compiling '/home/sex/Synapse/ai_robot_ws/install/ai_robot_msgs/local/lib/python3.10/dist-packages/ai_robot_msgs/srv/_register_person.py'...
Compiling '/home/sex/Synapse/ai_robot_ws/install/ai_robot_msgs/local/lib/python3.10/dist-packages/ai_robot_msgs/srv/_store_conversation.py'...
-- Installing: /home/sex/Synapse/ai_robot_ws/install/ai_robot_msgs/local/lib/python3.10/dist-packages/ai_robot_msgs/ai_robot_msgs_s__rosidl_typesupport_fastrtps_c.cpython-310-x86_64-linux-gnu.so
-- Set runtime path of "/home/sex/Synapse/ai_robot_ws/install/ai_robot_msgs/local/lib/python3.10/dist-packages/ai_robot_msgs/ai_robot_msgs_s__rosidl_typesupport_fastrtps_c.cpython-310-x86_64-linux-gnu.so" to ""
-- Installing: /home/sex/Synapse/ai_robot_ws/install/ai_robot_msgs/local/lib/python3.10/dist-packages/ai_robot_msgs/ai_robot_msgs_s__rosidl_typesupport_introspection_c.cpython-310-x86_64-linux-gnu.so
-- Set runtime path of "/home/sex/Synapse/ai_robot_ws/install/ai_robot_msgs/local/lib/python3.10/dist-packages/ai_robot_msgs/ai_robot_msgs_s__rosidl_typesupport_introspection_c.cpython-310-x86_64-linux-gnu.so" to ""
-- Installing: /home/sex/Synapse/ai_robot_ws/install/ai_robot_msgs/local/lib/python3.10/dist-packages/ai_robot_msgs/ai_robot_msgs_s__rosidl_typesupport_c.cpython-310-x86_64-linux-gnu.so
-- Set runtime path of "/home/sex/Synapse/ai_robot_ws/install/ai_robot_msgs/local/lib/python3.10/dist-packages/ai_robot_msgs/ai_robot_msgs_s__rosidl_typesupport_c.cpython-310-x86_64-linux-gnu.so" to ""
-- Installing: /home/sex/Synapse/ai_robot_ws/install/ai_robot_msgs/lib/libai_robot_msgs__rosidl_generator_py.so
-- Set runtime path of "/home/sex/Synapse/ai_robot_ws/install/ai_robot_msgs/lib/libai_robot_msgs__rosidl_generator_py.so" to ""
-- Installing: /home/sex/Synapse/ai_robot_ws/install/ai_robot_msgs/share/ai_robot_msgs/msg/Person.idl
-- Installing: /home/sex/Synapse/ai_robot_ws/install/ai_robot_msgs/share/ai_robot_msgs/msg/PersonArray.idl
-- Installing: /home/sex/Synapse/ai_robot_ws/install/ai_robot_msgs/share/ai_robot_msgs/srv/GetConversation.idl
-- Installing: /home/sex/Synapse/ai_robot_ws/install/ai_robot_msgs/share/ai_robot_msgs/srv/LookupPerson.idl
-- Installing: /home/sex/Synapse/ai_robot_ws/install/ai_robot_msgs/share/ai_robot_msgs/srv/RegisterPerson.idl
-- Installing: /home/sex/Synapse/ai_robot_ws/install/ai_robot_msgs/share/ai_robot_msgs/srv/StoreConversation.idl
-- Installing: /home/sex/Synapse/ai_robot_ws/install/ai_robot_msgs/share/ai_robot_msgs/msg/Person.msg
-- Installing: /home/sex/Synapse/ai_robot_ws/install/ai_robot_msgs/share/ai_robot_msgs/msg/PersonArray.msg
-- Installing: /home/sex/Synapse/ai_robot_ws/install/ai_robot_msgs/share/ai_robot_msgs/srv/GetConversation.srv
-- Installing: /home/sex/Synapse/ai_robot_ws/install/ai_robot_msgs/share/ai_robot_msgs/srv/GetConversation_Request.msg
-- Installing: /home/sex/Synapse/ai_robot_ws/install/ai_robot_msgs/share/ai_robot_msgs/srv/GetConversation_Response.msg
-- Installing: /home/sex/Synapse/ai_robot_ws/install/ai_robot_msgs/share/ai_robot_msgs/srv/LookupPerson.srv
-- Installing: /home/sex/Synapse/ai_robot_ws/install/ai_robot_msgs/share/ai_robot_msgs/srv/LookupPerson_Request.msg
-- Installing: /home/sex/Synapse/ai_robot_ws/install/ai_robot_msgs/share/ai_robot_msgs/srv/LookupPerson_Response.msg
-- Installing: /home/sex/Synapse/ai_robot_ws/install/ai_robot_msgs/share/ai_robot_msgs/srv/RegisterPerson.srv
-- Installing: /home/sex/Synapse/ai_robot_ws/install/ai_robot_msgs/share/ai_robot_msgs/srv/RegisterPerson_Request.msg
-- Installing: /home/sex/Synapse/ai_robot_ws/install/ai_robot_msgs/share/ai_robot_msgs/srv/RegisterPerson_Response.msg
-- Installing: /home/sex/Synapse/ai_robot_ws/install/ai_robot_msgs/share/ai_robot_msgs/srv/StoreConversation.srv
-- Installing: /home/sex/Synapse/ai_robot_ws/install/ai_robot_msgs/share/ai_robot_msgs/srv/StoreConversation_Request.msg
-- Installing: /home/sex/Synapse/ai_robot_ws/install/ai_robot_msgs/share/ai_robot_msgs/srv/StoreConversation_Response.msg
-- Installing: /home/sex/Synapse/ai_robot_ws/install/ai_robot_msgs/share/ament_index/resource_index/package_run_dependencies/ai_robot_msgs
-- Installing: /home/sex/Synapse/ai_robot_ws/install/ai_robot_msgs/share/ament_index/resource_index/parent_prefix_path/ai_robot_msgs
-- Installing: /home/sex/Synapse/ai_robot_ws/install/ai_robot_msgs/share/ai_robot_msgs/environment/ament_prefix_path.sh
-- Installing: /home/sex/Synapse/ai_robot_ws/install/ai_robot_msgs/share/ai_robot_msgs/environment/ament_prefix_path.dsv
-- Installing: /home/sex/Synapse/ai_robot_ws/install/ai_robot_msgs/share/ai_robot_msgs/environment/path.sh
-- Installing: /home/sex/Synapse/ai_robot_ws/install/ai_robot_msgs/share/ai_robot_msgs/environment/path.dsv
-- Installing: /home/sex/Synapse/ai_robot_ws/install/ai_robot_msgs/share/ai_robot_msgs/local_setup.bash
-- Installing: /home/sex/Synapse/ai_robot_ws/install/ai_robot_msgs/share/ai_robot_msgs/local_setup.sh
-- Installing: /home/sex/Synapse/ai_robot_ws/install/ai_robot_msgs/share/ai_robot_msgs/local_setup.zsh
-- Installing: /home/sex/Synapse/ai_robot_ws/install/ai_robot_msgs/share/ai_robot_msgs/local_setup.dsv
-- Installing: /home/sex/Synapse/ai_robot_ws/install/ai_robot_msgs/share/ai_robot_msgs/package.dsv
-- Installing: /home/sex/Synapse/ai_robot_ws/install/ai_robot_msgs/share/ament_index/resource_index/packages/ai_robot_msgs
-- Installing: /home/sex/Synapse/ai_robot_ws/install/ai_robot_msgs/share/ai_robot_msgs/cmake/export_ai_robot_msgs__rosidl_generator_cExport.cmake
-- Installing: /home/sex/Synapse/ai_robot_ws/install/ai_robot_msgs/share/ai_robot_msgs/cmake/export_ai_robot_msgs__rosidl_generator_cExport-noconfig.cmake
-- Installing: /home/sex/Synapse/ai_robot_ws/install/ai_robot_msgs/share/ai_robot_msgs/cmake/export_ai_robot_msgs__rosidl_typesupport_fastrtps_cExport.cmake
-- Installing: /home/sex/Synapse/ai_robot_ws/install/ai_robot_msgs/share/ai_robot_msgs/cmake/export_ai_robot_msgs__rosidl_typesupport_fastrtps_cExport-noconfig.cmake
-- Installing: /home/sex/Synapse/ai_robot_ws/install/ai_robot_msgs/share/ai_robot_msgs/cmake/ai_robot_msgs__rosidl_typesupport_introspection_cExport.cmake
-- Installing: /home/sex/Synapse/ai_robot_ws/install/ai_robot_msgs/share/ai_robot_msgs/cmake/ai_robot_msgs__rosidl_typesupport_introspection_cExport-noconfig.cmake
-- Installing: /home/sex/Synapse/ai_robot_ws/install/ai_robot_msgs/share/ai_robot_msgs/cmake/ai_robot_msgs__rosidl_typesupport_cExport.cmake
-- Installing: /home/sex/Synapse/ai_robot_ws/install/ai_robot_msgs/share/ai_robot_msgs/cmake/ai_robot_msgs__rosidl_typesupport_cExport-noconfig.cmake
-- Installing: /home/sex/Synapse/ai_robot_ws/install/ai_robot_msgs/share/ai_robot_msgs/cmake/export_ai_robot_msgs__rosidl_generator_cppExport.cmake
-- Installing: /home/sex/Synapse/ai_robot_ws/install/ai_robot_msgs/share/ai_robot_msgs/cmake/export_ai_robot_msgs__rosidl_typesupport_fastrtps_cppExport.cmake
-- Installing: /home/sex/Synapse/ai_robot_ws/install/ai_robot_msgs/share/ai_robot_msgs/cmake/export_ai_robot_msgs__rosidl_typesupport_fastrtps_cppExport-noconfig.cmake
-- Installing: /home/sex/Synapse/ai_robot_ws/install/ai_robot_msgs/share/ai_robot_msgs/cmake/ai_robot_msgs__rosidl_typesupport_introspection_cppExport.cmake
-- Installing: /home/sex/Synapse/ai_robot_ws/install/ai_robot_msgs/share/ai_robot_msgs/cmake/ai_robot_msgs__rosidl_typesupport_introspection_cppExport-noconfig.cmake
-- Installing: /home/sex/Synapse/ai_robot_ws/install/ai_robot_msgs/share/ai_robot_msgs/cmake/ai_robot_msgs__rosidl_typesupport_cppExport.cmake
-- Installing: /home/sex/Synapse/ai_robot_ws/install/ai_robot_msgs/share/ai_robot_msgs/cmake/ai_robot_msgs__rosidl_typesupport_cppExport-noconfig.cmake
-- Installing: /home/sex/Synapse/ai_robot_ws/install/ai_robot_msgs/share/ai_robot_msgs/cmake/export_ai_robot_msgs__rosidl_generator_pyExport.cmake
-- Installing: /home/sex/Synapse/ai_robot_ws/install/ai_robot_msgs/share/ai_robot_msgs/cmake/export_ai_robot_msgs__rosidl_generator_pyExport-noconfig.cmake
-- Installing: /home/sex/Synapse/ai_robot_ws/install/ai_robot_msgs/share/ai_robot_msgs/cmake/rosidl_cmake-extras.cmake
-- Installing: /home/sex/Synapse/ai_robot_ws/install/ai_robot_msgs/share/ai_robot_msgs/cmake/ament_cmake_export_dependencies-extras.cmake
-- Installing: /home/sex/Synapse/ai_robot_ws/install/ai_robot_msgs/share/ai_robot_msgs/cmake/ament_cmake_export_include_directories-extras.cmake
-- Installing: /home/sex/Synapse/ai_robot_ws/install/ai_robot_msgs/share/ai_robot_msgs/cmake/ament_cmake_export_libraries-extras.cmake
-- Installing: /home/sex/Synapse/ai_robot_ws/install/ai_robot_msgs/share/ai_robot_msgs/cmake/ament_cmake_export_targets-extras.cmake
-- Installing: /home/sex/Synapse/ai_robot_ws/install/ai_robot_msgs/share/ai_robot_msgs/cmake/rosidl_cmake_export_typesupport_targets-extras.cmake
-- Installing: /home/sex/Synapse/ai_robot_ws/install/ai_robot_msgs/share/ai_robot_msgs/cmake/rosidl_cmake_export_typesupport_libraries-extras.cmake
-- Installing: /home/sex/Synapse/ai_robot_ws/install/ai_robot_msgs/share/ai_robot_msgs/cmake/ai_robot_msgsConfig.cmake
-- Installing: /home/sex/Synapse/ai_robot_ws/install/ai_robot_msgs/share/ai_robot_msgs/cmake/ai_robot_msgsConfig-version.cmake
-- Installing: /home/sex/Synapse/ai_robot_ws/install/ai_robot_msgs/share/ai_robot_msgs/package.xml
