[0.022s] Invoking command in '/home/sex/Synapse/ai_robot_ws/build/ai_robot_msgs': /usr/bin/cmake /home/sex/Synapse/ai_robot_ws/src/ai_robot_msgs -DCATKIN_INSTALL_INTO_PREFIX_ROOT=0 -DCMAKE_INSTALL_PREFIX=/home/sex/Synapse/ai_robot_ws/install/ai_robot_msgs
[0.477s] -- The C compiler identification is GNU 11.4.0
[0.587s] -- The CXX compiler identification is GNU 11.4.0
[0.673s] -- Detecting C compiler ABI info
[0.818s] -- Detecting C compiler ABI info - done
[0.825s] -- Check for working C compiler: /usr/bin/cc - skipped
[0.827s] -- Detecting C compile features
[0.829s] -- Detecting C compile features - done
[0.839s] -- Detecting CXX compiler ABI info
[0.979s] -- Detecting CXX compiler ABI info - done
[0.989s] -- Check for working CXX compiler: /usr/bin/c++ - skipped
[0.990s] -- Detecting CXX compile features
[0.990s] -- Detecting CXX compile features - done
[1.025s] -- Found ament_cmake: 1.3.12 (/opt/ros/humble/share/ament_cmake/cmake)
[1.288s] -- Found Python3: /usr/bin/python3 (found version "3.10.12") found components: Interpreter 
[1.601s] -- Found rosidl_default_generators: 1.2.0 (/opt/ros/humble/share/rosidl_default_generators/cmake)
[1.616s] -- Using all available rosidl_typesupport_c: rosidl_typesupport_fastrtps_c;rosidl_typesupport_introspection_c
[1.661s] -- Found rosidl_adapter: 3.1.7 (/opt/ros/humble/share/rosidl_adapter/cmake)
[1.807s] -- Using all available rosidl_typesupport_cpp: rosidl_typesupport_fastrtps_cpp;rosidl_typesupport_introspection_cpp
[1.911s] -- Found std_msgs: 4.9.0 (/opt/ros/humble/share/std_msgs/cmake)
[2.038s] -- Found geometry_msgs: 4.9.0 (/opt/ros/humble/share/geometry_msgs/cmake)
[2.502s] -- Found ament_cmake_ros: 0.10.0 (/opt/ros/humble/share/ament_cmake_ros/cmake)
[2.790s] -- Using all available rosidl_typesupport_c: rosidl_typesupport_fastrtps_c;rosidl_typesupport_introspection_c
[3.155s] -- Using all available rosidl_typesupport_cpp: rosidl_typesupport_fastrtps_cpp;rosidl_typesupport_introspection_cpp
[3.194s] -- Found PythonInterp: /usr/bin/python3 (found suitable version "3.10.12", minimum required is "3.6") 
[3.198s] -- Found python_cmake_module: 0.10.0 (/opt/ros/humble/share/python_cmake_module/cmake)
[3.245s] -- Found PythonLibs: /usr/lib/x86_64-linux-gnu/libpython3.10.so (found suitable version "3.10.12", minimum required is "3.5") 
[3.245s] -- Using PYTHON_EXECUTABLE: /usr/bin/python3
[3.245s] -- Using PYTHON_INCLUDE_DIRS: /usr/include/python3.10
[3.245s] -- Using PYTHON_LIBRARIES: /usr/lib/x86_64-linux-gnu/libpython3.10.so
[3.270s] -- Found PythonExtra: .so  
[3.400s] -- Configuring done
[3.463s] -- Generating done
[3.466s] [33mCMake Warning:
[3.466s]   Manually-specified variables were not used by the project:
[3.466s] 
[3.466s]     CATKIN_INSTALL_INTO_PREFIX_ROOT
[3.466s] 
[3.466s] [0m
[3.482s] -- Build files have been written to: /home/sex/Synapse/ai_robot_ws/build/ai_robot_msgs
[3.489s] Invoked command in '/home/sex/Synapse/ai_robot_ws/build/ai_robot_msgs' returned '0': /usr/bin/cmake /home/sex/Synapse/ai_robot_ws/src/ai_robot_msgs -DCATKIN_INSTALL_INTO_PREFIX_ROOT=0 -DCMAKE_INSTALL_PREFIX=/home/sex/Synapse/ai_robot_ws/install/ai_robot_msgs
[3.491s] Invoking command in '/home/sex/Synapse/ai_robot_ws/build/ai_robot_msgs': /usr/bin/cmake --build /home/sex/Synapse/ai_robot_ws/build/ai_robot_msgs -- -j4 -l4
[3.536s] [  1%] [34m[1mGenerating C code for ROS interfaces[0m
[3.557s] [  2%] [34m[1mGenerating C++ code for ROS interfaces[0m
[3.565s] [  2%] Built target ament_cmake_python_copy_ai_robot_msgs
[4.003s] running egg_info
[4.004s] creating ai_robot_msgs.egg-info
[4.005s] writing ai_robot_msgs.egg-info/PKG-INFO
[4.005s] writing dependency_links to ai_robot_msgs.egg-info/dependency_links.txt
[4.006s] writing top-level names to ai_robot_msgs.egg-info/top_level.txt
[4.006s] writing manifest file 'ai_robot_msgs.egg-info/SOURCES.txt'
[4.010s] reading manifest file 'ai_robot_msgs.egg-info/SOURCES.txt'
[4.012s] writing manifest file 'ai_robot_msgs.egg-info/SOURCES.txt'
[4.064s] [  2%] Built target ament_cmake_python_build_ai_robot_msgs_egg
[4.661s] [  4%] [32mBuilding C object CMakeFiles/ai_robot_msgs__rosidl_generator_c.dir/rosidl_generator_c/ai_robot_msgs/msg/detail/person__functions.c.o[0m
[4.662s] [  5%] [32mBuilding C object CMakeFiles/ai_robot_msgs__rosidl_generator_c.dir/rosidl_generator_c/ai_robot_msgs/msg/detail/person_array__functions.c.o[0m
[4.674s] [  7%] [32mBuilding C object CMakeFiles/ai_robot_msgs__rosidl_generator_c.dir/rosidl_generator_c/ai_robot_msgs/srv/detail/get_conversation__functions.c.o[0m
[4.780s] [  8%] [32mBuilding C object CMakeFiles/ai_robot_msgs__rosidl_generator_c.dir/rosidl_generator_c/ai_robot_msgs/srv/detail/lookup_person__functions.c.o[0m
[4.795s] [  9%] [32mBuilding C object CMakeFiles/ai_robot_msgs__rosidl_generator_c.dir/rosidl_generator_c/ai_robot_msgs/srv/detail/register_person__functions.c.o[0m
[4.801s] [ 11%] [32mBuilding C object CMakeFiles/ai_robot_msgs__rosidl_generator_c.dir/rosidl_generator_c/ai_robot_msgs/srv/detail/store_conversation__functions.c.o[0m
[4.920s] [ 12%] [32m[1mLinking C shared library libai_robot_msgs__rosidl_generator_c.so[0m
[4.950s] [ 12%] Built target ai_robot_msgs__cpp
[4.973s] [ 14%] [34m[1mGenerating C++ type support dispatch for ROS interfaces[0m
[4.976s] [ 15%] [34m[1mGenerating C++ type support for eProsima Fast-RTPS[0m
[5.005s] [ 16%] [34m[1mGenerating C++ introspection for ROS interfaces[0m
[5.018s] [ 16%] Built target ai_robot_msgs__rosidl_generator_c
[5.036s] [ 18%] [34m[1mGenerating C type support for eProsima Fast-RTPS[0m
[6.123s] [ 19%] [32mBuilding CXX object CMakeFiles/ai_robot_msgs__rosidl_typesupport_cpp.dir/rosidl_typesupport_cpp/ai_robot_msgs/msg/person__type_support.cpp.o[0m
[6.461s] [ 21%] [32mBuilding CXX object CMakeFiles/ai_robot_msgs__rosidl_typesupport_introspection_cpp.dir/rosidl_typesupport_introspection_cpp/ai_robot_msgs/msg/detail/person__type_support.cpp.o[0m
[6.629s] [ 22%] [32mBuilding CXX object CMakeFiles/ai_robot_msgs__rosidl_typesupport_fastrtps_cpp.dir/rosidl_typesupport_fastrtps_cpp/ai_robot_msgs/msg/detail/dds_fastrtps/person__type_support.cpp.o[0m
[6.723s] [ 23%] [32mBuilding CXX object CMakeFiles/ai_robot_msgs__rosidl_typesupport_fastrtps_c.dir/rosidl_typesupport_fastrtps_c/ai_robot_msgs/msg/detail/person__type_support_c.cpp.o[0m
[6.770s] [ 25%] [32mBuilding CXX object CMakeFiles/ai_robot_msgs__rosidl_typesupport_cpp.dir/rosidl_typesupport_cpp/ai_robot_msgs/msg/person_array__type_support.cpp.o[0m
[7.397s] [ 26%] [32mBuilding CXX object CMakeFiles/ai_robot_msgs__rosidl_typesupport_cpp.dir/rosidl_typesupport_cpp/ai_robot_msgs/srv/get_conversation__type_support.cpp.o[0m
[7.593s] [ 28%] [32mBuilding CXX object CMakeFiles/ai_robot_msgs__rosidl_typesupport_fastrtps_c.dir/rosidl_typesupport_fastrtps_c/ai_robot_msgs/msg/detail/person_array__type_support_c.cpp.o[0m
[7.638s] [ 29%] [32mBuilding CXX object CMakeFiles/ai_robot_msgs__rosidl_typesupport_introspection_cpp.dir/rosidl_typesupport_introspection_cpp/ai_robot_msgs/msg/detail/person_array__type_support.cpp.o[0m
[7.872s] [ 30%] [32mBuilding CXX object CMakeFiles/ai_robot_msgs__rosidl_typesupport_fastrtps_cpp.dir/rosidl_typesupport_fastrtps_cpp/ai_robot_msgs/msg/detail/dds_fastrtps/person_array__type_support.cpp.o[0m
[8.025s] [ 32%] [32mBuilding CXX object CMakeFiles/ai_robot_msgs__rosidl_typesupport_cpp.dir/rosidl_typesupport_cpp/ai_robot_msgs/srv/lookup_person__type_support.cpp.o[0m
[8.305s] [ 33%] [32mBuilding CXX object CMakeFiles/ai_robot_msgs__rosidl_typesupport_fastrtps_c.dir/rosidl_typesupport_fastrtps_c/ai_robot_msgs/srv/detail/get_conversation__type_support_c.cpp.o[0m
[8.635s] [ 35%] [32mBuilding CXX object CMakeFiles/ai_robot_msgs__rosidl_typesupport_cpp.dir/rosidl_typesupport_cpp/ai_robot_msgs/srv/register_person__type_support.cpp.o[0m
[8.773s] [ 36%] [32mBuilding CXX object CMakeFiles/ai_robot_msgs__rosidl_typesupport_introspection_cpp.dir/rosidl_typesupport_introspection_cpp/ai_robot_msgs/srv/detail/get_conversation__type_support.cpp.o[0m
[8.874s] [ 38%] [32mBuilding CXX object CMakeFiles/ai_robot_msgs__rosidl_typesupport_fastrtps_cpp.dir/rosidl_typesupport_fastrtps_cpp/ai_robot_msgs/srv/detail/dds_fastrtps/get_conversation__type_support.cpp.o[0m
[9.117s] [ 39%] [32mBuilding CXX object CMakeFiles/ai_robot_msgs__rosidl_typesupport_fastrtps_c.dir/rosidl_typesupport_fastrtps_c/ai_robot_msgs/srv/detail/lookup_person__type_support_c.cpp.o[0m
[9.161s] [ 40%] [32mBuilding CXX object CMakeFiles/ai_robot_msgs__rosidl_typesupport_cpp.dir/rosidl_typesupport_cpp/ai_robot_msgs/srv/store_conversation__type_support.cpp.o[0m
[9.687s] [ 42%] [32mBuilding CXX object CMakeFiles/ai_robot_msgs__rosidl_typesupport_introspection_cpp.dir/rosidl_typesupport_introspection_cpp/ai_robot_msgs/srv/detail/lookup_person__type_support.cpp.o[0m
[9.762s] [ 43%] [32m[1mLinking CXX shared library libai_robot_msgs__rosidl_typesupport_cpp.so[0m
[9.798s] [ 45%] [32mBuilding CXX object CMakeFiles/ai_robot_msgs__rosidl_typesupport_fastrtps_c.dir/rosidl_typesupport_fastrtps_c/ai_robot_msgs/srv/detail/register_person__type_support_c.cpp.o[0m
[9.809s] [ 46%] [32mBuilding CXX object CMakeFiles/ai_robot_msgs__rosidl_typesupport_fastrtps_cpp.dir/rosidl_typesupport_fastrtps_cpp/ai_robot_msgs/srv/detail/dds_fastrtps/lookup_person__type_support.cpp.o[0m
[9.855s] [ 46%] Built target ai_robot_msgs__rosidl_typesupport_cpp
[9.869s] [ 47%] [32mBuilding CXX object CMakeFiles/ai_robot_msgs__rosidl_typesupport_introspection_cpp.dir/rosidl_typesupport_introspection_cpp/ai_robot_msgs/srv/detail/register_person__type_support.cpp.o[0m
[10.527s] [ 49%] [32mBuilding CXX object CMakeFiles/ai_robot_msgs__rosidl_typesupport_fastrtps_c.dir/rosidl_typesupport_fastrtps_c/ai_robot_msgs/srv/detail/store_conversation__type_support_c.cpp.o[0m
[10.605s] [ 50%] [32mBuilding CXX object CMakeFiles/ai_robot_msgs__rosidl_typesupport_fastrtps_cpp.dir/rosidl_typesupport_fastrtps_cpp/ai_robot_msgs/srv/detail/dds_fastrtps/register_person__type_support.cpp.o[0m
[10.725s] [ 52%] [32mBuilding CXX object CMakeFiles/ai_robot_msgs__rosidl_typesupport_introspection_cpp.dir/rosidl_typesupport_introspection_cpp/ai_robot_msgs/srv/detail/store_conversation__type_support.cpp.o[0m
[10.740s] [ 53%] [32mBuilding CXX object CMakeFiles/ai_robot_msgs__rosidl_typesupport_fastrtps_cpp.dir/rosidl_typesupport_fastrtps_cpp/ai_robot_msgs/srv/detail/dds_fastrtps/store_conversation__type_support.cpp.o[0m
[11.254s] [ 54%] [32m[1mLinking CXX shared library libai_robot_msgs__rosidl_typesupport_fastrtps_c.so[0m
[11.493s] [ 54%] Built target ai_robot_msgs__rosidl_typesupport_fastrtps_c
[11.514s] [ 56%] [34m[1mGenerating C introspection for ROS interfaces[0m
[11.570s] [ 57%] [32m[1mLinking CXX shared library libai_robot_msgs__rosidl_typesupport_introspection_cpp.so[0m
[11.665s] [ 59%] [34m[1mGenerating C type support dispatch for ROS interfaces[0m
[11.703s] [ 60%] [32m[1mLinking CXX shared library libai_robot_msgs__rosidl_typesupport_fastrtps_cpp.so[0m
[11.778s] [ 60%] Built target ai_robot_msgs__rosidl_typesupport_introspection_cpp
[11.902s] [ 60%] Built target ai_robot_msgs__rosidl_typesupport_fastrtps_cpp
[12.391s] [ 63%] [32mBuilding CXX object CMakeFiles/ai_robot_msgs__rosidl_typesupport_c.dir/rosidl_typesupport_c/ai_robot_msgs/msg/person__type_support.cpp.o[0m
[12.392s] [ 63%] [32mBuilding CXX object CMakeFiles/ai_robot_msgs__rosidl_typesupport_c.dir/rosidl_typesupport_c/ai_robot_msgs/msg/person_array__type_support.cpp.o[0m
[12.398s] [ 64%] [32mBuilding CXX object CMakeFiles/ai_robot_msgs__rosidl_typesupport_c.dir/rosidl_typesupport_c/ai_robot_msgs/srv/get_conversation__type_support.cpp.o[0m
[12.457s] [ 66%] [32mBuilding CXX object CMakeFiles/ai_robot_msgs__rosidl_typesupport_c.dir/rosidl_typesupport_c/ai_robot_msgs/srv/lookup_person__type_support.cpp.o[0m
[12.459s] [ 67%] [32mBuilding CXX object CMakeFiles/ai_robot_msgs__rosidl_typesupport_c.dir/rosidl_typesupport_c/ai_robot_msgs/srv/register_person__type_support.cpp.o[0m
[12.469s] [ 69%] [32mBuilding CXX object CMakeFiles/ai_robot_msgs__rosidl_typesupport_c.dir/rosidl_typesupport_c/ai_robot_msgs/srv/store_conversation__type_support.cpp.o[0m
[12.525s] [ 70%] [32m[1mLinking CXX shared library libai_robot_msgs__rosidl_typesupport_c.so[0m
[12.594s] [ 73%] [32mBuilding C object CMakeFiles/ai_robot_msgs__rosidl_typesupport_introspection_c.dir/rosidl_typesupport_introspection_c/ai_robot_msgs/msg/detail/person_array__type_support.c.o[0m
[12.594s] [ 73%] [32mBuilding C object CMakeFiles/ai_robot_msgs__rosidl_typesupport_introspection_c.dir/rosidl_typesupport_introspection_c/ai_robot_msgs/srv/detail/get_conversation__type_support.c.o[0m
[12.595s] [ 74%] [32mBuilding C object CMakeFiles/ai_robot_msgs__rosidl_typesupport_introspection_c.dir/rosidl_typesupport_introspection_c/ai_robot_msgs/msg/detail/person__type_support.c.o[0m
[12.607s] [ 74%] Built target ai_robot_msgs__rosidl_typesupport_c
[12.620s] [ 76%] [32mBuilding C object CMakeFiles/ai_robot_msgs__rosidl_typesupport_introspection_c.dir/rosidl_typesupport_introspection_c/ai_robot_msgs/srv/detail/lookup_person__type_support.c.o[0m
[12.678s] [ 77%] [32mBuilding C object CMakeFiles/ai_robot_msgs__rosidl_typesupport_introspection_c.dir/rosidl_typesupport_introspection_c/ai_robot_msgs/srv/detail/register_person__type_support.c.o[0m
[12.685s] [ 78%] [32mBuilding C object CMakeFiles/ai_robot_msgs__rosidl_typesupport_introspection_c.dir/rosidl_typesupport_introspection_c/ai_robot_msgs/srv/detail/store_conversation__type_support.c.o[0m
[12.740s] [ 80%] [32m[1mLinking C shared library libai_robot_msgs__rosidl_typesupport_introspection_c.so[0m
[12.785s] [ 80%] Built target ai_robot_msgs__rosidl_typesupport_introspection_c
[12.808s] [ 80%] Built target ai_robot_msgs
[12.833s] [ 81%] [34m[1mGenerating Python code for ROS interfaces[0m
[14.227s] [ 81%] Built target ai_robot_msgs__py
[14.261s] [ 83%] [32mBuilding C object CMakeFiles/ai_robot_msgs__rosidl_generator_py.dir/rosidl_generator_py/ai_robot_msgs/msg/_person_s.c.o[0m
[14.261s] [ 84%] [32mBuilding C object CMakeFiles/ai_robot_msgs__rosidl_generator_py.dir/rosidl_generator_py/ai_robot_msgs/srv/_get_conversation_s.c.o[0m
[14.262s] [ 85%] [32mBuilding C object CMakeFiles/ai_robot_msgs__rosidl_generator_py.dir/rosidl_generator_py/ai_robot_msgs/msg/_person_array_s.c.o[0m
[14.266s] [ 87%] [32mBuilding C object CMakeFiles/ai_robot_msgs__rosidl_generator_py.dir/rosidl_generator_py/ai_robot_msgs/srv/_lookup_person_s.c.o[0m
[14.804s] [ 88%] [32mBuilding C object CMakeFiles/ai_robot_msgs__rosidl_generator_py.dir/rosidl_generator_py/ai_robot_msgs/srv/_store_conversation_s.c.o[0m
[14.806s] [ 90%] [32mBuilding C object CMakeFiles/ai_robot_msgs__rosidl_generator_py.dir/rosidl_generator_py/ai_robot_msgs/srv/_register_person_s.c.o[0m
[14.956s] [ 91%] [32m[1mLinking C shared library rosidl_generator_py/ai_robot_msgs/libai_robot_msgs__rosidl_generator_py.so[0m
[15.010s] [ 91%] Built target ai_robot_msgs__rosidl_generator_py
[15.034s] [ 92%] [32mBuilding C object CMakeFiles/ai_robot_msgs__rosidl_typesupport_c__pyext.dir/rosidl_generator_py/ai_robot_msgs/_ai_robot_msgs_s.ep.rosidl_typesupport_c.c.o[0m
[15.038s] [ 95%] [32mBuilding C object CMakeFiles/ai_robot_msgs__rosidl_typesupport_fastrtps_c__pyext.dir/rosidl_generator_py/ai_robot_msgs/_ai_robot_msgs_s.ep.rosidl_typesupport_fastrtps_c.c.o[0m
[15.038s] [ 95%] [32mBuilding C object CMakeFiles/ai_robot_msgs__rosidl_typesupport_introspection_c__pyext.dir/rosidl_generator_py/ai_robot_msgs/_ai_robot_msgs_s.ep.rosidl_typesupport_introspection_c.c.o[0m
[15.210s] [ 97%] [32m[1mLinking C shared library rosidl_generator_py/ai_robot_msgs/ai_robot_msgs_s__rosidl_typesupport_c.cpython-310-x86_64-linux-gnu.so[0m
[15.255s] [100%] [32m[1mLinking C shared library rosidl_generator_py/ai_robot_msgs/ai_robot_msgs_s__rosidl_typesupport_introspection_c.cpython-310-x86_64-linux-gnu.so[0m
[15.256s] [100%] [32m[1mLinking C shared library rosidl_generator_py/ai_robot_msgs/ai_robot_msgs_s__rosidl_typesupport_fastrtps_c.cpython-310-x86_64-linux-gnu.so[0m
[15.270s] [100%] Built target ai_robot_msgs__rosidl_typesupport_c__pyext
[15.308s] [100%] Built target ai_robot_msgs__rosidl_typesupport_introspection_c__pyext
[15.308s] [100%] Built target ai_robot_msgs__rosidl_typesupport_fastrtps_c__pyext
[15.323s] Invoked command in '/home/sex/Synapse/ai_robot_ws/build/ai_robot_msgs' returned '0': /usr/bin/cmake --build /home/sex/Synapse/ai_robot_ws/build/ai_robot_msgs -- -j4 -l4
[15.347s] Invoking command in '/home/sex/Synapse/ai_robot_ws/build/ai_robot_msgs': /usr/bin/cmake --install /home/sex/Synapse/ai_robot_ws/build/ai_robot_msgs
[15.377s] -- Install configuration: ""
[15.378s] -- Installing: /home/sex/Synapse/ai_robot_ws/install/ai_robot_msgs/share/ament_index/resource_index/rosidl_interfaces/ai_robot_msgs
[15.378s] -- Installing: /home/sex/Synapse/ai_robot_ws/install/ai_robot_msgs/include/ai_robot_msgs/ai_robot_msgs
[15.379s] -- Installing: /home/sex/Synapse/ai_robot_ws/install/ai_robot_msgs/include/ai_robot_msgs/ai_robot_msgs/msg
[15.380s] -- Installing: /home/sex/Synapse/ai_robot_ws/install/ai_robot_msgs/include/ai_robot_msgs/ai_robot_msgs/msg/rosidl_generator_c__visibility_control.h
[15.380s] -- Installing: /home/sex/Synapse/ai_robot_ws/install/ai_robot_msgs/include/ai_robot_msgs/ai_robot_msgs/msg/person.h
[15.381s] -- Installing: /home/sex/Synapse/ai_robot_ws/install/ai_robot_msgs/include/ai_robot_msgs/ai_robot_msgs/msg/detail
[15.382s] -- Installing: /home/sex/Synapse/ai_robot_ws/install/ai_robot_msgs/include/ai_robot_msgs/ai_robot_msgs/msg/detail/person__type_support.h
[15.384s] -- Installing: /home/sex/Synapse/ai_robot_ws/install/ai_robot_msgs/include/ai_robot_msgs/ai_robot_msgs/msg/detail/person__functions.c
[15.384s] -- Installing: /home/sex/Synapse/ai_robot_ws/install/ai_robot_msgs/include/ai_robot_msgs/ai_robot_msgs/msg/detail/person__struct.h
[15.384s] -- Installing: /home/sex/Synapse/ai_robot_ws/install/ai_robot_msgs/include/ai_robot_msgs/ai_robot_msgs/msg/detail/person_array__functions.h
[15.384s] -- Installing: /home/sex/Synapse/ai_robot_ws/install/ai_robot_msgs/include/ai_robot_msgs/ai_robot_msgs/msg/detail/person_array__struct.h
[15.385s] -- Installing: /home/sex/Synapse/ai_robot_ws/install/ai_robot_msgs/include/ai_robot_msgs/ai_robot_msgs/msg/detail/person__functions.h
[15.386s] -- Installing: /home/sex/Synapse/ai_robot_ws/install/ai_robot_msgs/include/ai_robot_msgs/ai_robot_msgs/msg/detail/person_array__type_support.h
[15.386s] -- Installing: /home/sex/Synapse/ai_robot_ws/install/ai_robot_msgs/include/ai_robot_msgs/ai_robot_msgs/msg/detail/person_array__functions.c
[15.387s] -- Installing: /home/sex/Synapse/ai_robot_ws/install/ai_robot_msgs/include/ai_robot_msgs/ai_robot_msgs/msg/person_array.h
[15.389s] -- Installing: /home/sex/Synapse/ai_robot_ws/install/ai_robot_msgs/include/ai_robot_msgs/ai_robot_msgs/srv
[15.389s] -- Installing: /home/sex/Synapse/ai_robot_ws/install/ai_robot_msgs/include/ai_robot_msgs/ai_robot_msgs/srv/store_conversation.h
[15.391s] -- Installing: /home/sex/Synapse/ai_robot_ws/install/ai_robot_msgs/include/ai_robot_msgs/ai_robot_msgs/srv/get_conversation.h
[15.394s] -- Installing: /home/sex/Synapse/ai_robot_ws/install/ai_robot_msgs/include/ai_robot_msgs/ai_robot_msgs/srv/lookup_person.h
[15.394s] -- Installing: /home/sex/Synapse/ai_robot_ws/install/ai_robot_msgs/include/ai_robot_msgs/ai_robot_msgs/srv/detail
[15.394s] -- Installing: /home/sex/Synapse/ai_robot_ws/install/ai_robot_msgs/include/ai_robot_msgs/ai_robot_msgs/srv/detail/lookup_person__struct.h
[15.394s] -- Installing: /home/sex/Synapse/ai_robot_ws/install/ai_robot_msgs/include/ai_robot_msgs/ai_robot_msgs/srv/detail/lookup_person__functions.c
[15.394s] -- Installing: /home/sex/Synapse/ai_robot_ws/install/ai_robot_msgs/include/ai_robot_msgs/ai_robot_msgs/srv/detail/lookup_person__type_support.h
[15.394s] -- Installing: /home/sex/Synapse/ai_robot_ws/install/ai_robot_msgs/include/ai_robot_msgs/ai_robot_msgs/srv/detail/register_person__type_support.h
[15.395s] -- Installing: /home/sex/Synapse/ai_robot_ws/install/ai_robot_msgs/include/ai_robot_msgs/ai_robot_msgs/srv/detail/get_conversation__functions.c
[15.395s] -- Installing: /home/sex/Synapse/ai_robot_ws/install/ai_robot_msgs/include/ai_robot_msgs/ai_robot_msgs/srv/detail/register_person__functions.h
[15.395s] -- Installing: /home/sex/Synapse/ai_robot_ws/install/ai_robot_msgs/include/ai_robot_msgs/ai_robot_msgs/srv/detail/get_conversation__functions.h
[15.395s] -- Installing: /home/sex/Synapse/ai_robot_ws/install/ai_robot_msgs/include/ai_robot_msgs/ai_robot_msgs/srv/detail/lookup_person__functions.h
[15.395s] -- Installing: /home/sex/Synapse/ai_robot_ws/install/ai_robot_msgs/include/ai_robot_msgs/ai_robot_msgs/srv/detail/get_conversation__struct.h
[15.395s] -- Installing: /home/sex/Synapse/ai_robot_ws/install/ai_robot_msgs/include/ai_robot_msgs/ai_robot_msgs/srv/detail/store_conversation__struct.h
[15.395s] -- Installing: /home/sex/Synapse/ai_robot_ws/install/ai_robot_msgs/include/ai_robot_msgs/ai_robot_msgs/srv/detail/register_person__struct.h
[15.395s] -- Installing: /home/sex/Synapse/ai_robot_ws/install/ai_robot_msgs/include/ai_robot_msgs/ai_robot_msgs/srv/detail/store_conversation__functions.h
[15.395s] -- Installing: /home/sex/Synapse/ai_robot_ws/install/ai_robot_msgs/include/ai_robot_msgs/ai_robot_msgs/srv/detail/store_conversation__type_support.h
[15.395s] -- Installing: /home/sex/Synapse/ai_robot_ws/install/ai_robot_msgs/include/ai_robot_msgs/ai_robot_msgs/srv/detail/store_conversation__functions.c
[15.395s] -- Installing: /home/sex/Synapse/ai_robot_ws/install/ai_robot_msgs/include/ai_robot_msgs/ai_robot_msgs/srv/detail/register_person__functions.c
[15.395s] -- Installing: /home/sex/Synapse/ai_robot_ws/install/ai_robot_msgs/include/ai_robot_msgs/ai_robot_msgs/srv/detail/get_conversation__type_support.h
[15.395s] -- Installing: /home/sex/Synapse/ai_robot_ws/install/ai_robot_msgs/include/ai_robot_msgs/ai_robot_msgs/srv/register_person.h
[15.396s] -- Installing: /home/sex/Synapse/ai_robot_ws/install/ai_robot_msgs/share/ai_robot_msgs/environment/library_path.sh
[15.396s] -- Installing: /home/sex/Synapse/ai_robot_ws/install/ai_robot_msgs/share/ai_robot_msgs/environment/library_path.dsv
[15.396s] -- Installing: /home/sex/Synapse/ai_robot_ws/install/ai_robot_msgs/lib/libai_robot_msgs__rosidl_generator_c.so
[15.396s] -- Set runtime path of "/home/sex/Synapse/ai_robot_ws/install/ai_robot_msgs/lib/libai_robot_msgs__rosidl_generator_c.so" to ""
[15.396s] -- Up-to-date: /home/sex/Synapse/ai_robot_ws/install/ai_robot_msgs/include/ai_robot_msgs/ai_robot_msgs
[15.396s] -- Up-to-date: /home/sex/Synapse/ai_robot_ws/install/ai_robot_msgs/include/ai_robot_msgs/ai_robot_msgs/msg
[15.396s] -- Installing: /home/sex/Synapse/ai_robot_ws/install/ai_robot_msgs/include/ai_robot_msgs/ai_robot_msgs/msg/rosidl_typesupport_fastrtps_c__visibility_control.h
[15.396s] -- Up-to-date: /home/sex/Synapse/ai_robot_ws/install/ai_robot_msgs/include/ai_robot_msgs/ai_robot_msgs/msg/detail
[15.396s] -- Installing: /home/sex/Synapse/ai_robot_ws/install/ai_robot_msgs/include/ai_robot_msgs/ai_robot_msgs/msg/detail/person_array__rosidl_typesupport_fastrtps_c.h
[15.396s] -- Installing: /home/sex/Synapse/ai_robot_ws/install/ai_robot_msgs/include/ai_robot_msgs/ai_robot_msgs/msg/detail/person__rosidl_typesupport_fastrtps_c.h
[15.397s] -- Up-to-date: /home/sex/Synapse/ai_robot_ws/install/ai_robot_msgs/include/ai_robot_msgs/ai_robot_msgs/srv
[15.397s] -- Up-to-date: /home/sex/Synapse/ai_robot_ws/install/ai_robot_msgs/include/ai_robot_msgs/ai_robot_msgs/srv/detail
[15.397s] -- Installing: /home/sex/Synapse/ai_robot_ws/install/ai_robot_msgs/include/ai_robot_msgs/ai_robot_msgs/srv/detail/lookup_person__rosidl_typesupport_fastrtps_c.h
[15.397s] -- Installing: /home/sex/Synapse/ai_robot_ws/install/ai_robot_msgs/include/ai_robot_msgs/ai_robot_msgs/srv/detail/store_conversation__rosidl_typesupport_fastrtps_c.h
[15.397s] -- Installing: /home/sex/Synapse/ai_robot_ws/install/ai_robot_msgs/include/ai_robot_msgs/ai_robot_msgs/srv/detail/register_person__rosidl_typesupport_fastrtps_c.h
[15.397s] -- Installing: /home/sex/Synapse/ai_robot_ws/install/ai_robot_msgs/include/ai_robot_msgs/ai_robot_msgs/srv/detail/get_conversation__rosidl_typesupport_fastrtps_c.h
[15.397s] -- Installing: /home/sex/Synapse/ai_robot_ws/install/ai_robot_msgs/lib/libai_robot_msgs__rosidl_typesupport_fastrtps_c.so
[15.397s] -- Set runtime path of "/home/sex/Synapse/ai_robot_ws/install/ai_robot_msgs/lib/libai_robot_msgs__rosidl_typesupport_fastrtps_c.so" to ""
[15.397s] -- Up-to-date: /home/sex/Synapse/ai_robot_ws/install/ai_robot_msgs/include/ai_robot_msgs/ai_robot_msgs
[15.397s] -- Up-to-date: /home/sex/Synapse/ai_robot_ws/install/ai_robot_msgs/include/ai_robot_msgs/ai_robot_msgs/msg
[15.398s] -- Up-to-date: /home/sex/Synapse/ai_robot_ws/install/ai_robot_msgs/include/ai_robot_msgs/ai_robot_msgs/msg/detail
[15.398s] -- Installing: /home/sex/Synapse/ai_robot_ws/install/ai_robot_msgs/include/ai_robot_msgs/ai_robot_msgs/msg/detail/person_array__rosidl_typesupport_introspection_c.h
[15.398s] -- Installing: /home/sex/Synapse/ai_robot_ws/install/ai_robot_msgs/include/ai_robot_msgs/ai_robot_msgs/msg/detail/person__type_support.c
[15.399s] -- Installing: /home/sex/Synapse/ai_robot_ws/install/ai_robot_msgs/include/ai_robot_msgs/ai_robot_msgs/msg/detail/person__rosidl_typesupport_introspection_c.h
[15.399s] -- Installing: /home/sex/Synapse/ai_robot_ws/install/ai_robot_msgs/include/ai_robot_msgs/ai_robot_msgs/msg/detail/person_array__type_support.c
[15.399s] -- Installing: /home/sex/Synapse/ai_robot_ws/install/ai_robot_msgs/include/ai_robot_msgs/ai_robot_msgs/msg/rosidl_typesupport_introspection_c__visibility_control.h
[15.399s] -- Up-to-date: /home/sex/Synapse/ai_robot_ws/install/ai_robot_msgs/include/ai_robot_msgs/ai_robot_msgs/srv
[15.399s] -- Up-to-date: /home/sex/Synapse/ai_robot_ws/install/ai_robot_msgs/include/ai_robot_msgs/ai_robot_msgs/srv/detail
[15.399s] -- Installing: /home/sex/Synapse/ai_robot_ws/install/ai_robot_msgs/include/ai_robot_msgs/ai_robot_msgs/srv/detail/store_conversation__rosidl_typesupport_introspection_c.h
[15.399s] -- Installing: /home/sex/Synapse/ai_robot_ws/install/ai_robot_msgs/include/ai_robot_msgs/ai_robot_msgs/srv/detail/register_person__rosidl_typesupport_introspection_c.h
[15.399s] -- Installing: /home/sex/Synapse/ai_robot_ws/install/ai_robot_msgs/include/ai_robot_msgs/ai_robot_msgs/srv/detail/store_conversation__type_support.c
[15.399s] -- Installing: /home/sex/Synapse/ai_robot_ws/install/ai_robot_msgs/include/ai_robot_msgs/ai_robot_msgs/srv/detail/register_person__type_support.c
[15.399s] -- Installing: /home/sex/Synapse/ai_robot_ws/install/ai_robot_msgs/include/ai_robot_msgs/ai_robot_msgs/srv/detail/get_conversation__rosidl_typesupport_introspection_c.h
[15.400s] -- Installing: /home/sex/Synapse/ai_robot_ws/install/ai_robot_msgs/include/ai_robot_msgs/ai_robot_msgs/srv/detail/get_conversation__type_support.c
[15.400s] -- Installing: /home/sex/Synapse/ai_robot_ws/install/ai_robot_msgs/include/ai_robot_msgs/ai_robot_msgs/srv/detail/lookup_person__type_support.c
[15.400s] -- Installing: /home/sex/Synapse/ai_robot_ws/install/ai_robot_msgs/include/ai_robot_msgs/ai_robot_msgs/srv/detail/lookup_person__rosidl_typesupport_introspection_c.h
[15.401s] -- Installing: /home/sex/Synapse/ai_robot_ws/install/ai_robot_msgs/lib/libai_robot_msgs__rosidl_typesupport_introspection_c.so
[15.401s] -- Set runtime path of "/home/sex/Synapse/ai_robot_ws/install/ai_robot_msgs/lib/libai_robot_msgs__rosidl_typesupport_introspection_c.so" to ""
[15.401s] -- Installing: /home/sex/Synapse/ai_robot_ws/install/ai_robot_msgs/lib/libai_robot_msgs__rosidl_typesupport_c.so
[15.402s] -- Set runtime path of "/home/sex/Synapse/ai_robot_ws/install/ai_robot_msgs/lib/libai_robot_msgs__rosidl_typesupport_c.so" to ""
[15.402s] -- Up-to-date: /home/sex/Synapse/ai_robot_ws/install/ai_robot_msgs/include/ai_robot_msgs/ai_robot_msgs
[15.402s] -- Up-to-date: /home/sex/Synapse/ai_robot_ws/install/ai_robot_msgs/include/ai_robot_msgs/ai_robot_msgs/msg
[15.402s] -- Installing: /home/sex/Synapse/ai_robot_ws/install/ai_robot_msgs/include/ai_robot_msgs/ai_robot_msgs/msg/person.hpp
[15.402s] -- Installing: /home/sex/Synapse/ai_robot_ws/install/ai_robot_msgs/include/ai_robot_msgs/ai_robot_msgs/msg/person_array.hpp
[15.402s] -- Up-to-date: /home/sex/Synapse/ai_robot_ws/install/ai_robot_msgs/include/ai_robot_msgs/ai_robot_msgs/msg/detail
[15.403s] -- Installing: /home/sex/Synapse/ai_robot_ws/install/ai_robot_msgs/include/ai_robot_msgs/ai_robot_msgs/msg/detail/person_array__builder.hpp
[15.403s] -- Installing: /home/sex/Synapse/ai_robot_ws/install/ai_robot_msgs/include/ai_robot_msgs/ai_robot_msgs/msg/detail/person__builder.hpp
[15.403s] -- Installing: /home/sex/Synapse/ai_robot_ws/install/ai_robot_msgs/include/ai_robot_msgs/ai_robot_msgs/msg/detail/person__type_support.hpp
[15.403s] -- Installing: /home/sex/Synapse/ai_robot_ws/install/ai_robot_msgs/include/ai_robot_msgs/ai_robot_msgs/msg/detail/person_array__type_support.hpp
[15.403s] -- Installing: /home/sex/Synapse/ai_robot_ws/install/ai_robot_msgs/include/ai_robot_msgs/ai_robot_msgs/msg/detail/person__struct.hpp
[15.403s] -- Installing: /home/sex/Synapse/ai_robot_ws/install/ai_robot_msgs/include/ai_robot_msgs/ai_robot_msgs/msg/detail/person_array__struct.hpp
[15.404s] -- Installing: /home/sex/Synapse/ai_robot_ws/install/ai_robot_msgs/include/ai_robot_msgs/ai_robot_msgs/msg/detail/person__traits.hpp
[15.404s] -- Installing: /home/sex/Synapse/ai_robot_ws/install/ai_robot_msgs/include/ai_robot_msgs/ai_robot_msgs/msg/detail/person_array__traits.hpp
[15.404s] -- Installing: /home/sex/Synapse/ai_robot_ws/install/ai_robot_msgs/include/ai_robot_msgs/ai_robot_msgs/msg/rosidl_generator_cpp__visibility_control.hpp
[15.404s] -- Up-to-date: /home/sex/Synapse/ai_robot_ws/install/ai_robot_msgs/include/ai_robot_msgs/ai_robot_msgs/srv
[15.404s] -- Installing: /home/sex/Synapse/ai_robot_ws/install/ai_robot_msgs/include/ai_robot_msgs/ai_robot_msgs/srv/store_conversation.hpp
[15.404s] -- Installing: /home/sex/Synapse/ai_robot_ws/install/ai_robot_msgs/include/ai_robot_msgs/ai_robot_msgs/srv/register_person.hpp
[15.405s] -- Up-to-date: /home/sex/Synapse/ai_robot_ws/install/ai_robot_msgs/include/ai_robot_msgs/ai_robot_msgs/srv/detail
[15.405s] -- Installing: /home/sex/Synapse/ai_robot_ws/install/ai_robot_msgs/include/ai_robot_msgs/ai_robot_msgs/srv/detail/get_conversation__type_support.hpp
[15.405s] -- Installing: /home/sex/Synapse/ai_robot_ws/install/ai_robot_msgs/include/ai_robot_msgs/ai_robot_msgs/srv/detail/store_conversation__builder.hpp
[15.405s] -- Installing: /home/sex/Synapse/ai_robot_ws/install/ai_robot_msgs/include/ai_robot_msgs/ai_robot_msgs/srv/detail/get_conversation__traits.hpp
[15.405s] -- Installing: /home/sex/Synapse/ai_robot_ws/install/ai_robot_msgs/include/ai_robot_msgs/ai_robot_msgs/srv/detail/get_conversation__struct.hpp
[15.405s] -- Installing: /home/sex/Synapse/ai_robot_ws/install/ai_robot_msgs/include/ai_robot_msgs/ai_robot_msgs/srv/detail/register_person__type_support.hpp
[15.406s] -- Installing: /home/sex/Synapse/ai_robot_ws/install/ai_robot_msgs/include/ai_robot_msgs/ai_robot_msgs/srv/detail/lookup_person__builder.hpp
[15.406s] -- Installing: /home/sex/Synapse/ai_robot_ws/install/ai_robot_msgs/include/ai_robot_msgs/ai_robot_msgs/srv/detail/lookup_person__traits.hpp
[15.406s] -- Installing: /home/sex/Synapse/ai_robot_ws/install/ai_robot_msgs/include/ai_robot_msgs/ai_robot_msgs/srv/detail/store_conversation__type_support.hpp
[15.406s] -- Installing: /home/sex/Synapse/ai_robot_ws/install/ai_robot_msgs/include/ai_robot_msgs/ai_robot_msgs/srv/detail/store_conversation__struct.hpp
[15.407s] -- Installing: /home/sex/Synapse/ai_robot_ws/install/ai_robot_msgs/include/ai_robot_msgs/ai_robot_msgs/srv/detail/store_conversation__traits.hpp
[15.407s] -- Installing: /home/sex/Synapse/ai_robot_ws/install/ai_robot_msgs/include/ai_robot_msgs/ai_robot_msgs/srv/detail/register_person__struct.hpp
[15.407s] -- Installing: /home/sex/Synapse/ai_robot_ws/install/ai_robot_msgs/include/ai_robot_msgs/ai_robot_msgs/srv/detail/get_conversation__builder.hpp
[15.407s] -- Installing: /home/sex/Synapse/ai_robot_ws/install/ai_robot_msgs/include/ai_robot_msgs/ai_robot_msgs/srv/detail/lookup_person__struct.hpp
[15.408s] -- Installing: /home/sex/Synapse/ai_robot_ws/install/ai_robot_msgs/include/ai_robot_msgs/ai_robot_msgs/srv/detail/lookup_person__type_support.hpp
[15.408s] -- Installing: /home/sex/Synapse/ai_robot_ws/install/ai_robot_msgs/include/ai_robot_msgs/ai_robot_msgs/srv/detail/register_person__traits.hpp
[15.408s] -- Installing: /home/sex/Synapse/ai_robot_ws/install/ai_robot_msgs/include/ai_robot_msgs/ai_robot_msgs/srv/detail/register_person__builder.hpp
[15.408s] -- Installing: /home/sex/Synapse/ai_robot_ws/install/ai_robot_msgs/include/ai_robot_msgs/ai_robot_msgs/srv/get_conversation.hpp
[15.408s] -- Installing: /home/sex/Synapse/ai_robot_ws/install/ai_robot_msgs/include/ai_robot_msgs/ai_robot_msgs/srv/lookup_person.hpp
[15.408s] -- Up-to-date: /home/sex/Synapse/ai_robot_ws/install/ai_robot_msgs/include/ai_robot_msgs/ai_robot_msgs
[15.409s] -- Up-to-date: /home/sex/Synapse/ai_robot_ws/install/ai_robot_msgs/include/ai_robot_msgs/ai_robot_msgs/msg
[15.409s] -- Up-to-date: /home/sex/Synapse/ai_robot_ws/install/ai_robot_msgs/include/ai_robot_msgs/ai_robot_msgs/msg/detail
[15.409s] -- Installing: /home/sex/Synapse/ai_robot_ws/install/ai_robot_msgs/include/ai_robot_msgs/ai_robot_msgs/msg/detail/dds_fastrtps
[15.409s] -- Installing: /home/sex/Synapse/ai_robot_ws/install/ai_robot_msgs/include/ai_robot_msgs/ai_robot_msgs/msg/detail/person_array__rosidl_typesupport_fastrtps_cpp.hpp
[15.409s] -- Installing: /home/sex/Synapse/ai_robot_ws/install/ai_robot_msgs/include/ai_robot_msgs/ai_robot_msgs/msg/detail/person__rosidl_typesupport_fastrtps_cpp.hpp
[15.410s] -- Installing: /home/sex/Synapse/ai_robot_ws/install/ai_robot_msgs/include/ai_robot_msgs/ai_robot_msgs/msg/rosidl_typesupport_fastrtps_cpp__visibility_control.h
[15.410s] -- Up-to-date: /home/sex/Synapse/ai_robot_ws/install/ai_robot_msgs/include/ai_robot_msgs/ai_robot_msgs/srv
[15.410s] -- Up-to-date: /home/sex/Synapse/ai_robot_ws/install/ai_robot_msgs/include/ai_robot_msgs/ai_robot_msgs/srv/detail
[15.410s] -- Installing: /home/sex/Synapse/ai_robot_ws/install/ai_robot_msgs/include/ai_robot_msgs/ai_robot_msgs/srv/detail/get_conversation__rosidl_typesupport_fastrtps_cpp.hpp
[15.410s] -- Installing: /home/sex/Synapse/ai_robot_ws/install/ai_robot_msgs/include/ai_robot_msgs/ai_robot_msgs/srv/detail/dds_fastrtps
[15.410s] -- Installing: /home/sex/Synapse/ai_robot_ws/install/ai_robot_msgs/include/ai_robot_msgs/ai_robot_msgs/srv/detail/store_conversation__rosidl_typesupport_fastrtps_cpp.hpp
[15.410s] -- Installing: /home/sex/Synapse/ai_robot_ws/install/ai_robot_msgs/include/ai_robot_msgs/ai_robot_msgs/srv/detail/lookup_person__rosidl_typesupport_fastrtps_cpp.hpp
[15.410s] -- Installing: /home/sex/Synapse/ai_robot_ws/install/ai_robot_msgs/include/ai_robot_msgs/ai_robot_msgs/srv/detail/register_person__rosidl_typesupport_fastrtps_cpp.hpp
[15.410s] -- Installing: /home/sex/Synapse/ai_robot_ws/install/ai_robot_msgs/lib/libai_robot_msgs__rosidl_typesupport_fastrtps_cpp.so
[15.411s] -- Set runtime path of "/home/sex/Synapse/ai_robot_ws/install/ai_robot_msgs/lib/libai_robot_msgs__rosidl_typesupport_fastrtps_cpp.so" to ""
[15.412s] -- Up-to-date: /home/sex/Synapse/ai_robot_ws/install/ai_robot_msgs/include/ai_robot_msgs/ai_robot_msgs
[15.412s] -- Up-to-date: /home/sex/Synapse/ai_robot_ws/install/ai_robot_msgs/include/ai_robot_msgs/ai_robot_msgs/msg
[15.412s] -- Up-to-date: /home/sex/Synapse/ai_robot_ws/install/ai_robot_msgs/include/ai_robot_msgs/ai_robot_msgs/msg/detail
[15.412s] -- Installing: /home/sex/Synapse/ai_robot_ws/install/ai_robot_msgs/include/ai_robot_msgs/ai_robot_msgs/msg/detail/person_array__rosidl_typesupport_introspection_cpp.hpp
[15.412s] -- Installing: /home/sex/Synapse/ai_robot_ws/install/ai_robot_msgs/include/ai_robot_msgs/ai_robot_msgs/msg/detail/person_array__type_support.cpp
[15.412s] -- Installing: /home/sex/Synapse/ai_robot_ws/install/ai_robot_msgs/include/ai_robot_msgs/ai_robot_msgs/msg/detail/person__rosidl_typesupport_introspection_cpp.hpp
[15.412s] -- Installing: /home/sex/Synapse/ai_robot_ws/install/ai_robot_msgs/include/ai_robot_msgs/ai_robot_msgs/msg/detail/person__type_support.cpp
[15.412s] -- Up-to-date: /home/sex/Synapse/ai_robot_ws/install/ai_robot_msgs/include/ai_robot_msgs/ai_robot_msgs/srv
[15.413s] -- Up-to-date: /home/sex/Synapse/ai_robot_ws/install/ai_robot_msgs/include/ai_robot_msgs/ai_robot_msgs/srv/detail
[15.413s] -- Installing: /home/sex/Synapse/ai_robot_ws/install/ai_robot_msgs/include/ai_robot_msgs/ai_robot_msgs/srv/detail/register_person__type_support.cpp
[15.413s] -- Installing: /home/sex/Synapse/ai_robot_ws/install/ai_robot_msgs/include/ai_robot_msgs/ai_robot_msgs/srv/detail/lookup_person__rosidl_typesupport_introspection_cpp.hpp
[15.413s] -- Installing: /home/sex/Synapse/ai_robot_ws/install/ai_robot_msgs/include/ai_robot_msgs/ai_robot_msgs/srv/detail/get_conversation__rosidl_typesupport_introspection_cpp.hpp
[15.413s] -- Installing: /home/sex/Synapse/ai_robot_ws/install/ai_robot_msgs/include/ai_robot_msgs/ai_robot_msgs/srv/detail/register_person__rosidl_typesupport_introspection_cpp.hpp
[15.413s] -- Installing: /home/sex/Synapse/ai_robot_ws/install/ai_robot_msgs/include/ai_robot_msgs/ai_robot_msgs/srv/detail/store_conversation__type_support.cpp
[15.413s] -- Installing: /home/sex/Synapse/ai_robot_ws/install/ai_robot_msgs/include/ai_robot_msgs/ai_robot_msgs/srv/detail/lookup_person__type_support.cpp
[15.413s] -- Installing: /home/sex/Synapse/ai_robot_ws/install/ai_robot_msgs/include/ai_robot_msgs/ai_robot_msgs/srv/detail/store_conversation__rosidl_typesupport_introspection_cpp.hpp
[15.414s] -- Installing: /home/sex/Synapse/ai_robot_ws/install/ai_robot_msgs/include/ai_robot_msgs/ai_robot_msgs/srv/detail/get_conversation__type_support.cpp
[15.414s] -- Installing: /home/sex/Synapse/ai_robot_ws/install/ai_robot_msgs/lib/libai_robot_msgs__rosidl_typesupport_introspection_cpp.so
[15.415s] -- Set runtime path of "/home/sex/Synapse/ai_robot_ws/install/ai_robot_msgs/lib/libai_robot_msgs__rosidl_typesupport_introspection_cpp.so" to ""
[15.415s] -- Installing: /home/sex/Synapse/ai_robot_ws/install/ai_robot_msgs/lib/libai_robot_msgs__rosidl_typesupport_cpp.so
[15.415s] -- Set runtime path of "/home/sex/Synapse/ai_robot_ws/install/ai_robot_msgs/lib/libai_robot_msgs__rosidl_typesupport_cpp.so" to ""
[15.415s] -- Installing: /home/sex/Synapse/ai_robot_ws/install/ai_robot_msgs/share/ai_robot_msgs/environment/pythonpath.sh
[15.416s] -- Installing: /home/sex/Synapse/ai_robot_ws/install/ai_robot_msgs/share/ai_robot_msgs/environment/pythonpath.dsv
[15.416s] -- Installing: /home/sex/Synapse/ai_robot_ws/install/ai_robot_msgs/local/lib/python3.10/dist-packages/ai_robot_msgs-0.0.0-py3.10.egg-info
[15.416s] -- Installing: /home/sex/Synapse/ai_robot_ws/install/ai_robot_msgs/local/lib/python3.10/dist-packages/ai_robot_msgs-0.0.0-py3.10.egg-info/PKG-INFO
[15.416s] -- Installing: /home/sex/Synapse/ai_robot_ws/install/ai_robot_msgs/local/lib/python3.10/dist-packages/ai_robot_msgs-0.0.0-py3.10.egg-info/dependency_links.txt
[15.416s] -- Installing: /home/sex/Synapse/ai_robot_ws/install/ai_robot_msgs/local/lib/python3.10/dist-packages/ai_robot_msgs-0.0.0-py3.10.egg-info/top_level.txt
[15.417s] -- Installing: /home/sex/Synapse/ai_robot_ws/install/ai_robot_msgs/local/lib/python3.10/dist-packages/ai_robot_msgs-0.0.0-py3.10.egg-info/SOURCES.txt
[15.417s] -- Installing: /home/sex/Synapse/ai_robot_ws/install/ai_robot_msgs/local/lib/python3.10/dist-packages/ai_robot_msgs
[15.417s] -- Installing: /home/sex/Synapse/ai_robot_ws/install/ai_robot_msgs/local/lib/python3.10/dist-packages/ai_robot_msgs/ai_robot_msgs_s__rosidl_typesupport_fastrtps_c.cpython-310-x86_64-linux-gnu.so
[15.417s] -- Installing: /home/sex/Synapse/ai_robot_ws/install/ai_robot_msgs/local/lib/python3.10/dist-packages/ai_robot_msgs/libai_robot_msgs__rosidl_generator_py.so
[15.417s] -- Installing: /home/sex/Synapse/ai_robot_ws/install/ai_robot_msgs/local/lib/python3.10/dist-packages/ai_robot_msgs/_ai_robot_msgs_s.ep.rosidl_typesupport_c.c
[15.418s] -- Installing: /home/sex/Synapse/ai_robot_ws/install/ai_robot_msgs/local/lib/python3.10/dist-packages/ai_robot_msgs/msg
[15.418s] -- Installing: /home/sex/Synapse/ai_robot_ws/install/ai_robot_msgs/local/lib/python3.10/dist-packages/ai_robot_msgs/msg/_person_s.c
[15.418s] -- Installing: /home/sex/Synapse/ai_robot_ws/install/ai_robot_msgs/local/lib/python3.10/dist-packages/ai_robot_msgs/msg/_person_array.py
[15.418s] -- Installing: /home/sex/Synapse/ai_robot_ws/install/ai_robot_msgs/local/lib/python3.10/dist-packages/ai_robot_msgs/msg/__init__.py
[15.418s] -- Installing: /home/sex/Synapse/ai_robot_ws/install/ai_robot_msgs/local/lib/python3.10/dist-packages/ai_robot_msgs/msg/_person.py
[15.418s] -- Installing: /home/sex/Synapse/ai_robot_ws/install/ai_robot_msgs/local/lib/python3.10/dist-packages/ai_robot_msgs/msg/_person_array_s.c
[15.418s] -- Installing: /home/sex/Synapse/ai_robot_ws/install/ai_robot_msgs/local/lib/python3.10/dist-packages/ai_robot_msgs/ai_robot_msgs_s__rosidl_typesupport_introspection_c.cpython-310-x86_64-linux-gnu.so
[15.419s] -- Installing: /home/sex/Synapse/ai_robot_ws/install/ai_robot_msgs/local/lib/python3.10/dist-packages/ai_robot_msgs/srv
[15.419s] -- Installing: /home/sex/Synapse/ai_robot_ws/install/ai_robot_msgs/local/lib/python3.10/dist-packages/ai_robot_msgs/srv/_store_conversation.py
[15.419s] -- Installing: /home/sex/Synapse/ai_robot_ws/install/ai_robot_msgs/local/lib/python3.10/dist-packages/ai_robot_msgs/srv/_lookup_person_s.c
[15.419s] -- Installing: /home/sex/Synapse/ai_robot_ws/install/ai_robot_msgs/local/lib/python3.10/dist-packages/ai_robot_msgs/srv/_register_person_s.c
[15.419s] -- Installing: /home/sex/Synapse/ai_robot_ws/install/ai_robot_msgs/local/lib/python3.10/dist-packages/ai_robot_msgs/srv/__init__.py
[15.419s] -- Installing: /home/sex/Synapse/ai_robot_ws/install/ai_robot_msgs/local/lib/python3.10/dist-packages/ai_robot_msgs/srv/_lookup_person.py
[15.420s] -- Installing: /home/sex/Synapse/ai_robot_ws/install/ai_robot_msgs/local/lib/python3.10/dist-packages/ai_robot_msgs/srv/_store_conversation_s.c
[15.420s] -- Installing: /home/sex/Synapse/ai_robot_ws/install/ai_robot_msgs/local/lib/python3.10/dist-packages/ai_robot_msgs/srv/_register_person.py
[15.420s] -- Installing: /home/sex/Synapse/ai_robot_ws/install/ai_robot_msgs/local/lib/python3.10/dist-packages/ai_robot_msgs/srv/_get_conversation_s.c
[15.420s] -- Installing: /home/sex/Synapse/ai_robot_ws/install/ai_robot_msgs/local/lib/python3.10/dist-packages/ai_robot_msgs/srv/_get_conversation.py
[15.420s] -- Installing: /home/sex/Synapse/ai_robot_ws/install/ai_robot_msgs/local/lib/python3.10/dist-packages/ai_robot_msgs/__init__.py
[15.420s] -- Installing: /home/sex/Synapse/ai_robot_ws/install/ai_robot_msgs/local/lib/python3.10/dist-packages/ai_robot_msgs/_ai_robot_msgs_s.ep.rosidl_typesupport_fastrtps_c.c
[15.421s] -- Installing: /home/sex/Synapse/ai_robot_ws/install/ai_robot_msgs/local/lib/python3.10/dist-packages/ai_robot_msgs/_ai_robot_msgs_s.ep.rosidl_typesupport_introspection_c.c
[15.421s] -- Installing: /home/sex/Synapse/ai_robot_ws/install/ai_robot_msgs/local/lib/python3.10/dist-packages/ai_robot_msgs/ai_robot_msgs_s__rosidl_typesupport_c.cpython-310-x86_64-linux-gnu.so
[15.483s] Listing '/home/sex/Synapse/ai_robot_ws/install/ai_robot_msgs/local/lib/python3.10/dist-packages/ai_robot_msgs'...
[15.483s] Compiling '/home/sex/Synapse/ai_robot_ws/install/ai_robot_msgs/local/lib/python3.10/dist-packages/ai_robot_msgs/__init__.py'...
[15.483s] Listing '/home/sex/Synapse/ai_robot_ws/install/ai_robot_msgs/local/lib/python3.10/dist-packages/ai_robot_msgs/msg'...
[15.483s] Compiling '/home/sex/Synapse/ai_robot_ws/install/ai_robot_msgs/local/lib/python3.10/dist-packages/ai_robot_msgs/msg/__init__.py'...
[15.483s] Compiling '/home/sex/Synapse/ai_robot_ws/install/ai_robot_msgs/local/lib/python3.10/dist-packages/ai_robot_msgs/msg/_person.py'...
[15.484s] Compiling '/home/sex/Synapse/ai_robot_ws/install/ai_robot_msgs/local/lib/python3.10/dist-packages/ai_robot_msgs/msg/_person_array.py'...
[15.484s] Listing '/home/sex/Synapse/ai_robot_ws/install/ai_robot_msgs/local/lib/python3.10/dist-packages/ai_robot_msgs/srv'...
[15.484s] Compiling '/home/sex/Synapse/ai_robot_ws/install/ai_robot_msgs/local/lib/python3.10/dist-packages/ai_robot_msgs/srv/__init__.py'...
[15.484s] Compiling '/home/sex/Synapse/ai_robot_ws/install/ai_robot_msgs/local/lib/python3.10/dist-packages/ai_robot_msgs/srv/_get_conversation.py'...
[15.484s] Compiling '/home/sex/Synapse/ai_robot_ws/install/ai_robot_msgs/local/lib/python3.10/dist-packages/ai_robot_msgs/srv/_lookup_person.py'...
[15.484s] Compiling '/home/sex/Synapse/ai_robot_ws/install/ai_robot_msgs/local/lib/python3.10/dist-packages/ai_robot_msgs/srv/_register_person.py'...
[15.484s] Compiling '/home/sex/Synapse/ai_robot_ws/install/ai_robot_msgs/local/lib/python3.10/dist-packages/ai_robot_msgs/srv/_store_conversation.py'...
[15.489s] -- Installing: /home/sex/Synapse/ai_robot_ws/install/ai_robot_msgs/local/lib/python3.10/dist-packages/ai_robot_msgs/ai_robot_msgs_s__rosidl_typesupport_fastrtps_c.cpython-310-x86_64-linux-gnu.so
[15.489s] -- Set runtime path of "/home/sex/Synapse/ai_robot_ws/install/ai_robot_msgs/local/lib/python3.10/dist-packages/ai_robot_msgs/ai_robot_msgs_s__rosidl_typesupport_fastrtps_c.cpython-310-x86_64-linux-gnu.so" to ""
[15.490s] -- Installing: /home/sex/Synapse/ai_robot_ws/install/ai_robot_msgs/local/lib/python3.10/dist-packages/ai_robot_msgs/ai_robot_msgs_s__rosidl_typesupport_introspection_c.cpython-310-x86_64-linux-gnu.so
[15.490s] -- Set runtime path of "/home/sex/Synapse/ai_robot_ws/install/ai_robot_msgs/local/lib/python3.10/dist-packages/ai_robot_msgs/ai_robot_msgs_s__rosidl_typesupport_introspection_c.cpython-310-x86_64-linux-gnu.so" to ""
[15.490s] -- Installing: /home/sex/Synapse/ai_robot_ws/install/ai_robot_msgs/local/lib/python3.10/dist-packages/ai_robot_msgs/ai_robot_msgs_s__rosidl_typesupport_c.cpython-310-x86_64-linux-gnu.so
[15.491s] -- Set runtime path of "/home/sex/Synapse/ai_robot_ws/install/ai_robot_msgs/local/lib/python3.10/dist-packages/ai_robot_msgs/ai_robot_msgs_s__rosidl_typesupport_c.cpython-310-x86_64-linux-gnu.so" to ""
[15.491s] -- Installing: /home/sex/Synapse/ai_robot_ws/install/ai_robot_msgs/lib/libai_robot_msgs__rosidl_generator_py.so
[15.491s] -- Set runtime path of "/home/sex/Synapse/ai_robot_ws/install/ai_robot_msgs/lib/libai_robot_msgs__rosidl_generator_py.so" to ""
[15.491s] -- Installing: /home/sex/Synapse/ai_robot_ws/install/ai_robot_msgs/share/ai_robot_msgs/msg/Person.idl
[15.492s] -- Installing: /home/sex/Synapse/ai_robot_ws/install/ai_robot_msgs/share/ai_robot_msgs/msg/PersonArray.idl
[15.492s] -- Installing: /home/sex/Synapse/ai_robot_ws/install/ai_robot_msgs/share/ai_robot_msgs/srv/GetConversation.idl
[15.492s] -- Installing: /home/sex/Synapse/ai_robot_ws/install/ai_robot_msgs/share/ai_robot_msgs/srv/LookupPerson.idl
[15.492s] -- Installing: /home/sex/Synapse/ai_robot_ws/install/ai_robot_msgs/share/ai_robot_msgs/srv/RegisterPerson.idl
[15.492s] -- Installing: /home/sex/Synapse/ai_robot_ws/install/ai_robot_msgs/share/ai_robot_msgs/srv/StoreConversation.idl
[15.492s] -- Installing: /home/sex/Synapse/ai_robot_ws/install/ai_robot_msgs/share/ai_robot_msgs/msg/Person.msg
[15.493s] -- Installing: /home/sex/Synapse/ai_robot_ws/install/ai_robot_msgs/share/ai_robot_msgs/msg/PersonArray.msg
[15.493s] -- Installing: /home/sex/Synapse/ai_robot_ws/install/ai_robot_msgs/share/ai_robot_msgs/srv/GetConversation.srv
[15.493s] -- Installing: /home/sex/Synapse/ai_robot_ws/install/ai_robot_msgs/share/ai_robot_msgs/srv/GetConversation_Request.msg
[15.493s] -- Installing: /home/sex/Synapse/ai_robot_ws/install/ai_robot_msgs/share/ai_robot_msgs/srv/GetConversation_Response.msg
[15.493s] -- Installing: /home/sex/Synapse/ai_robot_ws/install/ai_robot_msgs/share/ai_robot_msgs/srv/LookupPerson.srv
[15.494s] -- Installing: /home/sex/Synapse/ai_robot_ws/install/ai_robot_msgs/share/ai_robot_msgs/srv/LookupPerson_Request.msg
[15.494s] -- Installing: /home/sex/Synapse/ai_robot_ws/install/ai_robot_msgs/share/ai_robot_msgs/srv/LookupPerson_Response.msg
[15.494s] -- Installing: /home/sex/Synapse/ai_robot_ws/install/ai_robot_msgs/share/ai_robot_msgs/srv/RegisterPerson.srv
[15.494s] -- Installing: /home/sex/Synapse/ai_robot_ws/install/ai_robot_msgs/share/ai_robot_msgs/srv/RegisterPerson_Request.msg
[15.494s] -- Installing: /home/sex/Synapse/ai_robot_ws/install/ai_robot_msgs/share/ai_robot_msgs/srv/RegisterPerson_Response.msg
[15.495s] -- Installing: /home/sex/Synapse/ai_robot_ws/install/ai_robot_msgs/share/ai_robot_msgs/srv/StoreConversation.srv
[15.495s] -- Installing: /home/sex/Synapse/ai_robot_ws/install/ai_robot_msgs/share/ai_robot_msgs/srv/StoreConversation_Request.msg
[15.495s] -- Installing: /home/sex/Synapse/ai_robot_ws/install/ai_robot_msgs/share/ai_robot_msgs/srv/StoreConversation_Response.msg
[15.495s] -- Installing: /home/sex/Synapse/ai_robot_ws/install/ai_robot_msgs/share/ament_index/resource_index/package_run_dependencies/ai_robot_msgs
[15.497s] -- Installing: /home/sex/Synapse/ai_robot_ws/install/ai_robot_msgs/share/ament_index/resource_index/parent_prefix_path/ai_robot_msgs
[15.497s] -- Installing: /home/sex/Synapse/ai_robot_ws/install/ai_robot_msgs/share/ai_robot_msgs/environment/ament_prefix_path.sh
[15.497s] -- Installing: /home/sex/Synapse/ai_robot_ws/install/ai_robot_msgs/share/ai_robot_msgs/environment/ament_prefix_path.dsv
[15.498s] -- Installing: /home/sex/Synapse/ai_robot_ws/install/ai_robot_msgs/share/ai_robot_msgs/environment/path.sh
[15.498s] -- Installing: /home/sex/Synapse/ai_robot_ws/install/ai_robot_msgs/share/ai_robot_msgs/environment/path.dsv
[15.498s] -- Installing: /home/sex/Synapse/ai_robot_ws/install/ai_robot_msgs/share/ai_robot_msgs/local_setup.bash
[15.498s] -- Installing: /home/sex/Synapse/ai_robot_ws/install/ai_robot_msgs/share/ai_robot_msgs/local_setup.sh
[15.498s] -- Installing: /home/sex/Synapse/ai_robot_ws/install/ai_robot_msgs/share/ai_robot_msgs/local_setup.zsh
[15.498s] -- Installing: /home/sex/Synapse/ai_robot_ws/install/ai_robot_msgs/share/ai_robot_msgs/local_setup.dsv
[15.498s] -- Installing: /home/sex/Synapse/ai_robot_ws/install/ai_robot_msgs/share/ai_robot_msgs/package.dsv
[15.498s] -- Installing: /home/sex/Synapse/ai_robot_ws/install/ai_robot_msgs/share/ament_index/resource_index/packages/ai_robot_msgs
[15.498s] -- Installing: /home/sex/Synapse/ai_robot_ws/install/ai_robot_msgs/share/ai_robot_msgs/cmake/export_ai_robot_msgs__rosidl_generator_cExport.cmake
[15.499s] -- Installing: /home/sex/Synapse/ai_robot_ws/install/ai_robot_msgs/share/ai_robot_msgs/cmake/export_ai_robot_msgs__rosidl_generator_cExport-noconfig.cmake
[15.499s] -- Installing: /home/sex/Synapse/ai_robot_ws/install/ai_robot_msgs/share/ai_robot_msgs/cmake/export_ai_robot_msgs__rosidl_typesupport_fastrtps_cExport.cmake
[15.499s] -- Installing: /home/sex/Synapse/ai_robot_ws/install/ai_robot_msgs/share/ai_robot_msgs/cmake/export_ai_robot_msgs__rosidl_typesupport_fastrtps_cExport-noconfig.cmake
[15.499s] -- Installing: /home/sex/Synapse/ai_robot_ws/install/ai_robot_msgs/share/ai_robot_msgs/cmake/ai_robot_msgs__rosidl_typesupport_introspection_cExport.cmake
[15.499s] -- Installing: /home/sex/Synapse/ai_robot_ws/install/ai_robot_msgs/share/ai_robot_msgs/cmake/ai_robot_msgs__rosidl_typesupport_introspection_cExport-noconfig.cmake
[15.499s] -- Installing: /home/sex/Synapse/ai_robot_ws/install/ai_robot_msgs/share/ai_robot_msgs/cmake/ai_robot_msgs__rosidl_typesupport_cExport.cmake
[15.499s] -- Installing: /home/sex/Synapse/ai_robot_ws/install/ai_robot_msgs/share/ai_robot_msgs/cmake/ai_robot_msgs__rosidl_typesupport_cExport-noconfig.cmake
[15.500s] -- Installing: /home/sex/Synapse/ai_robot_ws/install/ai_robot_msgs/share/ai_robot_msgs/cmake/export_ai_robot_msgs__rosidl_generator_cppExport.cmake
[15.500s] -- Installing: /home/sex/Synapse/ai_robot_ws/install/ai_robot_msgs/share/ai_robot_msgs/cmake/export_ai_robot_msgs__rosidl_typesupport_fastrtps_cppExport.cmake
[15.500s] -- Installing: /home/sex/Synapse/ai_robot_ws/install/ai_robot_msgs/share/ai_robot_msgs/cmake/export_ai_robot_msgs__rosidl_typesupport_fastrtps_cppExport-noconfig.cmake
[15.500s] -- Installing: /home/sex/Synapse/ai_robot_ws/install/ai_robot_msgs/share/ai_robot_msgs/cmake/ai_robot_msgs__rosidl_typesupport_introspection_cppExport.cmake
[15.500s] -- Installing: /home/sex/Synapse/ai_robot_ws/install/ai_robot_msgs/share/ai_robot_msgs/cmake/ai_robot_msgs__rosidl_typesupport_introspection_cppExport-noconfig.cmake
[15.501s] -- Installing: /home/sex/Synapse/ai_robot_ws/install/ai_robot_msgs/share/ai_robot_msgs/cmake/ai_robot_msgs__rosidl_typesupport_cppExport.cmake
[15.501s] -- Installing: /home/sex/Synapse/ai_robot_ws/install/ai_robot_msgs/share/ai_robot_msgs/cmake/ai_robot_msgs__rosidl_typesupport_cppExport-noconfig.cmake
[15.501s] -- Installing: /home/sex/Synapse/ai_robot_ws/install/ai_robot_msgs/share/ai_robot_msgs/cmake/export_ai_robot_msgs__rosidl_generator_pyExport.cmake
[15.501s] -- Installing: /home/sex/Synapse/ai_robot_ws/install/ai_robot_msgs/share/ai_robot_msgs/cmake/export_ai_robot_msgs__rosidl_generator_pyExport-noconfig.cmake
[15.501s] -- Installing: /home/sex/Synapse/ai_robot_ws/install/ai_robot_msgs/share/ai_robot_msgs/cmake/rosidl_cmake-extras.cmake
[15.501s] -- Installing: /home/sex/Synapse/ai_robot_ws/install/ai_robot_msgs/share/ai_robot_msgs/cmake/ament_cmake_export_dependencies-extras.cmake
[15.502s] -- Installing: /home/sex/Synapse/ai_robot_ws/install/ai_robot_msgs/share/ai_robot_msgs/cmake/ament_cmake_export_include_directories-extras.cmake
[15.502s] -- Installing: /home/sex/Synapse/ai_robot_ws/install/ai_robot_msgs/share/ai_robot_msgs/cmake/ament_cmake_export_libraries-extras.cmake
[15.502s] -- Installing: /home/sex/Synapse/ai_robot_ws/install/ai_robot_msgs/share/ai_robot_msgs/cmake/ament_cmake_export_targets-extras.cmake
[15.502s] -- Installing: /home/sex/Synapse/ai_robot_ws/install/ai_robot_msgs/share/ai_robot_msgs/cmake/rosidl_cmake_export_typesupport_targets-extras.cmake
[15.502s] -- Installing: /home/sex/Synapse/ai_robot_ws/install/ai_robot_msgs/share/ai_robot_msgs/cmake/rosidl_cmake_export_typesupport_libraries-extras.cmake
[15.502s] -- Installing: /home/sex/Synapse/ai_robot_ws/install/ai_robot_msgs/share/ai_robot_msgs/cmake/ai_robot_msgsConfig.cmake
[15.503s] -- Installing: /home/sex/Synapse/ai_robot_ws/install/ai_robot_msgs/share/ai_robot_msgs/cmake/ai_robot_msgsConfig-version.cmake
[15.503s] -- Installing: /home/sex/Synapse/ai_robot_ws/install/ai_robot_msgs/share/ai_robot_msgs/package.xml
[15.506s] Invoked command in '/home/sex/Synapse/ai_robot_ws/build/ai_robot_msgs' returned '0': /usr/bin/cmake --install /home/sex/Synapse/ai_robot_ws/build/ai_robot_msgs
