[0.477s] DEBUG:colcon:Command line arguments: ['/usr/bin/colcon', 'build']
[0.478s] DEBUG:colcon:Parsed command line arguments: Namespace(log_base=None, log_level=None, verb_name='build', build_base='build', install_base='install', merge_install=False, symlink_install=False, test_result_base=None, continue_on_error=False, executor='parallel', parallel_workers=4, event_handlers=None, ignore_user_meta=False, metas=['./colcon.meta'], base_paths=['.'], packages_ignore=None, packages_ignore_regex=None, paths=None, packages_up_to=None, packages_up_to_regex=None, packages_above=None, packages_above_and_dependencies=None, packages_above_depth=None, packages_select_by_dep=None, packages_skip_by_dep=None, packages_skip_up_to=None, packages_select_build_failed=False, packages_skip_build_finished=False, packages_select_test_failures=False, packages_skip_test_passed=False, packages_select=None, packages_skip=None, packages_select_regex=None, packages_skip_regex=None, packages_start=None, packages_end=None, allow_overriding=[], cmake_args=None, cmake_target=None, cmake_target_skip_unavailable=False, cmake_clean_cache=False, cmake_clean_first=False, cmake_force_configure=False, ament_cmake_args=None, catkin_cmake_args=None, catkin_skip_building_tests=False, mixin_files=None, mixin=None, verb_parser=<colcon_mixin.mixin.mixin_argument.MixinArgumentDecorator object at 0x739e7c66d9c0>, verb_extension=<colcon_core.verb.build.BuildVerb object at 0x739e7c7728c0>, main=<bound method BuildVerb.main of <colcon_core.verb.build.BuildVerb object at 0x739e7c7728c0>>, mixin_verb=('build',))
[1.293s] Level 1:colcon.colcon_core.package_discovery:discover_packages(colcon_meta) check parameters
[1.294s] Level 1:colcon.colcon_core.package_discovery:discover_packages(recursive) check parameters
[1.294s] Level 1:colcon.colcon_core.package_discovery:discover_packages(ignore) check parameters
[1.294s] Level 1:colcon.colcon_core.package_discovery:discover_packages(path) check parameters
[1.294s] Level 1:colcon.colcon_core.package_discovery:discover_packages(colcon_meta) discover
[1.294s] Level 1:colcon.colcon_core.package_discovery:discover_packages(recursive) discover
[1.294s] INFO:colcon.colcon_core.package_discovery:Crawling recursively for packages in '/home/sex/Synapse/ai_robot_ws'
[1.294s] Level 1:colcon.colcon_core.package_identification:_identify(.) by extensions ['ignore', 'ignore_ament_install']
[1.295s] Level 1:colcon.colcon_core.package_identification:_identify(.) by extension 'ignore'
[1.295s] Level 1:colcon.colcon_core.package_identification:_identify(.) by extension 'ignore_ament_install'
[1.295s] Level 1:colcon.colcon_core.package_identification:_identify(.) by extensions ['colcon_pkg']
[1.295s] Level 1:colcon.colcon_core.package_identification:_identify(.) by extension 'colcon_pkg'
[1.296s] Level 1:colcon.colcon_core.package_identification:_identify(.) by extensions ['colcon_meta']
[1.296s] Level 1:colcon.colcon_core.package_identification:_identify(.) by extension 'colcon_meta'
[1.296s] Level 1:colcon.colcon_core.package_identification:_identify(.) by extensions ['ros']
[1.296s] Level 1:colcon.colcon_core.package_identification:_identify(.) by extension 'ros'
[1.375s] Level 1:colcon.colcon_core.package_identification:_identify(.) by extensions ['cmake', 'python']
[1.375s] Level 1:colcon.colcon_core.package_identification:_identify(.) by extension 'cmake'
[1.375s] Level 1:colcon.colcon_core.package_identification:_identify(.) by extension 'python'
[1.375s] Level 1:colcon.colcon_core.package_identification:_identify(.) by extensions ['python_setup_py']
[1.375s] Level 1:colcon.colcon_core.package_identification:_identify(.) by extension 'python_setup_py'
[1.376s] Level 1:colcon.colcon_core.package_identification:_identify(build) by extensions ['ignore', 'ignore_ament_install']
[1.376s] Level 1:colcon.colcon_core.package_identification:_identify(build) by extension 'ignore'
[1.376s] Level 1:colcon.colcon_core.package_identification:_identify(build) ignored
[1.376s] Level 1:colcon.colcon_core.package_identification:_identify(install) by extensions ['ignore', 'ignore_ament_install']
[1.377s] Level 1:colcon.colcon_core.package_identification:_identify(install) by extension 'ignore'
[1.377s] Level 1:colcon.colcon_core.package_identification:_identify(install) ignored
[1.377s] Level 1:colcon.colcon_core.package_identification:_identify(log) by extensions ['ignore', 'ignore_ament_install']
[1.377s] Level 1:colcon.colcon_core.package_identification:_identify(log) by extension 'ignore'
[1.377s] Level 1:colcon.colcon_core.package_identification:_identify(log) ignored
[1.377s] Level 1:colcon.colcon_core.package_identification:_identify(src) by extensions ['ignore', 'ignore_ament_install']
[1.377s] Level 1:colcon.colcon_core.package_identification:_identify(src) by extension 'ignore'
[1.377s] Level 1:colcon.colcon_core.package_identification:_identify(src) by extension 'ignore_ament_install'
[1.377s] Level 1:colcon.colcon_core.package_identification:_identify(src) by extensions ['colcon_pkg']
[1.378s] Level 1:colcon.colcon_core.package_identification:_identify(src) by extension 'colcon_pkg'
[1.378s] Level 1:colcon.colcon_core.package_identification:_identify(src) by extensions ['colcon_meta']
[1.378s] Level 1:colcon.colcon_core.package_identification:_identify(src) by extension 'colcon_meta'
[1.378s] Level 1:colcon.colcon_core.package_identification:_identify(src) by extensions ['ros']
[1.378s] Level 1:colcon.colcon_core.package_identification:_identify(src) by extension 'ros'
[1.378s] Level 1:colcon.colcon_core.package_identification:_identify(src) by extensions ['cmake', 'python']
[1.378s] Level 1:colcon.colcon_core.package_identification:_identify(src) by extension 'cmake'
[1.378s] Level 1:colcon.colcon_core.package_identification:_identify(src) by extension 'python'
[1.378s] Level 1:colcon.colcon_core.package_identification:_identify(src) by extensions ['python_setup_py']
[1.378s] Level 1:colcon.colcon_core.package_identification:_identify(src) by extension 'python_setup_py'
[1.378s] Level 1:colcon.colcon_core.package_identification:_identify(src/ai_robot_core) by extensions ['ignore', 'ignore_ament_install']
[1.379s] Level 1:colcon.colcon_core.package_identification:_identify(src/ai_robot_core) by extension 'ignore'
[1.379s] Level 1:colcon.colcon_core.package_identification:_identify(src/ai_robot_core) by extension 'ignore_ament_install'
[1.379s] Level 1:colcon.colcon_core.package_identification:_identify(src/ai_robot_core) by extensions ['colcon_pkg']
[1.379s] Level 1:colcon.colcon_core.package_identification:_identify(src/ai_robot_core) by extension 'colcon_pkg'
[1.379s] Level 1:colcon.colcon_core.package_identification:_identify(src/ai_robot_core) by extensions ['colcon_meta']
[1.379s] Level 1:colcon.colcon_core.package_identification:_identify(src/ai_robot_core) by extension 'colcon_meta'
[1.379s] Level 1:colcon.colcon_core.package_identification:_identify(src/ai_robot_core) by extensions ['ros']
[1.379s] Level 1:colcon.colcon_core.package_identification:_identify(src/ai_robot_core) by extension 'ros'
[1.409s] DEBUG:colcon.colcon_core.package_identification:Package 'src/ai_robot_core' with type 'ros.ament_python' and name 'ai_robot_core'
[1.410s] Level 1:colcon.colcon_core.package_identification:_identify(src/ai_robot_hardware_drivers) by extensions ['ignore', 'ignore_ament_install']
[1.410s] Level 1:colcon.colcon_core.package_identification:_identify(src/ai_robot_hardware_drivers) by extension 'ignore'
[1.410s] Level 1:colcon.colcon_core.package_identification:_identify(src/ai_robot_hardware_drivers) by extension 'ignore_ament_install'
[1.410s] Level 1:colcon.colcon_core.package_identification:_identify(src/ai_robot_hardware_drivers) by extensions ['colcon_pkg']
[1.410s] Level 1:colcon.colcon_core.package_identification:_identify(src/ai_robot_hardware_drivers) by extension 'colcon_pkg'
[1.410s] Level 1:colcon.colcon_core.package_identification:_identify(src/ai_robot_hardware_drivers) by extensions ['colcon_meta']
[1.410s] Level 1:colcon.colcon_core.package_identification:_identify(src/ai_robot_hardware_drivers) by extension 'colcon_meta'
[1.411s] Level 1:colcon.colcon_core.package_identification:_identify(src/ai_robot_hardware_drivers) by extensions ['ros']
[1.411s] Level 1:colcon.colcon_core.package_identification:_identify(src/ai_robot_hardware_drivers) by extension 'ros'
[1.413s] DEBUG:colcon.colcon_core.package_identification:Package 'src/ai_robot_hardware_drivers' with type 'ros.ament_python' and name 'ai_robot_hardware_drivers'
[1.413s] Level 1:colcon.colcon_core.package_identification:_identify(src/ai_robot_msgs) by extensions ['ignore', 'ignore_ament_install']
[1.413s] Level 1:colcon.colcon_core.package_identification:_identify(src/ai_robot_msgs) by extension 'ignore'
[1.413s] Level 1:colcon.colcon_core.package_identification:_identify(src/ai_robot_msgs) by extension 'ignore_ament_install'
[1.414s] Level 1:colcon.colcon_core.package_identification:_identify(src/ai_robot_msgs) by extensions ['colcon_pkg']
[1.414s] Level 1:colcon.colcon_core.package_identification:_identify(src/ai_robot_msgs) by extension 'colcon_pkg'
[1.414s] Level 1:colcon.colcon_core.package_identification:_identify(src/ai_robot_msgs) by extensions ['colcon_meta']
[1.414s] Level 1:colcon.colcon_core.package_identification:_identify(src/ai_robot_msgs) by extension 'colcon_meta'
[1.414s] Level 1:colcon.colcon_core.package_identification:_identify(src/ai_robot_msgs) by extensions ['ros']
[1.414s] Level 1:colcon.colcon_core.package_identification:_identify(src/ai_robot_msgs) by extension 'ros'
[1.415s] DEBUG:colcon.colcon_core.package_identification:Package 'src/ai_robot_msgs' with type 'ros.catkin' and name 'ai_robot_msgs'
[1.415s] Level 1:colcon.colcon_core.package_discovery:discover_packages(recursive) using defaults
[1.415s] Level 1:colcon.colcon_core.package_discovery:discover_packages(ignore) discover
[1.415s] Level 1:colcon.colcon_core.package_discovery:discover_packages(ignore) using defaults
[1.415s] Level 1:colcon.colcon_core.package_discovery:discover_packages(path) discover
[1.415s] Level 1:colcon.colcon_core.package_discovery:discover_packages(path) using defaults
[1.482s] Level 1:colcon.colcon_core.package_discovery:discover_packages(prefix_path) check parameters
[1.482s] Level 1:colcon.colcon_core.package_discovery:discover_packages(prefix_path) discover
[1.520s] DEBUG:colcon.colcon_installed_package_information.package_discovery:Found 361 installed packages in /opt/ros/humble
[1.523s] Level 1:colcon.colcon_core.package_discovery:discover_packages(prefix_path) using defaults
[1.580s] Level 5:colcon.colcon_core.verb:set package 'ai_robot_hardware_drivers' build argument 'cmake_args' from command line to 'None'
[1.580s] Level 5:colcon.colcon_core.verb:set package 'ai_robot_hardware_drivers' build argument 'cmake_target' from command line to 'None'
[1.580s] Level 5:colcon.colcon_core.verb:set package 'ai_robot_hardware_drivers' build argument 'cmake_target_skip_unavailable' from command line to 'False'
[1.580s] Level 5:colcon.colcon_core.verb:set package 'ai_robot_hardware_drivers' build argument 'cmake_clean_cache' from command line to 'False'
[1.580s] Level 5:colcon.colcon_core.verb:set package 'ai_robot_hardware_drivers' build argument 'cmake_clean_first' from command line to 'False'
[1.580s] Level 5:colcon.colcon_core.verb:set package 'ai_robot_hardware_drivers' build argument 'cmake_force_configure' from command line to 'False'
[1.580s] Level 5:colcon.colcon_core.verb:set package 'ai_robot_hardware_drivers' build argument 'ament_cmake_args' from command line to 'None'
[1.581s] Level 5:colcon.colcon_core.verb:set package 'ai_robot_hardware_drivers' build argument 'catkin_cmake_args' from command line to 'None'
[1.581s] Level 5:colcon.colcon_core.verb:set package 'ai_robot_hardware_drivers' build argument 'catkin_skip_building_tests' from command line to 'False'
[1.581s] DEBUG:colcon.colcon_core.verb:Building package 'ai_robot_hardware_drivers' with the following arguments: {'ament_cmake_args': None, 'build_base': '/home/sex/Synapse/ai_robot_ws/build/ai_robot_hardware_drivers', 'catkin_cmake_args': None, 'catkin_skip_building_tests': False, 'cmake_args': None, 'cmake_clean_cache': False, 'cmake_clean_first': False, 'cmake_force_configure': False, 'cmake_target': None, 'cmake_target_skip_unavailable': False, 'install_base': '/home/sex/Synapse/ai_robot_ws/install/ai_robot_hardware_drivers', 'merge_install': False, 'path': '/home/sex/Synapse/ai_robot_ws/src/ai_robot_hardware_drivers', 'symlink_install': False, 'test_result_base': None}
[1.581s] Level 5:colcon.colcon_core.verb:set package 'ai_robot_msgs' build argument 'cmake_args' from command line to 'None'
[1.581s] Level 5:colcon.colcon_core.verb:set package 'ai_robot_msgs' build argument 'cmake_target' from command line to 'None'
[1.581s] Level 5:colcon.colcon_core.verb:set package 'ai_robot_msgs' build argument 'cmake_target_skip_unavailable' from command line to 'False'
[1.581s] Level 5:colcon.colcon_core.verb:set package 'ai_robot_msgs' build argument 'cmake_clean_cache' from command line to 'False'
[1.581s] Level 5:colcon.colcon_core.verb:set package 'ai_robot_msgs' build argument 'cmake_clean_first' from command line to 'False'
[1.581s] Level 5:colcon.colcon_core.verb:set package 'ai_robot_msgs' build argument 'cmake_force_configure' from command line to 'False'
[1.581s] Level 5:colcon.colcon_core.verb:set package 'ai_robot_msgs' build argument 'ament_cmake_args' from command line to 'None'
[1.581s] Level 5:colcon.colcon_core.verb:set package 'ai_robot_msgs' build argument 'catkin_cmake_args' from command line to 'None'
[1.581s] Level 5:colcon.colcon_core.verb:set package 'ai_robot_msgs' build argument 'catkin_skip_building_tests' from command line to 'False'
[1.581s] DEBUG:colcon.colcon_core.verb:Building package 'ai_robot_msgs' with the following arguments: {'ament_cmake_args': None, 'build_base': '/home/sex/Synapse/ai_robot_ws/build/ai_robot_msgs', 'catkin_cmake_args': None, 'catkin_skip_building_tests': False, 'cmake_args': None, 'cmake_clean_cache': False, 'cmake_clean_first': False, 'cmake_force_configure': False, 'cmake_target': None, 'cmake_target_skip_unavailable': False, 'install_base': '/home/sex/Synapse/ai_robot_ws/install/ai_robot_msgs', 'merge_install': False, 'path': '/home/sex/Synapse/ai_robot_ws/src/ai_robot_msgs', 'symlink_install': False, 'test_result_base': None}
[1.582s] Level 5:colcon.colcon_core.verb:set package 'ai_robot_core' build argument 'cmake_args' from command line to 'None'
[1.582s] Level 5:colcon.colcon_core.verb:set package 'ai_robot_core' build argument 'cmake_target' from command line to 'None'
[1.582s] Level 5:colcon.colcon_core.verb:set package 'ai_robot_core' build argument 'cmake_target_skip_unavailable' from command line to 'False'
[1.582s] Level 5:colcon.colcon_core.verb:set package 'ai_robot_core' build argument 'cmake_clean_cache' from command line to 'False'
[1.582s] Level 5:colcon.colcon_core.verb:set package 'ai_robot_core' build argument 'cmake_clean_first' from command line to 'False'
[1.582s] Level 5:colcon.colcon_core.verb:set package 'ai_robot_core' build argument 'cmake_force_configure' from command line to 'False'
[1.582s] Level 5:colcon.colcon_core.verb:set package 'ai_robot_core' build argument 'ament_cmake_args' from command line to 'None'
[1.582s] Level 5:colcon.colcon_core.verb:set package 'ai_robot_core' build argument 'catkin_cmake_args' from command line to 'None'
[1.582s] Level 5:colcon.colcon_core.verb:set package 'ai_robot_core' build argument 'catkin_skip_building_tests' from command line to 'False'
[1.582s] DEBUG:colcon.colcon_core.verb:Building package 'ai_robot_core' with the following arguments: {'ament_cmake_args': None, 'build_base': '/home/sex/Synapse/ai_robot_ws/build/ai_robot_core', 'catkin_cmake_args': None, 'catkin_skip_building_tests': False, 'cmake_args': None, 'cmake_clean_cache': False, 'cmake_clean_first': False, 'cmake_force_configure': False, 'cmake_target': None, 'cmake_target_skip_unavailable': False, 'install_base': '/home/sex/Synapse/ai_robot_ws/install/ai_robot_core', 'merge_install': False, 'path': '/home/sex/Synapse/ai_robot_ws/src/ai_robot_core', 'symlink_install': False, 'test_result_base': None}
[1.582s] INFO:colcon.colcon_core.executor:Executing jobs using 'parallel' executor
[1.583s] DEBUG:colcon.colcon_parallel_executor.executor.parallel:run_until_complete
[1.584s] INFO:colcon.colcon_ros.task.catkin.build:Building ROS package in '/home/sex/Synapse/ai_robot_ws/src/ai_robot_msgs' with build type 'catkin'
[1.585s] INFO:colcon.colcon_cmake.task.cmake.build:Building CMake package in '/home/sex/Synapse/ai_robot_ws/src/ai_robot_msgs'
[1.590s] INFO:colcon.colcon_core.plugin_system:Skipping extension 'colcon_core.shell.bat': Not used on non-Windows systems
[1.590s] INFO:colcon.colcon_core.shell:Skip shell extension 'powershell' for command environment: Not usable outside of PowerShell
[1.590s] DEBUG:colcon.colcon_core.shell:Skip shell extension 'dsv' for command environment
[1.595s] INFO:colcon.colcon_ros.task.ament_python.build:Building ROS package in '/home/sex/Synapse/ai_robot_ws/src/ai_robot_hardware_drivers' with build type 'ament_python'
[1.595s] Level 1:colcon.colcon_core.shell:create_environment_hook('ai_robot_hardware_drivers', 'ament_prefix_path')
[1.596s] INFO:colcon.colcon_core.shell:Creating environment hook '/home/sex/Synapse/ai_robot_ws/install/ai_robot_hardware_drivers/share/ai_robot_hardware_drivers/hook/ament_prefix_path.ps1'
[1.599s] INFO:colcon.colcon_core.shell:Creating environment descriptor '/home/sex/Synapse/ai_robot_ws/install/ai_robot_hardware_drivers/share/ai_robot_hardware_drivers/hook/ament_prefix_path.dsv'
[1.600s] INFO:colcon.colcon_core.shell:Creating environment hook '/home/sex/Synapse/ai_robot_ws/install/ai_robot_hardware_drivers/share/ai_robot_hardware_drivers/hook/ament_prefix_path.sh'
[1.601s] INFO:colcon.colcon_core.shell:Skip shell extension 'powershell' for command environment: Not usable outside of PowerShell
[1.601s] DEBUG:colcon.colcon_core.shell:Skip shell extension 'dsv' for command environment
[1.607s] DEBUG:colcon.colcon_core.event_handler.log_command:Invoking command in '/home/sex/Synapse/ai_robot_ws/build/ai_robot_msgs': /usr/bin/cmake /home/sex/Synapse/ai_robot_ws/src/ai_robot_msgs -DCATKIN_INSTALL_INTO_PREFIX_ROOT=0 -DCMAKE_INSTALL_PREFIX=/home/sex/Synapse/ai_robot_ws/install/ai_robot_msgs
[1.977s] INFO:colcon.colcon_core.task.python.build:Building Python package in '/home/sex/Synapse/ai_robot_ws/src/ai_robot_hardware_drivers'
[1.978s] INFO:colcon.colcon_core.shell:Skip shell extension 'powershell' for command environment: Not usable outside of PowerShell
[1.978s] DEBUG:colcon.colcon_core.shell:Skip shell extension 'dsv' for command environment
[2.675s] DEBUG:colcon.colcon_core.event_handler.log_command:Invoking command in '/home/sex/Synapse/ai_robot_ws/src/ai_robot_hardware_drivers': PYTHONPATH=/home/sex/Synapse/ai_robot_ws/build/ai_robot_hardware_drivers/prefix_override:/usr/lib/python3/dist-packages/colcon_core/task/python/colcon_distutils_commands:/home/sex/Synapse/ai_robot_ws/install/ai_robot_hardware_drivers/lib/python3.10/site-packages:${PYTHONPATH} /usr/bin/python3 -W ignore:setup.py install is deprecated -W ignore:easy_install command is deprecated setup.py egg_info --egg-base ../../build/ai_robot_hardware_drivers build --build-base /home/sex/Synapse/ai_robot_ws/build/ai_robot_hardware_drivers/build install --record /home/sex/Synapse/ai_robot_ws/build/ai_robot_hardware_drivers/install.log --single-version-externally-managed install_data
[3.097s] DEBUG:colcon.colcon_core.event_handler.log_command:Invoked command in '/home/sex/Synapse/ai_robot_ws/src/ai_robot_hardware_drivers' returned '0': PYTHONPATH=/home/sex/Synapse/ai_robot_ws/build/ai_robot_hardware_drivers/prefix_override:/usr/lib/python3/dist-packages/colcon_core/task/python/colcon_distutils_commands:/home/sex/Synapse/ai_robot_ws/install/ai_robot_hardware_drivers/lib/python3.10/site-packages:${PYTHONPATH} /usr/bin/python3 -W ignore:setup.py install is deprecated -W ignore:easy_install command is deprecated setup.py egg_info --egg-base ../../build/ai_robot_hardware_drivers build --build-base /home/sex/Synapse/ai_robot_ws/build/ai_robot_hardware_drivers/build install --record /home/sex/Synapse/ai_robot_ws/build/ai_robot_hardware_drivers/install.log --single-version-externally-managed install_data
[3.104s] Level 1:colcon.colcon_core.environment:checking '/home/sex/Synapse/ai_robot_ws/install/ai_robot_hardware_drivers' for CMake module files
[3.104s] Level 1:colcon.colcon_core.environment:checking '/home/sex/Synapse/ai_robot_ws/install/ai_robot_hardware_drivers' for CMake config files
[3.105s] Level 1:colcon.colcon_core.environment:checking '/home/sex/Synapse/ai_robot_ws/install/ai_robot_hardware_drivers/lib'
[3.106s] Level 1:colcon.colcon_core.environment:checking '/home/sex/Synapse/ai_robot_ws/install/ai_robot_hardware_drivers/bin'
[3.106s] Level 1:colcon.colcon_core.environment:checking '/home/sex/Synapse/ai_robot_ws/install/ai_robot_hardware_drivers/lib/pkgconfig/ai_robot_hardware_drivers.pc'
[3.106s] Level 1:colcon.colcon_core.environment:checking '/home/sex/Synapse/ai_robot_ws/install/ai_robot_hardware_drivers/lib/python3.10/site-packages'
[3.106s] Level 1:colcon.colcon_core.shell:create_environment_hook('ai_robot_hardware_drivers', 'pythonpath')
[3.107s] INFO:colcon.colcon_core.shell:Creating environment hook '/home/sex/Synapse/ai_robot_ws/install/ai_robot_hardware_drivers/share/ai_robot_hardware_drivers/hook/pythonpath.ps1'
[3.107s] INFO:colcon.colcon_core.shell:Creating environment descriptor '/home/sex/Synapse/ai_robot_ws/install/ai_robot_hardware_drivers/share/ai_robot_hardware_drivers/hook/pythonpath.dsv'
[3.108s] INFO:colcon.colcon_core.shell:Creating environment hook '/home/sex/Synapse/ai_robot_ws/install/ai_robot_hardware_drivers/share/ai_robot_hardware_drivers/hook/pythonpath.sh'
[3.109s] Level 1:colcon.colcon_core.environment:checking '/home/sex/Synapse/ai_robot_ws/install/ai_robot_hardware_drivers/bin'
[3.110s] Level 1:colcon.colcon_core.environment:create_environment_scripts_only(ai_robot_hardware_drivers)
[3.110s] INFO:colcon.colcon_core.shell:Creating package script '/home/sex/Synapse/ai_robot_ws/install/ai_robot_hardware_drivers/share/ai_robot_hardware_drivers/package.ps1'
[3.112s] INFO:colcon.colcon_core.shell:Creating package descriptor '/home/sex/Synapse/ai_robot_ws/install/ai_robot_hardware_drivers/share/ai_robot_hardware_drivers/package.dsv'
[3.114s] INFO:colcon.colcon_core.shell:Creating package script '/home/sex/Synapse/ai_robot_ws/install/ai_robot_hardware_drivers/share/ai_robot_hardware_drivers/package.sh'
[3.116s] INFO:colcon.colcon_core.shell:Creating package script '/home/sex/Synapse/ai_robot_ws/install/ai_robot_hardware_drivers/share/ai_robot_hardware_drivers/package.bash'
[3.119s] INFO:colcon.colcon_core.shell:Creating package script '/home/sex/Synapse/ai_robot_ws/install/ai_robot_hardware_drivers/share/ai_robot_hardware_drivers/package.zsh'
[3.121s] Level 1:colcon.colcon_core.environment:create_file_with_runtime_dependencies(/home/sex/Synapse/ai_robot_ws/install/ai_robot_hardware_drivers/share/colcon-core/packages/ai_robot_hardware_drivers)
[5.073s] DEBUG:colcon.colcon_core.event_handler.log_command:Invoked command in '/home/sex/Synapse/ai_robot_ws/build/ai_robot_msgs' returned '0': /usr/bin/cmake /home/sex/Synapse/ai_robot_ws/src/ai_robot_msgs -DCATKIN_INSTALL_INTO_PREFIX_ROOT=0 -DCMAKE_INSTALL_PREFIX=/home/sex/Synapse/ai_robot_ws/install/ai_robot_msgs
[5.076s] DEBUG:colcon.colcon_core.event_handler.log_command:Invoking command in '/home/sex/Synapse/ai_robot_ws/build/ai_robot_msgs': /usr/bin/cmake --build /home/sex/Synapse/ai_robot_ws/build/ai_robot_msgs -- -j4 -l4
[16.907s] DEBUG:colcon.colcon_core.event_handler.log_command:Invoked command in '/home/sex/Synapse/ai_robot_ws/build/ai_robot_msgs' returned '0': /usr/bin/cmake --build /home/sex/Synapse/ai_robot_ws/build/ai_robot_msgs -- -j4 -l4
[16.932s] DEBUG:colcon.colcon_core.event_handler.log_command:Invoking command in '/home/sex/Synapse/ai_robot_ws/build/ai_robot_msgs': /usr/bin/cmake --install /home/sex/Synapse/ai_robot_ws/build/ai_robot_msgs
[17.090s] DEBUG:colcon.colcon_core.event_handler.log_command:Invoked command in '/home/sex/Synapse/ai_robot_ws/build/ai_robot_msgs' returned '0': /usr/bin/cmake --install /home/sex/Synapse/ai_robot_ws/build/ai_robot_msgs
[17.091s] Level 1:colcon.colcon_core.shell:create_environment_hook('ai_robot_msgs', 'ros_package_path')
[17.091s] INFO:colcon.colcon_core.shell:Creating environment hook '/home/sex/Synapse/ai_robot_ws/install/ai_robot_msgs/share/ai_robot_msgs/hook/ros_package_path.ps1'
[17.092s] INFO:colcon.colcon_core.shell:Creating environment descriptor '/home/sex/Synapse/ai_robot_ws/install/ai_robot_msgs/share/ai_robot_msgs/hook/ros_package_path.dsv'
[17.092s] INFO:colcon.colcon_core.shell:Creating environment hook '/home/sex/Synapse/ai_robot_ws/install/ai_robot_msgs/share/ai_robot_msgs/hook/ros_package_path.sh'
[17.093s] Level 1:colcon.colcon_ros.task.catkin:checking '/home/sex/Synapse/ai_robot_ws/install/ai_robot_msgs/local/lib/python3.10/dist-packages'
[17.093s] Level 1:colcon.colcon_core.shell:create_environment_hook('ai_robot_msgs', 'catkin_pythonpath')
[17.093s] INFO:colcon.colcon_core.shell:Creating environment hook '/home/sex/Synapse/ai_robot_ws/install/ai_robot_msgs/share/ai_robot_msgs/hook/catkin_pythonpath.ps1'
[17.094s] INFO:colcon.colcon_core.shell:Creating environment descriptor '/home/sex/Synapse/ai_robot_ws/install/ai_robot_msgs/share/ai_robot_msgs/hook/catkin_pythonpath.dsv'
[17.094s] INFO:colcon.colcon_core.shell:Creating environment hook '/home/sex/Synapse/ai_robot_ws/install/ai_robot_msgs/share/ai_robot_msgs/hook/catkin_pythonpath.sh'
[17.095s] Level 1:colcon.colcon_core.shell:create_environment_hook('ai_robot_msgs', 'pkg_config_path')
[17.095s] INFO:colcon.colcon_core.shell:Creating environment hook '/home/sex/Synapse/ai_robot_ws/install/ai_robot_msgs/share/ai_robot_msgs/hook/pkg_config_path.ps1'
[17.095s] INFO:colcon.colcon_core.shell:Creating environment descriptor '/home/sex/Synapse/ai_robot_ws/install/ai_robot_msgs/share/ai_robot_msgs/hook/pkg_config_path.dsv'
[17.096s] INFO:colcon.colcon_core.shell:Creating environment hook '/home/sex/Synapse/ai_robot_ws/install/ai_robot_msgs/share/ai_robot_msgs/hook/pkg_config_path.sh'
[17.098s] Level 1:colcon.colcon_core.shell:create_environment_hook('ai_robot_msgs', 'pkg_config_path_multiarch')
[17.098s] INFO:colcon.colcon_core.shell:Creating environment hook '/home/sex/Synapse/ai_robot_ws/install/ai_robot_msgs/share/ai_robot_msgs/hook/pkg_config_path_multiarch.ps1'
[17.099s] INFO:colcon.colcon_core.shell:Creating environment descriptor '/home/sex/Synapse/ai_robot_ws/install/ai_robot_msgs/share/ai_robot_msgs/hook/pkg_config_path_multiarch.dsv'
[17.099s] INFO:colcon.colcon_core.shell:Creating environment hook '/home/sex/Synapse/ai_robot_ws/install/ai_robot_msgs/share/ai_robot_msgs/hook/pkg_config_path_multiarch.sh'
[17.100s] Level 1:colcon.colcon_core.environment:create_environment_scripts_only(ai_robot_msgs)
[17.100s] Level 1:colcon.colcon_core.environment:checking '/home/sex/Synapse/ai_robot_ws/install/ai_robot_msgs' for CMake module files
[17.101s] Level 1:colcon.colcon_core.environment:checking '/home/sex/Synapse/ai_robot_ws/install/ai_robot_msgs' for CMake config files
[17.102s] Level 1:colcon.colcon_core.shell:create_environment_hook('ai_robot_msgs', 'cmake_prefix_path')
[17.102s] INFO:colcon.colcon_core.shell:Creating environment hook '/home/sex/Synapse/ai_robot_ws/install/ai_robot_msgs/share/ai_robot_msgs/hook/cmake_prefix_path.ps1'
[17.103s] INFO:colcon.colcon_core.shell:Creating environment descriptor '/home/sex/Synapse/ai_robot_ws/install/ai_robot_msgs/share/ai_robot_msgs/hook/cmake_prefix_path.dsv'
[17.103s] INFO:colcon.colcon_core.shell:Creating environment hook '/home/sex/Synapse/ai_robot_ws/install/ai_robot_msgs/share/ai_robot_msgs/hook/cmake_prefix_path.sh'
[17.104s] Level 1:colcon.colcon_core.environment:checking '/home/sex/Synapse/ai_robot_ws/install/ai_robot_msgs/lib'
[17.104s] Level 1:colcon.colcon_core.shell:create_environment_hook('ai_robot_msgs', 'ld_library_path_lib')
[17.105s] INFO:colcon.colcon_core.shell:Creating environment hook '/home/sex/Synapse/ai_robot_ws/install/ai_robot_msgs/share/ai_robot_msgs/hook/ld_library_path_lib.ps1'
[17.105s] INFO:colcon.colcon_core.shell:Creating environment descriptor '/home/sex/Synapse/ai_robot_ws/install/ai_robot_msgs/share/ai_robot_msgs/hook/ld_library_path_lib.dsv'
[17.106s] INFO:colcon.colcon_core.shell:Creating environment hook '/home/sex/Synapse/ai_robot_ws/install/ai_robot_msgs/share/ai_robot_msgs/hook/ld_library_path_lib.sh'
[17.106s] Level 1:colcon.colcon_core.environment:checking '/home/sex/Synapse/ai_robot_ws/install/ai_robot_msgs/bin'
[17.106s] Level 1:colcon.colcon_core.environment:checking '/home/sex/Synapse/ai_robot_ws/install/ai_robot_msgs/lib/pkgconfig/ai_robot_msgs.pc'
[17.106s] Level 1:colcon.colcon_core.environment:checking '/home/sex/Synapse/ai_robot_ws/install/ai_robot_msgs/lib/python3.10/site-packages'
[17.107s] Level 1:colcon.colcon_core.environment:checking '/home/sex/Synapse/ai_robot_ws/install/ai_robot_msgs/bin'
[17.107s] INFO:colcon.colcon_core.shell:Creating package script '/home/sex/Synapse/ai_robot_ws/install/ai_robot_msgs/share/ai_robot_msgs/package.ps1'
[17.108s] INFO:colcon.colcon_core.shell:Creating package descriptor '/home/sex/Synapse/ai_robot_ws/install/ai_robot_msgs/share/ai_robot_msgs/package.dsv'
[17.109s] INFO:colcon.colcon_core.shell:Creating package script '/home/sex/Synapse/ai_robot_ws/install/ai_robot_msgs/share/ai_robot_msgs/package.sh'
[17.110s] INFO:colcon.colcon_core.shell:Creating package script '/home/sex/Synapse/ai_robot_ws/install/ai_robot_msgs/share/ai_robot_msgs/package.bash'
[17.110s] INFO:colcon.colcon_core.shell:Creating package script '/home/sex/Synapse/ai_robot_ws/install/ai_robot_msgs/share/ai_robot_msgs/package.zsh'
[17.111s] Level 1:colcon.colcon_core.environment:create_file_with_runtime_dependencies(/home/sex/Synapse/ai_robot_ws/install/ai_robot_msgs/share/colcon-core/packages/ai_robot_msgs)
[17.111s] INFO:colcon.colcon_ros.task.ament_python.build:Building ROS package in '/home/sex/Synapse/ai_robot_ws/src/ai_robot_core' with build type 'ament_python'
[17.112s] Level 1:colcon.colcon_core.shell:create_environment_hook('ai_robot_core', 'ament_prefix_path')
[17.112s] INFO:colcon.colcon_core.shell:Creating environment hook '/home/sex/Synapse/ai_robot_ws/install/ai_robot_core/share/ai_robot_core/hook/ament_prefix_path.ps1'
[17.113s] INFO:colcon.colcon_core.shell:Creating environment descriptor '/home/sex/Synapse/ai_robot_ws/install/ai_robot_core/share/ai_robot_core/hook/ament_prefix_path.dsv'
[17.114s] INFO:colcon.colcon_core.shell:Creating environment hook '/home/sex/Synapse/ai_robot_ws/install/ai_robot_core/share/ai_robot_core/hook/ament_prefix_path.sh'
[17.114s] INFO:colcon.colcon_core.shell:Skip shell extension 'powershell' for command environment: Not usable outside of PowerShell
[17.114s] DEBUG:colcon.colcon_core.shell:Skip shell extension 'dsv' for command environment
[17.431s] INFO:colcon.colcon_core.task.python.build:Building Python package in '/home/sex/Synapse/ai_robot_ws/src/ai_robot_core'
[17.432s] INFO:colcon.colcon_core.shell:Skip shell extension 'powershell' for command environment: Not usable outside of PowerShell
[17.432s] DEBUG:colcon.colcon_core.shell:Skip shell extension 'dsv' for command environment
[17.817s] DEBUG:colcon.colcon_core.event_handler.log_command:Invoking command in '/home/sex/Synapse/ai_robot_ws/src/ai_robot_core': CMAKE_PREFIX_PATH=/home/sex/Synapse/ai_robot_ws/install/ai_robot_msgs LD_LIBRARY_PATH=/home/sex/Synapse/ai_robot_ws/install/ai_robot_msgs/lib:${LD_LIBRARY_PATH} PKG_CONFIG_PATH=/home/sex/Synapse/ai_robot_ws/install/ai_robot_msgs/lib/x86_64-linux-gnu/pkgconfig:/home/sex/Synapse/ai_robot_ws/install/ai_robot_msgs/lib/pkgconfig PYTHONPATH=/home/sex/Synapse/ai_robot_ws/build/ai_robot_core/prefix_override:/usr/lib/python3/dist-packages/colcon_core/task/python/colcon_distutils_commands:/home/sex/Synapse/ai_robot_ws/install/ai_robot_core/lib/python3.10/site-packages:/home/sex/Synapse/ai_robot_ws/install/ai_robot_msgs/local/lib/python3.10/dist-packages:${PYTHONPATH} ROS_PACKAGE_PATH=/home/sex/Synapse/ai_robot_ws/install/ai_robot_msgs/share /usr/bin/python3 -W ignore:setup.py install is deprecated -W ignore:easy_install command is deprecated setup.py egg_info --egg-base ../../build/ai_robot_core build --build-base /home/sex/Synapse/ai_robot_ws/build/ai_robot_core/build install --record /home/sex/Synapse/ai_robot_ws/build/ai_robot_core/install.log --single-version-externally-managed install_data
[18.162s] Level 1:colcon.colcon_core.environment:checking '/home/sex/Synapse/ai_robot_ws/install/ai_robot_core' for CMake module files
[18.163s] DEBUG:colcon.colcon_core.event_handler.log_command:Invoked command in '/home/sex/Synapse/ai_robot_ws/src/ai_robot_core' returned '0': CMAKE_PREFIX_PATH=/home/sex/Synapse/ai_robot_ws/install/ai_robot_msgs LD_LIBRARY_PATH=/home/sex/Synapse/ai_robot_ws/install/ai_robot_msgs/lib:${LD_LIBRARY_PATH} PKG_CONFIG_PATH=/home/sex/Synapse/ai_robot_ws/install/ai_robot_msgs/lib/x86_64-linux-gnu/pkgconfig:/home/sex/Synapse/ai_robot_ws/install/ai_robot_msgs/lib/pkgconfig PYTHONPATH=/home/sex/Synapse/ai_robot_ws/build/ai_robot_core/prefix_override:/usr/lib/python3/dist-packages/colcon_core/task/python/colcon_distutils_commands:/home/sex/Synapse/ai_robot_ws/install/ai_robot_core/lib/python3.10/site-packages:/home/sex/Synapse/ai_robot_ws/install/ai_robot_msgs/local/lib/python3.10/dist-packages:${PYTHONPATH} ROS_PACKAGE_PATH=/home/sex/Synapse/ai_robot_ws/install/ai_robot_msgs/share /usr/bin/python3 -W ignore:setup.py install is deprecated -W ignore:easy_install command is deprecated setup.py egg_info --egg-base ../../build/ai_robot_core build --build-base /home/sex/Synapse/ai_robot_ws/build/ai_robot_core/build install --record /home/sex/Synapse/ai_robot_ws/build/ai_robot_core/install.log --single-version-externally-managed install_data
[18.164s] Level 1:colcon.colcon_core.environment:checking '/home/sex/Synapse/ai_robot_ws/install/ai_robot_core' for CMake config files
[18.165s] Level 1:colcon.colcon_core.environment:checking '/home/sex/Synapse/ai_robot_ws/install/ai_robot_core/lib'
[18.165s] Level 1:colcon.colcon_core.environment:checking '/home/sex/Synapse/ai_robot_ws/install/ai_robot_core/bin'
[18.165s] Level 1:colcon.colcon_core.environment:checking '/home/sex/Synapse/ai_robot_ws/install/ai_robot_core/lib/pkgconfig/ai_robot_core.pc'
[18.165s] Level 1:colcon.colcon_core.environment:checking '/home/sex/Synapse/ai_robot_ws/install/ai_robot_core/lib/python3.10/site-packages'
[18.165s] Level 1:colcon.colcon_core.shell:create_environment_hook('ai_robot_core', 'pythonpath')
[18.165s] INFO:colcon.colcon_core.shell:Creating environment hook '/home/sex/Synapse/ai_robot_ws/install/ai_robot_core/share/ai_robot_core/hook/pythonpath.ps1'
[18.166s] INFO:colcon.colcon_core.shell:Creating environment descriptor '/home/sex/Synapse/ai_robot_ws/install/ai_robot_core/share/ai_robot_core/hook/pythonpath.dsv'
[18.167s] INFO:colcon.colcon_core.shell:Creating environment hook '/home/sex/Synapse/ai_robot_ws/install/ai_robot_core/share/ai_robot_core/hook/pythonpath.sh'
[18.169s] Level 1:colcon.colcon_core.environment:checking '/home/sex/Synapse/ai_robot_ws/install/ai_robot_core/bin'
[18.169s] Level 1:colcon.colcon_core.environment:create_environment_scripts_only(ai_robot_core)
[18.169s] INFO:colcon.colcon_core.shell:Creating package script '/home/sex/Synapse/ai_robot_ws/install/ai_robot_core/share/ai_robot_core/package.ps1'
[18.170s] INFO:colcon.colcon_core.shell:Creating package descriptor '/home/sex/Synapse/ai_robot_ws/install/ai_robot_core/share/ai_robot_core/package.dsv'
[18.171s] INFO:colcon.colcon_core.shell:Creating package script '/home/sex/Synapse/ai_robot_ws/install/ai_robot_core/share/ai_robot_core/package.sh'
[18.172s] INFO:colcon.colcon_core.shell:Creating package script '/home/sex/Synapse/ai_robot_ws/install/ai_robot_core/share/ai_robot_core/package.bash'
[18.172s] INFO:colcon.colcon_core.shell:Creating package script '/home/sex/Synapse/ai_robot_ws/install/ai_robot_core/share/ai_robot_core/package.zsh'
[18.173s] Level 1:colcon.colcon_core.environment:create_file_with_runtime_dependencies(/home/sex/Synapse/ai_robot_ws/install/ai_robot_core/share/colcon-core/packages/ai_robot_core)
[18.173s] DEBUG:colcon.colcon_parallel_executor.executor.parallel:closing loop
[18.173s] DEBUG:colcon.colcon_parallel_executor.executor.parallel:loop closed
[18.174s] DEBUG:colcon.colcon_parallel_executor.executor.parallel:run_until_complete finished with '0'
[18.174s] DEBUG:colcon.colcon_core.event_reactor:joining thread
[18.201s] INFO:colcon.colcon_core.plugin_system:Skipping extension 'colcon_notification.desktop_notification.terminal_notifier': Not used on non-Darwin systems
[18.201s] INFO:colcon.colcon_core.plugin_system:Skipping extension 'colcon_notification.desktop_notification.win32': Not used on non-Windows systems
[18.201s] INFO:colcon.colcon_notification.desktop_notification:Sending desktop notification using 'notify2'
[18.256s] DEBUG:colcon.colcon_core.event_reactor:joined thread
[18.257s] INFO:colcon.colcon_core.shell:Creating prefix script '/home/sex/Synapse/ai_robot_ws/install/local_setup.ps1'
[18.259s] INFO:colcon.colcon_core.shell:Creating prefix util module '/home/sex/Synapse/ai_robot_ws/install/_local_setup_util_ps1.py'
[18.262s] INFO:colcon.colcon_core.shell:Creating prefix chain script '/home/sex/Synapse/ai_robot_ws/install/setup.ps1'
[18.267s] INFO:colcon.colcon_core.shell:Creating prefix script '/home/sex/Synapse/ai_robot_ws/install/local_setup.sh'
[18.269s] INFO:colcon.colcon_core.shell:Creating prefix util module '/home/sex/Synapse/ai_robot_ws/install/_local_setup_util_sh.py'
[18.270s] INFO:colcon.colcon_core.shell:Creating prefix chain script '/home/sex/Synapse/ai_robot_ws/install/setup.sh'
[18.273s] INFO:colcon.colcon_core.shell:Creating prefix script '/home/sex/Synapse/ai_robot_ws/install/local_setup.bash'
[18.275s] INFO:colcon.colcon_core.shell:Creating prefix chain script '/home/sex/Synapse/ai_robot_ws/install/setup.bash'
[18.279s] INFO:colcon.colcon_core.shell:Creating prefix script '/home/sex/Synapse/ai_robot_ws/install/local_setup.zsh'
[18.282s] INFO:colcon.colcon_core.shell:Creating prefix chain script '/home/sex/Synapse/ai_robot_ws/install/setup.zsh'
