[1.080s] Invoking command in '/home/sex/Synapse/ai_robot_ws/src/ai_robot_hardware_drivers': PYTHONPATH=/home/sex/Synapse/ai_robot_ws/build/ai_robot_hardware_drivers/prefix_override:/usr/lib/python3/dist-packages/colcon_core/task/python/colcon_distutils_commands:/home/sex/Synapse/ai_robot_ws/install/ai_robot_hardware_drivers/lib/python3.10/site-packages:${PYTHONPATH} /usr/bin/python3 -W ignore:setup.py install is deprecated -W ignore:easy_install command is deprecated setup.py egg_info --egg-base ../../build/ai_robot_hardware_drivers build --build-base /home/sex/Synapse/ai_robot_ws/build/ai_robot_hardware_drivers/build install --record /home/sex/Synapse/ai_robot_ws/build/ai_robot_hardware_drivers/install.log --single-version-externally-managed install_data
[1.404s] running egg_info
[1.406s] creating ../../build/ai_robot_hardware_drivers/ai_robot_hardware_drivers.egg-info
[1.406s] writing ../../build/ai_robot_hardware_drivers/ai_robot_hardware_drivers.egg-info/PKG-INFO
[1.407s] writing dependency_links to ../../build/ai_robot_hardware_drivers/ai_robot_hardware_drivers.egg-info/dependency_links.txt
[1.407s] writing entry points to ../../build/ai_robot_hardware_drivers/ai_robot_hardware_drivers.egg-info/entry_points.txt
[1.407s] writing requirements to ../../build/ai_robot_hardware_drivers/ai_robot_hardware_drivers.egg-info/requires.txt
[1.408s] writing top-level names to ../../build/ai_robot_hardware_drivers/ai_robot_hardware_drivers.egg-info/top_level.txt
[1.408s] writing manifest file '../../build/ai_robot_hardware_drivers/ai_robot_hardware_drivers.egg-info/SOURCES.txt'
[1.410s] reading manifest file '../../build/ai_robot_hardware_drivers/ai_robot_hardware_drivers.egg-info/SOURCES.txt'
[1.411s] writing manifest file '../../build/ai_robot_hardware_drivers/ai_robot_hardware_drivers.egg-info/SOURCES.txt'
[1.411s] running build
[1.411s] running build_py
[1.412s] creating /home/sex/Synapse/ai_robot_ws/build/ai_robot_hardware_drivers/build
[1.412s] creating /home/sex/Synapse/ai_robot_ws/build/ai_robot_hardware_drivers/build/lib
[1.412s] creating /home/sex/Synapse/ai_robot_ws/build/ai_robot_hardware_drivers/build/lib/ai_robot_hardware_drivers
[1.412s] copying ai_robot_hardware_drivers/esp8266_bridge_node.py -> /home/sex/Synapse/ai_robot_ws/build/ai_robot_hardware_drivers/build/lib/ai_robot_hardware_drivers
[1.412s] copying ai_robot_hardware_drivers/kinect_interface_node.py -> /home/sex/Synapse/ai_robot_ws/build/ai_robot_hardware_drivers/build/lib/ai_robot_hardware_drivers
[1.413s] copying ai_robot_hardware_drivers/audio_interface_node.py -> /home/sex/Synapse/ai_robot_ws/build/ai_robot_hardware_drivers/build/lib/ai_robot_hardware_drivers
[1.413s] copying ai_robot_hardware_drivers/__init__.py -> /home/sex/Synapse/ai_robot_ws/build/ai_robot_hardware_drivers/build/lib/ai_robot_hardware_drivers
[1.413s] copying ai_robot_hardware_drivers/ir_sensor_node.py -> /home/sex/Synapse/ai_robot_ws/build/ai_robot_hardware_drivers/build/lib/ai_robot_hardware_drivers
[1.413s] running install
[1.414s] running install_lib
[1.416s] creating /home/sex/Synapse/ai_robot_ws/install/ai_robot_hardware_drivers/lib/python3.10/site-packages/ai_robot_hardware_drivers
[1.416s] copying /home/sex/Synapse/ai_robot_ws/build/ai_robot_hardware_drivers/build/lib/ai_robot_hardware_drivers/esp8266_bridge_node.py -> /home/sex/Synapse/ai_robot_ws/install/ai_robot_hardware_drivers/lib/python3.10/site-packages/ai_robot_hardware_drivers
[1.416s] copying /home/sex/Synapse/ai_robot_ws/build/ai_robot_hardware_drivers/build/lib/ai_robot_hardware_drivers/kinect_interface_node.py -> /home/sex/Synapse/ai_robot_ws/install/ai_robot_hardware_drivers/lib/python3.10/site-packages/ai_robot_hardware_drivers
[1.416s] copying /home/sex/Synapse/ai_robot_ws/build/ai_robot_hardware_drivers/build/lib/ai_robot_hardware_drivers/audio_interface_node.py -> /home/sex/Synapse/ai_robot_ws/install/ai_robot_hardware_drivers/lib/python3.10/site-packages/ai_robot_hardware_drivers
[1.416s] copying /home/sex/Synapse/ai_robot_ws/build/ai_robot_hardware_drivers/build/lib/ai_robot_hardware_drivers/__init__.py -> /home/sex/Synapse/ai_robot_ws/install/ai_robot_hardware_drivers/lib/python3.10/site-packages/ai_robot_hardware_drivers
[1.417s] copying /home/sex/Synapse/ai_robot_ws/build/ai_robot_hardware_drivers/build/lib/ai_robot_hardware_drivers/ir_sensor_node.py -> /home/sex/Synapse/ai_robot_ws/install/ai_robot_hardware_drivers/lib/python3.10/site-packages/ai_robot_hardware_drivers
[1.417s] byte-compiling /home/sex/Synapse/ai_robot_ws/install/ai_robot_hardware_drivers/lib/python3.10/site-packages/ai_robot_hardware_drivers/esp8266_bridge_node.py to esp8266_bridge_node.cpython-310.pyc
[1.421s] byte-compiling /home/sex/Synapse/ai_robot_ws/install/ai_robot_hardware_drivers/lib/python3.10/site-packages/ai_robot_hardware_drivers/kinect_interface_node.py to kinect_interface_node.cpython-310.pyc
[1.423s] byte-compiling /home/sex/Synapse/ai_robot_ws/install/ai_robot_hardware_drivers/lib/python3.10/site-packages/ai_robot_hardware_drivers/audio_interface_node.py to audio_interface_node.cpython-310.pyc
[1.427s] byte-compiling /home/sex/Synapse/ai_robot_ws/install/ai_robot_hardware_drivers/lib/python3.10/site-packages/ai_robot_hardware_drivers/__init__.py to __init__.cpython-310.pyc
[1.427s] byte-compiling /home/sex/Synapse/ai_robot_ws/install/ai_robot_hardware_drivers/lib/python3.10/site-packages/ai_robot_hardware_drivers/ir_sensor_node.py to ir_sensor_node.cpython-310.pyc
[1.427s] running install_data
[1.427s] creating /home/sex/Synapse/ai_robot_ws/install/ai_robot_hardware_drivers/share/ament_index
[1.427s] creating /home/sex/Synapse/ai_robot_ws/install/ai_robot_hardware_drivers/share/ament_index/resource_index
[1.427s]   File "/home/sex/Synapse/ai_robot_ws/install/ai_robot_hardware_drivers/lib/python3.10/site-packages/ai_robot_hardware_drivers/ir_sensor_node.py", line 109
[1.428s]     left_
[1.428s]          ^
[1.428s] SyntaxError: expected 'except' or 'finally' block
[1.428s] 
[1.428s] creating /home/sex/Synapse/ai_robot_ws/install/ai_robot_hardware_drivers/share/ament_index/resource_index/packages
[1.429s] copying resource/ai_robot_hardware_drivers -> /home/sex/Synapse/ai_robot_ws/install/ai_robot_hardware_drivers/share/ament_index/resource_index/packages
[1.429s] copying package.xml -> /home/sex/Synapse/ai_robot_ws/install/ai_robot_hardware_drivers/share/ai_robot_hardware_drivers
[1.429s] creating /home/sex/Synapse/ai_robot_ws/install/ai_robot_hardware_drivers/share/ai_robot_hardware_drivers/launch
[1.430s] copying launch/hardware_bringup.launch.py -> /home/sex/Synapse/ai_robot_ws/install/ai_robot_hardware_drivers/share/ai_robot_hardware_drivers/launch
[1.430s] creating /home/sex/Synapse/ai_robot_ws/install/ai_robot_hardware_drivers/share/ai_robot_hardware_drivers/config
[1.430s] copying config/hardware_params.yaml -> /home/sex/Synapse/ai_robot_ws/install/ai_robot_hardware_drivers/share/ai_robot_hardware_drivers/config
[1.430s] running install_egg_info
[1.433s] Copying ../../build/ai_robot_hardware_drivers/ai_robot_hardware_drivers.egg-info to /home/sex/Synapse/ai_robot_ws/install/ai_robot_hardware_drivers/lib/python3.10/site-packages/ai_robot_hardware_drivers-1.0.0-py3.10.egg-info
[1.435s] running install_scripts
[1.465s] Installing audio_interface_node script to /home/sex/Synapse/ai_robot_ws/install/ai_robot_hardware_drivers/lib/ai_robot_hardware_drivers
[1.465s] Installing esp8266_bridge_node script to /home/sex/Synapse/ai_robot_ws/install/ai_robot_hardware_drivers/lib/ai_robot_hardware_drivers
[1.465s] Installing ir_sensor_node script to /home/sex/Synapse/ai_robot_ws/install/ai_robot_hardware_drivers/lib/ai_robot_hardware_drivers
[1.465s] Installing kinect_interface_node script to /home/sex/Synapse/ai_robot_ws/install/ai_robot_hardware_drivers/lib/ai_robot_hardware_drivers
[1.466s] writing list of installed files to '/home/sex/Synapse/ai_robot_ws/build/ai_robot_hardware_drivers/install.log'
[1.502s] Invoked command in '/home/sex/Synapse/ai_robot_ws/src/ai_robot_hardware_drivers' returned '0': PYTHONPATH=/home/sex/Synapse/ai_robot_ws/build/ai_robot_hardware_drivers/prefix_override:/usr/lib/python3/dist-packages/colcon_core/task/python/colcon_distutils_commands:/home/sex/Synapse/ai_robot_ws/install/ai_robot_hardware_drivers/lib/python3.10/site-packages:${PYTHONPATH} /usr/bin/python3 -W ignore:setup.py install is deprecated -W ignore:easy_install command is deprecated setup.py egg_info --egg-base ../../build/ai_robot_hardware_drivers build --build-base /home/sex/Synapse/ai_robot_ws/build/ai_robot_hardware_drivers/build install --record /home/sex/Synapse/ai_robot_ws/build/ai_robot_hardware_drivers/install.log --single-version-externally-managed install_data
